<?xml version="1.0" encoding="UTF-8"?>
<testsuite xmlns:xsi="http://www.w3.org/2001/XMLSchema-instance" xsi:noNamespaceSchemaLocation="https://maven.apache.org/surefire/maven-failsafe-plugin/xsd/failsafe-test-report-3.0.xsd" version="3.0" name="starter.CucumberTestSuite" time="39.42" tests="3" errors="0" skipped="0" failures="0">
  <properties>
[...]
</properties>
  <testcase name="as user i want to choose product and add product to cart" classname="As a user i have choose product so that i can order product" time="14.1">
    <system-out><![CDATA[15:27:51.206 [main] DEBUG net.thucydides.core.guice.Injectors - Created injector for module net.thucydides.core.guice.ThucydidesModule
15:27:51.633 [main] DEBUG io.cucumber.core.plugin.SerenityReporter - Running feature from file:///D:/D/QE_Alta/MiniProject/Web/Pilih-Beli-Produk/src/test/resources/features/PilihProduk.feature
15:27:51.894 [main] DEBUG net.thucydides.core.guice.Injectors - Created injector for module net.thucydides.core.guice.webdriver.WebDriverModule
15:27:51.964 [main] INFO  - 

-------------------------------------------------------------------------------------
     _______. _______ .______       _______ .__   __.  __  .___________.____    ____ 
    /       ||   ____||   _  \     |   ____||  \ |  | |  | |           |\   \  /   / 
   |   (----`|  |__   |  |_)  |    |  |__   |   \|  | |  | `---|  |----` \   \/   /  
    \   \    |   __|  |      /     |   __|  |  . `  | |  |     |  |       \_    _/   
.----)   |   |  |____ |  |\  \----.|  |____ |  |\   | |  |     |  |         |  |     
|_______/    |_______|| _| `._____||_______||__| \__| |__|     |__|         |__|    
                                                                                     
 News and tutorials at http://www.serenity-bdd.info                                  
 Documentation at https://wakaleo.gitbooks.io/the-serenity-book/content/             
 Join the Serenity Community on Gitter: https://gitter.im/serenity-bdd/serenity-core 
 Serenity BDD Support and Training at http://serenity-bdd.info/#/trainingandsupport  
-------------------------------------------------------------------------------------

15:27:51.968 [main] DEBUG net.thucydides.core.steps.StepEventBus - Test suite started for story net.thucydides.core.model.Story@5e3b7cfb
15:27:51.970 [main] INFO  - Test Suite Started: As a user i have choose product so that i can order product
15:27:51.992 [main] DEBUG io.cucumber.core.plugin.SerenityReporter - Running feature from file:///D:/D/QE_Alta/MiniProject/Web/Pilih-Beli-Produk/src/test/resources/features/PilihProduk.feature
15:27:51.996 [main] DEBUG net.thucydides.core.steps.StepEventBus - Test suite started for story net.thucydides.core.model.Story@5e3b7cfb
15:27:51.997 [main] INFO  - Test Suite Started: As a user i have choose product so that i can order product

@TestCaseMPAAAC-14
Scenario: as user i want to choose product and add product to cart &amp#27;[90m# src/test/resources/features/PilihProduk.feature:4&amp#27;[0m
15:27:52.161 [main] DEBUG io.cucumber.core.plugin.SerenityReporter - Running feature from file:///D:/D/QE_Alta/MiniProject/Web/Pilih-Beli-Produk/src/test/resources/features/PilihProduk.feature
15:27:52.384 [main] INFO  - 
  _____   ___   ___   _____     ___   _____     _     ___   _____   ___   ___  
 |_   _| | __| / __| |_   _|   / __| |_   _|   /_\   | _ \ |_   _| | __| |   \ 
   | |   | _|  \__ \   | |     \__ \   | |    / _ \  |   /   | |   | _|  | |) |
   |_|   |___| |___/   |_|     |___/   |_|   /_/ \_\ |_|_\   |_|   |___| |___/ 

as user i want to choose product and add product to cart(as-a-user-i-have-choose-product-so-that-i-can-order-product;as-user-i-want-to-choose-product-and-add-product-to-cart)
--------------------------------------------------------------------------------
15:27:52.457 [main] DEBUG net.thucydides.core.requirements.model.cucumber.CucumberParser - Loading feature D:\D\QE_Alta\MiniProject\Web\Pilih-Beli-Produk\src\test\resources\features\PilihProduk.feature
15:27:53.504 [main] DEBUG net.thucydides.core.steps.StepInterceptor - STARTING STEP: LoginSteps.userOnLoginPage - onLoginPage
15:27:53.553 [main] INFO net.serenitybdd.core.webdriver.driverproviders.DriverProvider - Using WebDriverManager configuration for chrome
15:27:54.703 [main] DEBUG io.github.bonigarcia.wdm.cache.ResolutionCache - Resolution chrome=112 in cache (valid until 16:24:00 08/05/2023 ICT)
15:27:54.705 [main] DEBUG io.github.bonigarcia.wdm.cache.ResolutionCache - Resolution chrome112=112.0.5615.49 in cache (valid until 14:13:59 09/05/2023 ICT)
15:27:54.706 [main] INFO io.github.bonigarcia.wdm.WebDriverManager - Using chromedriver 112.0.5615.49 (resolved driver for Chrome 112)
15:27:54.729 [main] DEBUG io.github.bonigarcia.wdm.WebDriverManager - Driver chromedriver 112.0.5615.49 found in cache
15:27:54.730 [main] INFO io.github.bonigarcia.wdm.WebDriverManager - Exporting webdriver.chrome.driver as C:\Users\ADW User ACR\.cache\selenium\chromedriver\win32\112.0.5615.49\chromedriver.exe
15:27:54.849 [main] INFO net.serenitybdd.core.webdriver.driverproviders.ChromeDriverProvider - Starting Chrome driver instance with capabilities:
15:27:54.854 [main] INFO net.serenitybdd.core.webdriver.driverproviders.ChromeDriverProvider - Capabilities {acceptInsecureCerts: true, browserName: chrome, goog:chromeOptions: {args: [remote-allow-origins=*, test-type, no-sandbox, ignore-certificate-errors, start-maximized, incognito, disable-infobars, disable-gpu, disable-default-apps, disable-popup-blocking, remote-allow-origins=*, test-type, no-sandbox, ignore-certificate-errors, start-maximized, incognito, disable-infobars, disable-gpu, disable-default-apps, disable-popup-blocking, remote-allow-origins=*], extensions: []}}
15:27:54.981 [main] DEBUG io.netty.util.internal.logging.InternalLoggerFactory - Using SLF4J as the default logging framework
15:27:54.987 [main] DEBUG io.netty.util.ResourceLeakDetector - -Dio.netty.leakDetection.level: simple
15:27:54.987 [main] DEBUG io.netty.util.ResourceLeakDetector - -Dio.netty.leakDetection.targetRecords: 4
15:27:54.993 [main] DEBUG io.netty.util.ResourceLeakDetectorFactory - Loaded default ResourceLeakDetector: io.netty.util.ResourceLeakDetector@ba17be6
15:27:55.026 [main] DEBUG io.netty.util.internal.PlatformDependent0 - -Dio.netty.noUnsafe: false
15:27:55.026 [main] DEBUG io.netty.util.internal.PlatformDependent0 - Java version: 8
15:27:55.027 [main] DEBUG io.netty.util.internal.PlatformDependent0 - sun.misc.Unsafe.theUnsafe: available
15:27:55.028 [main] DEBUG io.netty.util.internal.PlatformDependent0 - sun.misc.Unsafe.copyMemory: available
15:27:55.029 [main] DEBUG io.netty.util.internal.PlatformDependent0 - sun.misc.Unsafe.storeFence: available
15:27:55.030 [main] DEBUG io.netty.util.internal.PlatformDependent0 - java.nio.Buffer.address: available
15:27:55.031 [main] DEBUG io.netty.util.internal.PlatformDependent0 - direct buffer constructor: available
15:27:55.032 [main] DEBUG io.netty.util.internal.PlatformDependent0 - java.nio.Bits.unaligned: available, true
15:27:55.032 [main] DEBUG io.netty.util.internal.PlatformDependent0 - jdk.internal.misc.Unsafe.allocateUninitializedArray(int): unavailable prior to Java9
15:27:55.032 [main] DEBUG io.netty.util.internal.PlatformDependent0 - java.nio.DirectByteBuffer.<init>(long, int): available
15:27:55.032 [main] DEBUG io.netty.util.internal.PlatformDependent - sun.misc.Unsafe: available
15:27:55.033 [main] DEBUG io.netty.util.internal.PlatformDependent - -Dio.netty.tmpdir: C:\Users\ADWUSE~1\AppData\Local\Temp (java.io.tmpdir)
15:27:55.033 [main] DEBUG io.netty.util.internal.PlatformDependent - -Dio.netty.bitMode: 64 (sun.arch.data.model)
15:27:55.034 [main] DEBUG io.netty.util.internal.PlatformDependent - Platform: Windows
15:27:55.035 [main] DEBUG io.netty.util.internal.PlatformDependent - -Dio.netty.maxDirectMemory: 1840250880 bytes
15:27:55.047 [main] DEBUG io.netty.util.internal.PlatformDependent - -Dio.netty.uninitializedArrayAllocationThreshold: -1
15:27:55.054 [main] DEBUG io.netty.util.internal.CleanerJava6 - java.nio.ByteBuffer.cleaner(): available
15:27:55.055 [main] DEBUG io.netty.util.internal.PlatformDependent - -Dio.netty.noPreferDirect: false
15:27:55.069 [main] DEBUG io.netty.util.internal.PlatformDependent - org.jctools-core.MpscChunkedArrayQueue: available
15:27:55.104 [main] DEBUG io.netty.util.internal.InternalThreadLocalMap - -Dio.netty.threadLocalMap.stringBuilder.initialSize: 1024
15:27:55.105 [main] DEBUG io.netty.util.internal.InternalThreadLocalMap - -Dio.netty.threadLocalMap.stringBuilder.maxSize: 4096
15:27:55.163 [main] DEBUG io.netty.handler.ssl.JdkSslContext - Default protocols (JDK): [TLSv1.2, TLSv1.1, TLSv1] 
15:27:55.164 [main] DEBUG io.netty.handler.ssl.JdkSslContext - Default cipher suites (JDK): [TLS_ECDHE_ECDSA_WITH_AES_256_GCM_SHA384, TLS_ECDHE_ECDSA_WITH_AES_128_GCM_SHA256, TLS_ECDHE_RSA_WITH_AES_128_GCM_SHA256, TLS_ECDHE_RSA_WITH_AES_256_GCM_SHA384, TLS_ECDHE_RSA_WITH_AES_128_CBC_SHA, TLS_ECDHE_RSA_WITH_AES_256_CBC_SHA, TLS_RSA_WITH_AES_128_GCM_SHA256, TLS_RSA_WITH_AES_128_CBC_SHA, TLS_RSA_WITH_AES_256_CBC_SHA]
15:27:55.207 [main] DEBUG io.netty.channel.MultithreadEventLoopGroup - -Dio.netty.eventLoopThreads: 8
15:27:55.219 [main] DEBUG io.netty.channel.nio.NioEventLoop - -Dio.netty.noKeySetOptimization: false
15:27:55.220 [main] DEBUG io.netty.channel.nio.NioEventLoop - -Dio.netty.selectorAutoRebuildThreshold: 512
15:27:55.363 [main] DEBUG io.netty.buffer.PooledByteBufAllocator - -Dio.netty.allocator.numHeapArenas: 8
15:27:55.363 [main] DEBUG io.netty.buffer.PooledByteBufAllocator - -Dio.netty.allocator.numDirectArenas: 8
15:27:55.363 [main] DEBUG io.netty.buffer.PooledByteBufAllocator - -Dio.netty.allocator.pageSize: 8192
15:27:55.363 [main] DEBUG io.netty.buffer.PooledByteBufAllocator - -Dio.netty.allocator.maxOrder: 9
15:27:55.363 [main] DEBUG io.netty.buffer.PooledByteBufAllocator - -Dio.netty.allocator.chunkSize: 4194304
15:27:55.363 [main] DEBUG io.netty.buffer.PooledByteBufAllocator - -Dio.netty.allocator.smallCacheSize: 256
15:27:55.364 [main] DEBUG io.netty.buffer.PooledByteBufAllocator - -Dio.netty.allocator.normalCacheSize: 64
15:27:55.364 [main] DEBUG io.netty.buffer.PooledByteBufAllocator - -Dio.netty.allocator.maxCachedBufferCapacity: 32768
15:27:55.364 [main] DEBUG io.netty.buffer.PooledByteBufAllocator - -Dio.netty.allocator.cacheTrimInterval: 8192
15:27:55.364 [main] DEBUG io.netty.buffer.PooledByteBufAllocator - -Dio.netty.allocator.cacheTrimIntervalMillis: 0
15:27:55.364 [main] DEBUG io.netty.buffer.PooledByteBufAllocator - -Dio.netty.allocator.useCacheForAllThreads: false
15:27:55.365 [main] DEBUG io.netty.buffer.PooledByteBufAllocator - -Dio.netty.allocator.maxCachedByteBuffersPerChunk: 1023
15:27:55.381 [main] DEBUG io.netty.buffer.ByteBufUtil - -Dio.netty.allocator.type: pooled
15:27:55.382 [main] DEBUG io.netty.buffer.ByteBufUtil - -Dio.netty.threadLocalDirectBufferSize: 0
15:27:55.382 [main] DEBUG io.netty.buffer.ByteBufUtil - -Dio.netty.maxThreadLocalCharBufferSize: 16384
15:27:56.376 [Forwarding newSession on session null to remote] DEBUG io.netty.channel.DefaultChannelId - -Dio.netty.processId: 12448 (auto-detected)
15:27:56.379 [Forwarding newSession on session null to remote] DEBUG io.netty.util.NetUtil - -Djava.net.preferIPv4Stack: false
15:27:56.379 [Forwarding newSession on session null to remote] DEBUG io.netty.util.NetUtil - -Djava.net.preferIPv6Addresses: false
15:27:56.778 [Forwarding newSession on session null to remote] DEBUG io.netty.util.NetUtilInitializations - Loopback interface: lo (Software Loopback Interface 1, 127.0.0.1)
15:27:56.780 [Forwarding newSession on session null to remote] DEBUG io.netty.util.NetUtil - Failed to get SOMAXCONN from sysctl and file \proc\sys\net\core\somaxconn. Default: 200
15:27:56.811 [Forwarding newSession on session null to remote] DEBUG io.netty.channel.DefaultChannelId - -Dio.netty.machineId: a4:02:b9:ff:fe:26:7f:1e (auto-detected)
15:27:56.897 [AsyncHttpClient-1-2] DEBUG io.netty.buffer.AbstractByteBuf - -Dio.netty.buffer.checkAccessible: true
15:27:56.897 [AsyncHttpClient-1-2] DEBUG io.netty.buffer.AbstractByteBuf - -Dio.netty.buffer.checkBounds: true
15:27:56.897 [AsyncHttpClient-1-2] DEBUG io.netty.util.ResourceLeakDetectorFactory - Loaded default ResourceLeakDetector: io.netty.util.ResourceLeakDetector@5e241e5
15:27:56.920 [AsyncHttpClient-1-2] DEBUG org.asynchttpclient.netty.channel.NettyConnectListener - Using new Channel '[id: 0xcca9817e, L:/127.0.0.1:54697 - R:localhost/127.0.0.1:42126]' for 'POST' to '/session'
15:27:56.955 [AsyncHttpClient-1-2] DEBUG io.netty.util.Recycler - -Dio.netty.recycler.maxCapacityPerThread: 4096
15:27:56.955 [AsyncHttpClient-1-2] DEBUG io.netty.util.Recycler - -Dio.netty.recycler.ratio: 8
15:27:56.955 [AsyncHttpClient-1-2] DEBUG io.netty.util.Recycler - -Dio.netty.recycler.chunkSize: 32
15:27:56.956 [AsyncHttpClient-1-2] DEBUG io.netty.util.Recycler - -Dio.netty.recycler.blocking: false
15:27:58.590 [AsyncHttpClient-1-2] DEBUG io.netty.handler.codec.compression.Brotli - brotli4j not in the classpath; Brotli support will be unavailable.
15:27:58.590 [AsyncHttpClient-1-2] DEBUG org.asynchttpclient.netty.handler.HttpHandler - 

Request DefaultHttpRequest(decodeResult: success, version: HTTP/1.1)
POST /session HTTP/1.1
User-Agent: selenium/4.8.1 (java windows)
Content-Length: 1701
Content-Type: application/json; charset=utf-8
host: localhost:42126
accept: */*

Response DefaultHttpResponse(decodeResult: success, version: HTTP/1.1)
HTTP/1.1 200 OK
Content-Length: 860
Content-Type: application/json; charset=utf-8
cache-control: no-cache

15:27:58.610 [AsyncHttpClient-1-2] DEBUG org.asynchttpclient.netty.channel.ChannelManager - Adding key: http://localhost:42126 for channel [id: 0xcca9817e, L:/127.0.0.1:54697 - R:localhost/127.0.0.1:42126]
15:27:58.868 [AsyncHttpClient-1-3] DEBUG org.asynchttpclient.netty.channel.NettyConnectListener - Using new Channel '[id: 0x6523dd0c, L:/127.0.0.1:54706 - R:localhost/127.0.0.1:54698]' for 'GET' to '/json/version'
15:27:58.873 [AsyncHttpClient-1-3] DEBUG org.asynchttpclient.netty.handler.HttpHandler - 

Request DefaultFullHttpRequest(decodeResult: success, version: HTTP/1.1, content: EmptyByteBufBE)
GET /json/version HTTP/1.1
User-Agent: selenium/4.8.1 (java windows)
host: localhost:54698
accept: */*

Response DefaultHttpResponse(decodeResult: success, version: HTTP/1.1)
HTTP/1.1 200 OK
Content-Security-Policy: frame-ancestors 'none'
Content-Length: 424
Content-Type: application/json; charset=UTF-8

15:27:58.874 [AsyncHttpClient-1-3] DEBUG org.asynchttpclient.netty.channel.ChannelManager - Adding key: http://localhost:54698 for channel [id: 0x6523dd0c, L:/127.0.0.1:54706 - R:localhost/127.0.0.1:54698]
15:27:58.893 [main] DEBUG io.netty.util.internal.ThreadLocalRandom - -Dio.netty.initialSeedUniquifier: 0x679d8462945ed88a
15:27:58.901 [AsyncHttpClient-1-4] DEBUG org.asynchttpclient.netty.channel.NettyConnectListener - Using new Channel '[id: 0x112c57cb, L:/127.0.0.1:54707 - R:localhost/127.0.0.1:54698]' for 'GET' to '/devtools/browser/de83036e-36f5-49c2-8759-812589c8c018'
15:27:58.904 [AsyncHttpClient-1-4] DEBUG org.asynchttpclient.netty.handler.WebSocketHandler - 

Request DefaultFullHttpRequest(decodeResult: success, version: HTTP/1.1, content: EmptyByteBufBE)
GET /devtools/browser/de83036e-36f5-49c2-8759-812589c8c018 HTTP/1.1
upgrade: websocket
connection: upgrade
sec-websocket-key: scBAtBNgzMHsSgbwq1wlNw==
sec-websocket-version: 13
origin: http://localhost:54698
host: localhost:54698
accept: */*
user-agent: AHC/2.1

Response DefaultHttpResponse(decodeResult: success, version: HTTP/1.1)
HTTP/1.1 101 WebSocket Protocol Handshake
Upgrade: WebSocket
Connection: Upgrade
Sec-WebSocket-Accept: cddY/8Gr7q1nqjgH5s4w/0CDmPk=

15:27:59.112 [Forwarding get on session 86b7b2901531514b56c6398d5a87e31b to remote] DEBUG org.asynchttpclient.netty.request.NettyRequestSender - Using pooled Channel '[id: 0xcca9817e, L:/127.0.0.1:54697 - R:localhost/127.0.0.1:42126]' for 'POST' to 'http://localhost:42126/session/86b7b2901531514b56c6398d5a87e31b/url'
15:27:59.113 [Forwarding get on session 86b7b2901531514b56c6398d5a87e31b to remote] DEBUG org.asynchttpclient.netty.request.NettyRequestSender - Using open Channel [id: 0xcca9817e, L:/127.0.0.1:54697 - R:localhost/127.0.0.1:42126] for POST '/session/86b7b2901531514b56c6398d5a87e31b/url'
15:27:59.479 [AsyncHttpClient-1-1] DEBUG org.asynchttpclient.netty.channel.DefaultChannelPool - Entry count for : http://localhost:54698 : 1
15:28:00.584 [AsyncHttpClient-1-1] DEBUG org.asynchttpclient.netty.channel.DefaultChannelPool - Entry count for : http://localhost:54698 : 1
15:28:00.778 [AsyncHttpClient-1-2] DEBUG org.asynchttpclient.netty.handler.HttpHandler - 

Request DefaultHttpRequest(decodeResult: success, version: HTTP/1.1)
POST /session/86b7b2901531514b56c6398d5a87e31b/url HTTP/1.1
User-Agent: selenium/4.8.1 (java windows)
Content-Length: 74
Content-Type: application/json; charset=utf-8
host: localhost:42126
accept: */*

Response DefaultHttpResponse(decodeResult: success, version: HTTP/1.1)
HTTP/1.1 200 OK
Content-Length: 14
Content-Type: application/json; charset=utf-8
cache-control: no-cache

15:28:00.778 [AsyncHttpClient-1-2] DEBUG org.asynchttpclient.netty.channel.ChannelManager - Adding key: http://localhost:42126 for channel [id: 0xcca9817e, L:/127.0.0.1:54697 - R:localhost/127.0.0.1:42126]
15:28:00.788 [Forwarding setTimeout on session 86b7b2901531514b56c6398d5a87e31b to remote] DEBUG org.asynchttpclient.netty.request.NettyRequestSender - Using pooled Channel '[id: 0xcca9817e, L:/127.0.0.1:54697 - R:localhost/127.0.0.1:42126]' for 'POST' to 'http://localhost:42126/session/86b7b2901531514b56c6398d5a87e31b/timeouts'
15:28:00.789 [Forwarding setTimeout on session 86b7b2901531514b56c6398d5a87e31b to remote] DEBUG org.asynchttpclient.netty.request.NettyRequestSender - Using open Channel [id: 0xcca9817e, L:/127.0.0.1:54697 - R:localhost/127.0.0.1:42126] for POST '/session/86b7b2901531514b56c6398d5a87e31b/timeouts'
15:28:00.790 [AsyncHttpClient-1-2] DEBUG org.asynchttpclient.netty.handler.HttpHandler - 

Request DefaultHttpRequest(decodeResult: success, version: HTTP/1.1)
POST /session/86b7b2901531514b56c6398d5a87e31b/timeouts HTTP/1.1
User-Agent: selenium/4.8.1 (java windows)
Content-Length: 22
Content-Type: application/json; charset=utf-8
host: localhost:42126
accept: */*

Response DefaultHttpResponse(decodeResult: success, version: HTTP/1.1)
HTTP/1.1 200 OK
Content-Length: 14
Content-Type: application/json; charset=utf-8
cache-control: no-cache

15:28:00.791 [AsyncHttpClient-1-2] DEBUG org.asynchttpclient.netty.channel.ChannelManager - Adding key: http://localhost:42126 for channel [id: 0xcca9817e, L:/127.0.0.1:54697 - R:localhost/127.0.0.1:42126]
15:28:00.814 [Forwarding findElement on session 86b7b2901531514b56c6398d5a87e31b to remote] DEBUG org.asynchttpclient.netty.request.NettyRequestSender - Using pooled Channel '[id: 0xcca9817e, L:/127.0.0.1:54697 - R:localhost/127.0.0.1:42126]' for 'POST' to 'http://localhost:42126/session/86b7b2901531514b56c6398d5a87e31b/element'
15:28:00.814 [Forwarding findElement on session 86b7b2901531514b56c6398d5a87e31b to remote] DEBUG org.asynchttpclient.netty.request.NettyRequestSender - Using open Channel [id: 0xcca9817e, L:/127.0.0.1:54697 - R:localhost/127.0.0.1:42126] for POST '/session/86b7b2901531514b56c6398d5a87e31b/element'
15:28:00.830 [AsyncHttpClient-1-2] DEBUG org.asynchttpclient.netty.handler.HttpHandler - 

Request DefaultHttpRequest(decodeResult: success, version: HTTP/1.1)
POST /session/86b7b2901531514b56c6398d5a87e31b/element HTTP/1.1
User-Agent: selenium/4.8.1 (java windows)
Content-Length: 69
Content-Type: application/json; charset=utf-8
host: localhost:42126
accept: */*

Response DefaultHttpResponse(decodeResult: success, version: HTTP/1.1)
HTTP/1.1 200 OK
Content-Length: 88
Content-Type: application/json; charset=utf-8
cache-control: no-cache

15:28:00.830 [AsyncHttpClient-1-2] DEBUG org.asynchttpclient.netty.channel.ChannelManager - Adding key: http://localhost:42126 for channel [id: 0xcca9817e, L:/127.0.0.1:54697 - R:localhost/127.0.0.1:42126]
15:28:00.856 [Forwarding isElementDisplayed on session 86b7b2901531514b56c6398d5a87e31b to remote] DEBUG org.asynchttpclient.netty.request.NettyRequestSender - Using pooled Channel '[id: 0xcca9817e, L:/127.0.0.1:54697 - R:localhost/127.0.0.1:42126]' for 'POST' to 'http://localhost:42126/session/86b7b2901531514b56c6398d5a87e31b/execute/sync'
15:28:00.857 [Forwarding isElementDisplayed on session 86b7b2901531514b56c6398d5a87e31b to remote] DEBUG org.asynchttpclient.netty.request.NettyRequestSender - Using open Channel [id: 0xcca9817e, L:/127.0.0.1:54697 - R:localhost/127.0.0.1:42126] for POST '/session/86b7b2901531514b56c6398d5a87e31b/execute/sync'
15:28:00.876 [AsyncHttpClient-1-2] DEBUG org.asynchttpclient.netty.handler.HttpHandler - 

Request DefaultHttpRequest(decodeResult: success, version: HTTP/1.1)
POST /session/86b7b2901531514b56c6398d5a87e31b/execute/sync HTTP/1.1
User-Agent: selenium/4.8.1 (java windows)
Content-Length: 48807
Content-Type: application/json; charset=utf-8
host: localhost:42126
accept: */*

Response DefaultHttpResponse(decodeResult: success, version: HTTP/1.1)
HTTP/1.1 200 OK
Content-Length: 14
Content-Type: application/json; charset=utf-8
cache-control: no-cache

15:28:00.876 [AsyncHttpClient-1-2] DEBUG org.asynchttpclient.netty.channel.ChannelManager - Adding key: http://localhost:42126 for channel [id: 0xcca9817e, L:/127.0.0.1:54697 - R:localhost/127.0.0.1:42126]
15:28:00.883 [Forwarding isElementDisplayed on session 86b7b2901531514b56c6398d5a87e31b to remote] DEBUG org.asynchttpclient.netty.request.NettyRequestSender - Using pooled Channel '[id: 0xcca9817e, L:/127.0.0.1:54697 - R:localhost/127.0.0.1:42126]' for 'POST' to 'http://localhost:42126/session/86b7b2901531514b56c6398d5a87e31b/execute/sync'
15:28:00.883 [Forwarding isElementDisplayed on session 86b7b2901531514b56c6398d5a87e31b to remote] DEBUG org.asynchttpclient.netty.request.NettyRequestSender - Using open Channel [id: 0xcca9817e, L:/127.0.0.1:54697 - R:localhost/127.0.0.1:42126] for POST '/session/86b7b2901531514b56c6398d5a87e31b/execute/sync'
15:28:00.898 [AsyncHttpClient-1-2] DEBUG org.asynchttpclient.netty.handler.HttpHandler - 

Request DefaultHttpRequest(decodeResult: success, version: HTTP/1.1)
POST /session/86b7b2901531514b56c6398d5a87e31b/execute/sync HTTP/1.1
User-Agent: selenium/4.8.1 (java windows)
Content-Length: 48807
Content-Type: application/json; charset=utf-8
host: localhost:42126
accept: */*

Response DefaultHttpResponse(decodeResult: success, version: HTTP/1.1)
HTTP/1.1 200 OK
Content-Length: 14
Content-Type: application/json; charset=utf-8
cache-control: no-cache

15:28:00.898 [AsyncHttpClient-1-2] DEBUG org.asynchttpclient.netty.channel.ChannelManager - Adding key: http://localhost:42126 for channel [id: 0xcca9817e, L:/127.0.0.1:54697 - R:localhost/127.0.0.1:42126]
15:28:00.918 [main] DEBUG net.thucydides.core.steps.StepInterceptor - STEP DONE: onLoginPage
  &amp#27;[32mGiven &amp#27;[0m&amp#27;[32muser on login page&amp#27;[0m                                         &amp#27;[90m# starter.stepdefinitions.LoginSteps.userOnLoginPage()&amp#27;[0m
15:28:00.938 [main] DEBUG net.thucydides.core.steps.StepInterceptor - STARTING STEP: LoginSteps.userInputValidEmail - inputEmail
15:28:00.948 [Forwarding findElement on session 86b7b2901531514b56c6398d5a87e31b to remote] DEBUG org.asynchttpclient.netty.request.NettyRequestSender - Using pooled Channel '[id: 0xcca9817e, L:/127.0.0.1:54697 - R:localhost/127.0.0.1:42126]' for 'POST' to 'http://localhost:42126/session/86b7b2901531514b56c6398d5a87e31b/element'
15:28:00.948 [Forwarding findElement on session 86b7b2901531514b56c6398d5a87e31b to remote] DEBUG org.asynchttpclient.netty.request.NettyRequestSender - Using open Channel [id: 0xcca9817e, L:/127.0.0.1:54697 - R:localhost/127.0.0.1:42126] for POST '/session/86b7b2901531514b56c6398d5a87e31b/element'
15:28:00.961 [AsyncHttpClient-1-2] DEBUG org.asynchttpclient.netty.handler.HttpHandler - 

Request DefaultHttpRequest(decodeResult: success, version: HTTP/1.1)
POST /session/86b7b2901531514b56c6398d5a87e31b/element HTTP/1.1
User-Agent: selenium/4.8.1 (java windows)
Content-Length: 55
Content-Type: application/json; charset=utf-8
host: localhost:42126
accept: */*

Response DefaultHttpResponse(decodeResult: success, version: HTTP/1.1)
HTTP/1.1 200 OK
Content-Length: 88
Content-Type: application/json; charset=utf-8
cache-control: no-cache

15:28:00.961 [AsyncHttpClient-1-2] DEBUG org.asynchttpclient.netty.channel.ChannelManager - Adding key: http://localhost:42126 for channel [id: 0xcca9817e, L:/127.0.0.1:54697 - R:localhost/127.0.0.1:42126]
15:28:00.965 [Forwarding clearElement on session 86b7b2901531514b56c6398d5a87e31b to remote] DEBUG org.asynchttpclient.netty.request.NettyRequestSender - Using pooled Channel '[id: 0xcca9817e, L:/127.0.0.1:54697 - R:localhost/127.0.0.1:42126]' for 'POST' to 'http://localhost:42126/session/86b7b2901531514b56c6398d5a87e31b/element/9510ba2a-a30e-47cd-8b57-3d4c59e7ac4f/clear'
15:28:00.965 [Forwarding clearElement on session 86b7b2901531514b56c6398d5a87e31b to remote] DEBUG org.asynchttpclient.netty.request.NettyRequestSender - Using open Channel [id: 0xcca9817e, L:/127.0.0.1:54697 - R:localhost/127.0.0.1:42126] for POST '/session/86b7b2901531514b56c6398d5a87e31b/element/9510ba2a-a30e-47cd-8b57-3d4c59e7ac4f/clear'
15:28:01.005 [AsyncHttpClient-1-2] DEBUG org.asynchttpclient.netty.handler.HttpHandler - 

Request DefaultHttpRequest(decodeResult: success, version: HTTP/1.1)
POST /session/86b7b2901531514b56c6398d5a87e31b/element/9510ba2a-a30e-47cd-8b57-3d4c59e7ac4f/clear HTTP/1.1
User-Agent: selenium/4.8.1 (java windows)
Content-Length: 50
Content-Type: application/json; charset=utf-8
host: localhost:42126
accept: */*

Response DefaultHttpResponse(decodeResult: success, version: HTTP/1.1)
HTTP/1.1 200 OK
Content-Length: 14
Content-Type: application/json; charset=utf-8
cache-control: no-cache

15:28:01.006 [AsyncHttpClient-1-2] DEBUG org.asynchttpclient.netty.channel.ChannelManager - Adding key: http://localhost:42126 for channel [id: 0xcca9817e, L:/127.0.0.1:54697 - R:localhost/127.0.0.1:42126]
15:28:01.011 [Forwarding sendKeysToElement on session 86b7b2901531514b56c6398d5a87e31b to remote] DEBUG org.asynchttpclient.netty.request.NettyRequestSender - Using pooled Channel '[id: 0xcca9817e, L:/127.0.0.1:54697 - R:localhost/127.0.0.1:42126]' for 'POST' to 'http://localhost:42126/session/86b7b2901531514b56c6398d5a87e31b/element/9510ba2a-a30e-47cd-8b57-3d4c59e7ac4f/value'
15:28:01.011 [Forwarding sendKeysToElement on session 86b7b2901531514b56c6398d5a87e31b to remote] DEBUG org.asynchttpclient.netty.request.NettyRequestSender - Using open Channel [id: 0xcca9817e, L:/127.0.0.1:54697 - R:localhost/127.0.0.1:42126] for POST '/session/86b7b2901531514b56c6398d5a87e31b/element/9510ba2a-a30e-47cd-8b57-3d4c59e7ac4f/value'
15:28:01.146 [AsyncHttpClient-1-2] DEBUG org.asynchttpclient.netty.handler.HttpHandler - 

Request DefaultHttpRequest(decodeResult: success, version: HTTP/1.1)
POST /session/86b7b2901531514b56c6398d5a87e31b/element/9510ba2a-a30e-47cd-8b57-3d4c59e7ac4f/value HTTP/1.1
User-Agent: selenium/4.8.1 (java windows)
Content-Length: 231
Content-Type: application/json; charset=utf-8
host: localhost:42126
accept: */*

Response DefaultHttpResponse(decodeResult: success, version: HTTP/1.1)
HTTP/1.1 200 OK
Content-Length: 14
Content-Type: application/json; charset=utf-8
cache-control: no-cache

15:28:01.146 [AsyncHttpClient-1-2] DEBUG org.asynchttpclient.netty.channel.ChannelManager - Adding key: http://localhost:42126 for channel [id: 0xcca9817e, L:/127.0.0.1:54697 - R:localhost/127.0.0.1:42126]
15:28:01.156 [main] DEBUG net.thucydides.core.steps.StepInterceptor - STEP DONE: inputEmail
  &amp#27;[32mWhen &amp#27;[0m&amp#27;[32muser input valid email&amp#27;[0m                                      &amp#27;[90m# starter.stepdefinitions.LoginSteps.userInputValidEmail()&amp#27;[0m
15:28:01.171 [main] DEBUG net.thucydides.core.steps.StepInterceptor - STARTING STEP: LoginSteps.userInputValidPassword - inputPassword
15:28:01.177 [Forwarding findElement on session 86b7b2901531514b56c6398d5a87e31b to remote] DEBUG org.asynchttpclient.netty.request.NettyRequestSender - Using pooled Channel '[id: 0xcca9817e, L:/127.0.0.1:54697 - R:localhost/127.0.0.1:42126]' for 'POST' to 'http://localhost:42126/session/86b7b2901531514b56c6398d5a87e31b/element'
15:28:01.177 [Forwarding findElement on session 86b7b2901531514b56c6398d5a87e31b to remote] DEBUG org.asynchttpclient.netty.request.NettyRequestSender - Using open Channel [id: 0xcca9817e, L:/127.0.0.1:54697 - R:localhost/127.0.0.1:42126] for POST '/session/86b7b2901531514b56c6398d5a87e31b/element'
15:28:01.193 [AsyncHttpClient-1-2] DEBUG org.asynchttpclient.netty.handler.HttpHandler - 

Request DefaultHttpRequest(decodeResult: success, version: HTTP/1.1)
POST /session/86b7b2901531514b56c6398d5a87e31b/element HTTP/1.1
User-Agent: selenium/4.8.1 (java windows)
Content-Length: 55
Content-Type: application/json; charset=utf-8
host: localhost:42126
accept: */*

Response DefaultHttpResponse(decodeResult: success, version: HTTP/1.1)
HTTP/1.1 200 OK
Content-Length: 88
Content-Type: application/json; charset=utf-8
cache-control: no-cache

15:28:01.193 [AsyncHttpClient-1-2] DEBUG org.asynchttpclient.netty.channel.ChannelManager - Adding key: http://localhost:42126 for channel [id: 0xcca9817e, L:/127.0.0.1:54697 - R:localhost/127.0.0.1:42126]
15:28:01.195 [Forwarding clearElement on session 86b7b2901531514b56c6398d5a87e31b to remote] DEBUG org.asynchttpclient.netty.request.NettyRequestSender - Using pooled Channel '[id: 0xcca9817e, L:/127.0.0.1:54697 - R:localhost/127.0.0.1:42126]' for 'POST' to 'http://localhost:42126/session/86b7b2901531514b56c6398d5a87e31b/element/be53203b-8359-42fb-b21d-5b420a07ae32/clear'
15:28:01.195 [Forwarding clearElement on session 86b7b2901531514b56c6398d5a87e31b to remote] DEBUG org.asynchttpclient.netty.request.NettyRequestSender - Using open Channel [id: 0xcca9817e, L:/127.0.0.1:54697 - R:localhost/127.0.0.1:42126] for POST '/session/86b7b2901531514b56c6398d5a87e31b/element/be53203b-8359-42fb-b21d-5b420a07ae32/clear'
15:28:01.233 [AsyncHttpClient-1-2] DEBUG org.asynchttpclient.netty.handler.HttpHandler - 

Request DefaultHttpRequest(decodeResult: success, version: HTTP/1.1)
POST /session/86b7b2901531514b56c6398d5a87e31b/element/be53203b-8359-42fb-b21d-5b420a07ae32/clear HTTP/1.1
User-Agent: selenium/4.8.1 (java windows)
Content-Length: 50
Content-Type: application/json; charset=utf-8
host: localhost:42126
accept: */*

Response DefaultHttpResponse(decodeResult: success, version: HTTP/1.1)
HTTP/1.1 200 OK
Content-Length: 14
Content-Type: application/json; charset=utf-8
cache-control: no-cache

15:28:01.233 [AsyncHttpClient-1-2] DEBUG org.asynchttpclient.netty.channel.ChannelManager - Adding key: http://localhost:42126 for channel [id: 0xcca9817e, L:/127.0.0.1:54697 - R:localhost/127.0.0.1:42126]
15:28:01.237 [Forwarding sendKeysToElement on session 86b7b2901531514b56c6398d5a87e31b to remote] DEBUG org.asynchttpclient.netty.request.NettyRequestSender - Using pooled Channel '[id: 0xcca9817e, L:/127.0.0.1:54697 - R:localhost/127.0.0.1:42126]' for 'POST' to 'http://localhost:42126/session/86b7b2901531514b56c6398d5a87e31b/element/be53203b-8359-42fb-b21d-5b420a07ae32/value'
15:28:01.237 [Forwarding sendKeysToElement on session 86b7b2901531514b56c6398d5a87e31b to remote] DEBUG org.asynchttpclient.netty.request.NettyRequestSender - Using open Channel [id: 0xcca9817e, L:/127.0.0.1:54697 - R:localhost/127.0.0.1:42126] for POST '/session/86b7b2901531514b56c6398d5a87e31b/element/be53203b-8359-42fb-b21d-5b420a07ae32/value'
15:28:01.377 [AsyncHttpClient-1-2] DEBUG org.asynchttpclient.netty.handler.HttpHandler - 

Request DefaultHttpRequest(decodeResult: success, version: HTTP/1.1)
POST /session/86b7b2901531514b56c6398d5a87e31b/element/be53203b-8359-42fb-b21d-5b420a07ae32/value HTTP/1.1
User-Agent: selenium/4.8.1 (java windows)
Content-Length: 131
Content-Type: application/json; charset=utf-8
host: localhost:42126
accept: */*

Response DefaultHttpResponse(decodeResult: success, version: HTTP/1.1)
HTTP/1.1 200 OK
Content-Length: 14
Content-Type: application/json; charset=utf-8
cache-control: no-cache

15:28:01.377 [AsyncHttpClient-1-2] DEBUG org.asynchttpclient.netty.channel.ChannelManager - Adding key: http://localhost:42126 for channel [id: 0xcca9817e, L:/127.0.0.1:54697 - R:localhost/127.0.0.1:42126]
15:28:01.387 [main] DEBUG net.thucydides.core.steps.StepInterceptor - STEP DONE: inputPassword
  &amp#27;[32mAnd &amp#27;[0m&amp#27;[32muser input valid password&amp#27;[0m                                    &amp#27;[90m# starter.stepdefinitions.LoginSteps.userInputValidPassword()&amp#27;[0m
15:28:01.405 [main] DEBUG net.thucydides.core.steps.StepInterceptor - STARTING STEP: LoginSteps.userClickLoginButton - ClickLoginBtn
15:28:01.419 [Forwarding findElement on session 86b7b2901531514b56c6398d5a87e31b to remote] DEBUG org.asynchttpclient.netty.request.NettyRequestSender - Using pooled Channel '[id: 0xcca9817e, L:/127.0.0.1:54697 - R:localhost/127.0.0.1:42126]' for 'POST' to 'http://localhost:42126/session/86b7b2901531514b56c6398d5a87e31b/element'
15:28:01.419 [Forwarding findElement on session 86b7b2901531514b56c6398d5a87e31b to remote] DEBUG org.asynchttpclient.netty.request.NettyRequestSender - Using open Channel [id: 0xcca9817e, L:/127.0.0.1:54697 - R:localhost/127.0.0.1:42126] for POST '/session/86b7b2901531514b56c6398d5a87e31b/element'
15:28:01.430 [AsyncHttpClient-1-2] DEBUG org.asynchttpclient.netty.handler.HttpHandler - 

Request DefaultHttpRequest(decodeResult: success, version: HTTP/1.1)
POST /session/86b7b2901531514b56c6398d5a87e31b/element HTTP/1.1
User-Agent: selenium/4.8.1 (java windows)
Content-Length: 69
Content-Type: application/json; charset=utf-8
host: localhost:42126
accept: */*

Response DefaultHttpResponse(decodeResult: success, version: HTTP/1.1)
HTTP/1.1 200 OK
Content-Length: 88
Content-Type: application/json; charset=utf-8
cache-control: no-cache

15:28:01.430 [AsyncHttpClient-1-2] DEBUG org.asynchttpclient.netty.channel.ChannelManager - Adding key: http://localhost:42126 for channel [id: 0xcca9817e, L:/127.0.0.1:54697 - R:localhost/127.0.0.1:42126]
15:28:01.432 [Forwarding getElementTagName on session 86b7b2901531514b56c6398d5a87e31b to remote] DEBUG org.asynchttpclient.netty.request.NettyRequestSender - Using pooled Channel '[id: 0xcca9817e, L:/127.0.0.1:54697 - R:localhost/127.0.0.1:42126]' for 'GET' to 'http://localhost:42126/session/86b7b2901531514b56c6398d5a87e31b/element/6c083967-9180-4bbb-9ed9-355c6d8f1f0e/name'
15:28:01.432 [Forwarding getElementTagName on session 86b7b2901531514b56c6398d5a87e31b to remote] DEBUG org.asynchttpclient.netty.request.NettyRequestSender - Using open Channel [id: 0xcca9817e, L:/127.0.0.1:54697 - R:localhost/127.0.0.1:42126] for GET '/session/86b7b2901531514b56c6398d5a87e31b/element/6c083967-9180-4bbb-9ed9-355c6d8f1f0e/name'
15:28:01.437 [AsyncHttpClient-1-2] DEBUG org.asynchttpclient.netty.handler.HttpHandler - 

Request DefaultFullHttpRequest(decodeResult: success, version: HTTP/1.1, content: EmptyByteBufBE)
GET /session/86b7b2901531514b56c6398d5a87e31b/element/6c083967-9180-4bbb-9ed9-355c6d8f1f0e/name HTTP/1.1
User-Agent: selenium/4.8.1 (java windows)
Cache-Control: no-cache
Content-Type: application/json; charset=utf-8
host: localhost:42126
accept: */*

Response DefaultHttpResponse(decodeResult: success, version: HTTP/1.1)
HTTP/1.1 200 OK
Content-Length: 16
Content-Type: application/json; charset=utf-8
cache-control: no-cache

15:28:01.437 [AsyncHttpClient-1-2] DEBUG org.asynchttpclient.netty.channel.ChannelManager - Adding key: http://localhost:42126 for channel [id: 0xcca9817e, L:/127.0.0.1:54697 - R:localhost/127.0.0.1:42126]
15:28:01.439 [Forwarding getElementTagName on session 86b7b2901531514b56c6398d5a87e31b to remote] DEBUG org.asynchttpclient.netty.request.NettyRequestSender - Using pooled Channel '[id: 0xcca9817e, L:/127.0.0.1:54697 - R:localhost/127.0.0.1:42126]' for 'GET' to 'http://localhost:42126/session/86b7b2901531514b56c6398d5a87e31b/element/6c083967-9180-4bbb-9ed9-355c6d8f1f0e/name'
15:28:01.440 [Forwarding getElementTagName on session 86b7b2901531514b56c6398d5a87e31b to remote] DEBUG org.asynchttpclient.netty.request.NettyRequestSender - Using open Channel [id: 0xcca9817e, L:/127.0.0.1:54697 - R:localhost/127.0.0.1:42126] for GET '/session/86b7b2901531514b56c6398d5a87e31b/element/6c083967-9180-4bbb-9ed9-355c6d8f1f0e/name'
15:28:01.448 [AsyncHttpClient-1-2] DEBUG org.asynchttpclient.netty.handler.HttpHandler - 

Request DefaultFullHttpRequest(decodeResult: success, version: HTTP/1.1, content: EmptyByteBufBE)
GET /session/86b7b2901531514b56c6398d5a87e31b/element/6c083967-9180-4bbb-9ed9-355c6d8f1f0e/name HTTP/1.1
User-Agent: selenium/4.8.1 (java windows)
Cache-Control: no-cache
Content-Type: application/json; charset=utf-8
host: localhost:42126
accept: */*

Response DefaultHttpResponse(decodeResult: success, version: HTTP/1.1)
HTTP/1.1 200 OK
Content-Length: 16
Content-Type: application/json; charset=utf-8
cache-control: no-cache

15:28:01.448 [AsyncHttpClient-1-2] DEBUG org.asynchttpclient.netty.channel.ChannelManager - Adding key: http://localhost:42126 for channel [id: 0xcca9817e, L:/127.0.0.1:54697 - R:localhost/127.0.0.1:42126]
15:28:01.451 [Forwarding findElement on session 86b7b2901531514b56c6398d5a87e31b to remote] DEBUG org.asynchttpclient.netty.request.NettyRequestSender - Using pooled Channel '[id: 0xcca9817e, L:/127.0.0.1:54697 - R:localhost/127.0.0.1:42126]' for 'POST' to 'http://localhost:42126/session/86b7b2901531514b56c6398d5a87e31b/element'
15:28:01.451 [Forwarding findElement on session 86b7b2901531514b56c6398d5a87e31b to remote] DEBUG org.asynchttpclient.netty.request.NettyRequestSender - Using open Channel [id: 0xcca9817e, L:/127.0.0.1:54697 - R:localhost/127.0.0.1:42126] for POST '/session/86b7b2901531514b56c6398d5a87e31b/element'
15:28:01.458 [AsyncHttpClient-1-2] DEBUG org.asynchttpclient.netty.handler.HttpHandler - 

Request DefaultHttpRequest(decodeResult: success, version: HTTP/1.1)
POST /session/86b7b2901531514b56c6398d5a87e31b/element HTTP/1.1
User-Agent: selenium/4.8.1 (java windows)
Content-Length: 69
Content-Type: application/json; charset=utf-8
host: localhost:42126
accept: */*

Response DefaultHttpResponse(decodeResult: success, version: HTTP/1.1)
HTTP/1.1 200 OK
Content-Length: 88
Content-Type: application/json; charset=utf-8
cache-control: no-cache

15:28:01.459 [AsyncHttpClient-1-2] DEBUG org.asynchttpclient.netty.channel.ChannelManager - Adding key: http://localhost:42126 for channel [id: 0xcca9817e, L:/127.0.0.1:54697 - R:localhost/127.0.0.1:42126]
15:28:01.460 [Forwarding clickElement on session 86b7b2901531514b56c6398d5a87e31b to remote] DEBUG org.asynchttpclient.netty.request.NettyRequestSender - Using pooled Channel '[id: 0xcca9817e, L:/127.0.0.1:54697 - R:localhost/127.0.0.1:42126]' for 'POST' to 'http://localhost:42126/session/86b7b2901531514b56c6398d5a87e31b/element/6c083967-9180-4bbb-9ed9-355c6d8f1f0e/click'
15:28:01.461 [Forwarding clickElement on session 86b7b2901531514b56c6398d5a87e31b to remote] DEBUG org.asynchttpclient.netty.request.NettyRequestSender - Using open Channel [id: 0xcca9817e, L:/127.0.0.1:54697 - R:localhost/127.0.0.1:42126] for POST '/session/86b7b2901531514b56c6398d5a87e31b/element/6c083967-9180-4bbb-9ed9-355c6d8f1f0e/click'
15:28:01.515 [AsyncHttpClient-1-2] DEBUG org.asynchttpclient.netty.handler.HttpHandler - 

Request DefaultHttpRequest(decodeResult: success, version: HTTP/1.1)
POST /session/86b7b2901531514b56c6398d5a87e31b/element/6c083967-9180-4bbb-9ed9-355c6d8f1f0e/click HTTP/1.1
User-Agent: selenium/4.8.1 (java windows)
Content-Length: 50
Content-Type: application/json; charset=utf-8
host: localhost:42126
accept: */*

Response DefaultHttpResponse(decodeResult: success, version: HTTP/1.1)
HTTP/1.1 200 OK
Content-Length: 14
Content-Type: application/json; charset=utf-8
cache-control: no-cache

15:28:01.516 [AsyncHttpClient-1-2] DEBUG org.asynchttpclient.netty.channel.ChannelManager - Adding key: http://localhost:42126 for channel [id: 0xcca9817e, L:/127.0.0.1:54697 - R:localhost/127.0.0.1:42126]
15:28:01.520 [main] DEBUG net.thucydides.core.steps.StepInterceptor - STEP DONE: ClickLoginBtn
  &amp#27;[32mAnd &amp#27;[0m&amp#27;[32muser click login button&amp#27;[0m                                      &amp#27;[90m# starter.stepdefinitions.LoginSteps.userClickLoginButton()&amp#27;[0m
15:28:01.536 [main] DEBUG net.thucydides.core.steps.StepInterceptor - STARTING STEP: LoginSteps.userOnProductsPage - onProductPage
15:28:01.545 [Forwarding findElement on session 86b7b2901531514b56c6398d5a87e31b to remote] DEBUG org.asynchttpclient.netty.request.NettyRequestSender - Using pooled Channel '[id: 0xcca9817e, L:/127.0.0.1:54697 - R:localhost/127.0.0.1:42126]' for 'POST' to 'http://localhost:42126/session/86b7b2901531514b56c6398d5a87e31b/element'
15:28:01.545 [Forwarding findElement on session 86b7b2901531514b56c6398d5a87e31b to remote] DEBUG org.asynchttpclient.netty.request.NettyRequestSender - Using open Channel [id: 0xcca9817e, L:/127.0.0.1:54697 - R:localhost/127.0.0.1:42126] for POST '/session/86b7b2901531514b56c6398d5a87e31b/element'
15:28:01.753 [AsyncHttpClient-1-1] DEBUG org.asynchttpclient.netty.channel.DefaultChannelPool - Entry count for : http://localhost:54698 : 1
15:28:02.777 [AsyncHttpClient-1-1] DEBUG org.asynchttpclient.netty.channel.DefaultChannelPool - Entry count for : http://localhost:54698 : 1
15:28:03.879 [AsyncHttpClient-1-1] DEBUG org.asynchttpclient.netty.channel.DefaultChannelPool - Entry count for : http://localhost:54698 : 1
15:28:04.399 [AsyncHttpClient-1-2] DEBUG org.asynchttpclient.netty.handler.HttpHandler - 

Request DefaultHttpRequest(decodeResult: success, version: HTTP/1.1)
POST /session/86b7b2901531514b56c6398d5a87e31b/element HTTP/1.1
User-Agent: selenium/4.8.1 (java windows)
Content-Length: 54
Content-Type: application/json; charset=utf-8
host: localhost:42126
accept: */*

Response DefaultHttpResponse(decodeResult: success, version: HTTP/1.1)
HTTP/1.1 200 OK
Content-Length: 88
Content-Type: application/json; charset=utf-8
cache-control: no-cache

15:28:04.400 [AsyncHttpClient-1-2] DEBUG org.asynchttpclient.netty.channel.ChannelManager - Adding key: http://localhost:42126 for channel [id: 0xcca9817e, L:/127.0.0.1:54697 - R:localhost/127.0.0.1:42126]
15:28:04.409 [Forwarding isElementDisplayed on session 86b7b2901531514b56c6398d5a87e31b to remote] DEBUG org.asynchttpclient.netty.request.NettyRequestSender - Using pooled Channel '[id: 0xcca9817e, L:/127.0.0.1:54697 - R:localhost/127.0.0.1:42126]' for 'POST' to 'http://localhost:42126/session/86b7b2901531514b56c6398d5a87e31b/execute/sync'
15:28:04.409 [Forwarding isElementDisplayed on session 86b7b2901531514b56c6398d5a87e31b to remote] DEBUG org.asynchttpclient.netty.request.NettyRequestSender - Using open Channel [id: 0xcca9817e, L:/127.0.0.1:54697 - R:localhost/127.0.0.1:42126] for POST '/session/86b7b2901531514b56c6398d5a87e31b/execute/sync'
15:28:04.421 [AsyncHttpClient-1-2] DEBUG org.asynchttpclient.netty.handler.HttpHandler - 

Request DefaultHttpRequest(decodeResult: success, version: HTTP/1.1)
POST /session/86b7b2901531514b56c6398d5a87e31b/execute/sync HTTP/1.1
User-Agent: selenium/4.8.1 (java windows)
Content-Length: 48807
Content-Type: application/json; charset=utf-8
host: localhost:42126
accept: */*

Response DefaultHttpResponse(decodeResult: success, version: HTTP/1.1)
HTTP/1.1 200 OK
Content-Length: 14
Content-Type: application/json; charset=utf-8
cache-control: no-cache

15:28:04.421 [AsyncHttpClient-1-2] DEBUG org.asynchttpclient.netty.channel.ChannelManager - Adding key: http://localhost:42126 for channel [id: 0xcca9817e, L:/127.0.0.1:54697 - R:localhost/127.0.0.1:42126]
15:28:04.427 [Forwarding isElementDisplayed on session 86b7b2901531514b56c6398d5a87e31b to remote] DEBUG org.asynchttpclient.netty.request.NettyRequestSender - Using pooled Channel '[id: 0xcca9817e, L:/127.0.0.1:54697 - R:localhost/127.0.0.1:42126]' for 'POST' to 'http://localhost:42126/session/86b7b2901531514b56c6398d5a87e31b/execute/sync'
15:28:04.427 [Forwarding isElementDisplayed on session 86b7b2901531514b56c6398d5a87e31b to remote] DEBUG org.asynchttpclient.netty.request.NettyRequestSender - Using open Channel [id: 0xcca9817e, L:/127.0.0.1:54697 - R:localhost/127.0.0.1:42126] for POST '/session/86b7b2901531514b56c6398d5a87e31b/execute/sync'
15:28:04.437 [AsyncHttpClient-1-2] DEBUG org.asynchttpclient.netty.handler.HttpHandler - 

Request DefaultHttpRequest(decodeResult: success, version: HTTP/1.1)
POST /session/86b7b2901531514b56c6398d5a87e31b/execute/sync HTTP/1.1
User-Agent: selenium/4.8.1 (java windows)
Content-Length: 48807
Content-Type: application/json; charset=utf-8
host: localhost:42126
accept: */*

Response DefaultHttpResponse(decodeResult: success, version: HTTP/1.1)
HTTP/1.1 200 OK
Content-Length: 14
Content-Type: application/json; charset=utf-8
cache-control: no-cache

15:28:04.437 [AsyncHttpClient-1-2] DEBUG org.asynchttpclient.netty.channel.ChannelManager - Adding key: http://localhost:42126 for channel [id: 0xcca9817e, L:/127.0.0.1:54697 - R:localhost/127.0.0.1:42126]
15:28:04.439 [main] DEBUG net.thucydides.core.steps.StepInterceptor - STEP DONE: onProductPage
  &amp#27;[32mAnd &amp#27;[0m&amp#27;[32muser on products page&amp#27;[0m                                        &amp#27;[90m# starter.stepdefinitions.LoginSteps.userOnProductsPage()&amp#27;[0m
15:28:04.705 [Forwarding findElement on session 86b7b2901531514b56c6398d5a87e31b to remote] DEBUG org.asynchttpclient.netty.request.NettyRequestSender - Using pooled Channel '[id: 0xcca9817e, L:/127.0.0.1:54697 - R:localhost/127.0.0.1:42126]' for 'POST' to 'http://localhost:42126/session/86b7b2901531514b56c6398d5a87e31b/element'
15:28:04.706 [Forwarding findElement on session 86b7b2901531514b56c6398d5a87e31b to remote] DEBUG org.asynchttpclient.netty.request.NettyRequestSender - Using open Channel [id: 0xcca9817e, L:/127.0.0.1:54697 - R:localhost/127.0.0.1:42126] for POST '/session/86b7b2901531514b56c6398d5a87e31b/element'
15:28:04.726 [AsyncHttpClient-1-2] DEBUG org.asynchttpclient.netty.handler.HttpHandler - 

Request DefaultHttpRequest(decodeResult: success, version: HTTP/1.1)
POST /session/86b7b2901531514b56c6398d5a87e31b/element HTTP/1.1
User-Agent: selenium/4.8.1 (java windows)
Content-Length: 68
Content-Type: application/json; charset=utf-8
host: localhost:42126
accept: */*

Response DefaultHttpResponse(decodeResult: success, version: HTTP/1.1)
HTTP/1.1 200 OK
Content-Length: 88
Content-Type: application/json; charset=utf-8
cache-control: no-cache

15:28:04.726 [AsyncHttpClient-1-2] DEBUG org.asynchttpclient.netty.channel.ChannelManager - Adding key: http://localhost:42126 for channel [id: 0xcca9817e, L:/127.0.0.1:54697 - R:localhost/127.0.0.1:42126]
15:28:04.730 [Forwarding getElementTagName on session 86b7b2901531514b56c6398d5a87e31b to remote] DEBUG org.asynchttpclient.netty.request.NettyRequestSender - Using pooled Channel '[id: 0xcca9817e, L:/127.0.0.1:54697 - R:localhost/127.0.0.1:42126]' for 'GET' to 'http://localhost:42126/session/86b7b2901531514b56c6398d5a87e31b/element/0859c269-bf0d-450f-855c-bea4e0cd2f98/name'
15:28:04.730 [Forwarding getElementTagName on session 86b7b2901531514b56c6398d5a87e31b to remote] DEBUG org.asynchttpclient.netty.request.NettyRequestSender - Using open Channel [id: 0xcca9817e, L:/127.0.0.1:54697 - R:localhost/127.0.0.1:42126] for GET '/session/86b7b2901531514b56c6398d5a87e31b/element/0859c269-bf0d-450f-855c-bea4e0cd2f98/name'
15:28:04.736 [AsyncHttpClient-1-2] DEBUG org.asynchttpclient.netty.handler.HttpHandler - 

Request DefaultFullHttpRequest(decodeResult: success, version: HTTP/1.1, content: EmptyByteBufBE)
GET /session/86b7b2901531514b56c6398d5a87e31b/element/0859c269-bf0d-450f-855c-bea4e0cd2f98/name HTTP/1.1
User-Agent: selenium/4.8.1 (java windows)
Cache-Control: no-cache
Content-Type: application/json; charset=utf-8
host: localhost:42126
accept: */*

Response DefaultHttpResponse(decodeResult: success, version: HTTP/1.1)
HTTP/1.1 200 OK
Content-Length: 16
Content-Type: application/json; charset=utf-8
cache-control: no-cache

15:28:04.737 [AsyncHttpClient-1-2] DEBUG org.asynchttpclient.netty.channel.ChannelManager - Adding key: http://localhost:42126 for channel [id: 0xcca9817e, L:/127.0.0.1:54697 - R:localhost/127.0.0.1:42126]
15:28:04.739 [Forwarding getElementTagName on session 86b7b2901531514b56c6398d5a87e31b to remote] DEBUG org.asynchttpclient.netty.request.NettyRequestSender - Using pooled Channel '[id: 0xcca9817e, L:/127.0.0.1:54697 - R:localhost/127.0.0.1:42126]' for 'GET' to 'http://localhost:42126/session/86b7b2901531514b56c6398d5a87e31b/element/0859c269-bf0d-450f-855c-bea4e0cd2f98/name'
15:28:04.739 [Forwarding getElementTagName on session 86b7b2901531514b56c6398d5a87e31b to remote] DEBUG org.asynchttpclient.netty.request.NettyRequestSender - Using open Channel [id: 0xcca9817e, L:/127.0.0.1:54697 - R:localhost/127.0.0.1:42126] for GET '/session/86b7b2901531514b56c6398d5a87e31b/element/0859c269-bf0d-450f-855c-bea4e0cd2f98/name'
15:28:04.746 [AsyncHttpClient-1-2] DEBUG org.asynchttpclient.netty.handler.HttpHandler - 

Request DefaultFullHttpRequest(decodeResult: success, version: HTTP/1.1, content: EmptyByteBufBE)
GET /session/86b7b2901531514b56c6398d5a87e31b/element/0859c269-bf0d-450f-855c-bea4e0cd2f98/name HTTP/1.1
User-Agent: selenium/4.8.1 (java windows)
Cache-Control: no-cache
Content-Type: application/json; charset=utf-8
host: localhost:42126
accept: */*

Response DefaultHttpResponse(decodeResult: success, version: HTTP/1.1)
HTTP/1.1 200 OK
Content-Length: 16
Content-Type: application/json; charset=utf-8
cache-control: no-cache

15:28:04.746 [AsyncHttpClient-1-2] DEBUG org.asynchttpclient.netty.channel.ChannelManager - Adding key: http://localhost:42126 for channel [id: 0xcca9817e, L:/127.0.0.1:54697 - R:localhost/127.0.0.1:42126]
15:28:04.750 [Forwarding findElement on session 86b7b2901531514b56c6398d5a87e31b to remote] DEBUG org.asynchttpclient.netty.request.NettyRequestSender - Using pooled Channel '[id: 0xcca9817e, L:/127.0.0.1:54697 - R:localhost/127.0.0.1:42126]' for 'POST' to 'http://localhost:42126/session/86b7b2901531514b56c6398d5a87e31b/element'
15:28:04.751 [Forwarding findElement on session 86b7b2901531514b56c6398d5a87e31b to remote] DEBUG org.asynchttpclient.netty.request.NettyRequestSender - Using open Channel [id: 0xcca9817e, L:/127.0.0.1:54697 - R:localhost/127.0.0.1:42126] for POST '/session/86b7b2901531514b56c6398d5a87e31b/element'
15:28:04.763 [AsyncHttpClient-1-2] DEBUG org.asynchttpclient.netty.handler.HttpHandler - 

Request DefaultHttpRequest(decodeResult: success, version: HTTP/1.1)
POST /session/86b7b2901531514b56c6398d5a87e31b/element HTTP/1.1
User-Agent: selenium/4.8.1 (java windows)
Content-Length: 68
Content-Type: application/json; charset=utf-8
host: localhost:42126
accept: */*

Response DefaultHttpResponse(decodeResult: success, version: HTTP/1.1)
HTTP/1.1 200 OK
Content-Length: 88
Content-Type: application/json; charset=utf-8
cache-control: no-cache

15:28:04.764 [AsyncHttpClient-1-2] DEBUG org.asynchttpclient.netty.channel.ChannelManager - Adding key: http://localhost:42126 for channel [id: 0xcca9817e, L:/127.0.0.1:54697 - R:localhost/127.0.0.1:42126]
15:28:04.767 [Forwarding clickElement on session 86b7b2901531514b56c6398d5a87e31b to remote] DEBUG org.asynchttpclient.netty.request.NettyRequestSender - Using pooled Channel '[id: 0xcca9817e, L:/127.0.0.1:54697 - R:localhost/127.0.0.1:42126]' for 'POST' to 'http://localhost:42126/session/86b7b2901531514b56c6398d5a87e31b/element/0859c269-bf0d-450f-855c-bea4e0cd2f98/click'
15:28:04.767 [Forwarding clickElement on session 86b7b2901531514b56c6398d5a87e31b to remote] DEBUG org.asynchttpclient.netty.request.NettyRequestSender - Using open Channel [id: 0xcca9817e, L:/127.0.0.1:54697 - R:localhost/127.0.0.1:42126] for POST '/session/86b7b2901531514b56c6398d5a87e31b/element/0859c269-bf0d-450f-855c-bea4e0cd2f98/click'
15:28:04.872 [AsyncHttpClient-1-2] DEBUG org.asynchttpclient.netty.handler.HttpHandler - 

Request DefaultHttpRequest(decodeResult: success, version: HTTP/1.1)
POST /session/86b7b2901531514b56c6398d5a87e31b/element/0859c269-bf0d-450f-855c-bea4e0cd2f98/click HTTP/1.1
User-Agent: selenium/4.8.1 (java windows)
Content-Length: 50
Content-Type: application/json; charset=utf-8
host: localhost:42126
accept: */*

Response DefaultHttpResponse(decodeResult: success, version: HTTP/1.1)
HTTP/1.1 200 OK
Content-Length: 14
Content-Type: application/json; charset=utf-8
cache-control: no-cache

15:28:04.873 [AsyncHttpClient-1-2] DEBUG org.asynchttpclient.netty.channel.ChannelManager - Adding key: http://localhost:42126 for channel [id: 0xcca9817e, L:/127.0.0.1:54697 - R:localhost/127.0.0.1:42126]
  &amp#27;[32mWhen &amp#27;[0m&amp#27;[32muser click button Beli&amp#27;[0m                                      &amp#27;[90m# starter.stepdefinitions.ChooseProductSteps.userClickButtonBeli()&amp#27;[0m
15:28:04.890 [Forwarding findElement on session 86b7b2901531514b56c6398d5a87e31b to remote] DEBUG org.asynchttpclient.netty.request.NettyRequestSender - Using pooled Channel '[id: 0xcca9817e, L:/127.0.0.1:54697 - R:localhost/127.0.0.1:42126]' for 'POST' to 'http://localhost:42126/session/86b7b2901531514b56c6398d5a87e31b/element'
15:28:04.890 [Forwarding findElement on session 86b7b2901531514b56c6398d5a87e31b to remote] DEBUG org.asynchttpclient.netty.request.NettyRequestSender - Using open Channel [id: 0xcca9817e, L:/127.0.0.1:54697 - R:localhost/127.0.0.1:42126] for POST '/session/86b7b2901531514b56c6398d5a87e31b/element'
15:28:04.909 [AsyncHttpClient-1-2] DEBUG org.asynchttpclient.netty.handler.HttpHandler - 

Request DefaultHttpRequest(decodeResult: success, version: HTTP/1.1)
POST /session/86b7b2901531514b56c6398d5a87e31b/element HTTP/1.1
User-Agent: selenium/4.8.1 (java windows)
Content-Length: 71
Content-Type: application/json; charset=utf-8
host: localhost:42126
accept: */*

Response DefaultHttpResponse(decodeResult: success, version: HTTP/1.1)
HTTP/1.1 200 OK
Content-Length: 88
Content-Type: application/json; charset=utf-8
cache-control: no-cache

15:28:04.910 [AsyncHttpClient-1-2] DEBUG org.asynchttpclient.netty.channel.ChannelManager - Adding key: http://localhost:42126 for channel [id: 0xcca9817e, L:/127.0.0.1:54697 - R:localhost/127.0.0.1:42126]
15:28:04.912 [Forwarding getElementTagName on session 86b7b2901531514b56c6398d5a87e31b to remote] DEBUG org.asynchttpclient.netty.request.NettyRequestSender - Using pooled Channel '[id: 0xcca9817e, L:/127.0.0.1:54697 - R:localhost/127.0.0.1:42126]' for 'GET' to 'http://localhost:42126/session/86b7b2901531514b56c6398d5a87e31b/element/6d244d82-1486-4968-ba5f-f620d8a42d4c/name'
15:28:04.912 [Forwarding getElementTagName on session 86b7b2901531514b56c6398d5a87e31b to remote] DEBUG org.asynchttpclient.netty.request.NettyRequestSender - Using open Channel [id: 0xcca9817e, L:/127.0.0.1:54697 - R:localhost/127.0.0.1:42126] for GET '/session/86b7b2901531514b56c6398d5a87e31b/element/6d244d82-1486-4968-ba5f-f620d8a42d4c/name'
15:28:04.917 [AsyncHttpClient-1-2] DEBUG org.asynchttpclient.netty.handler.HttpHandler - 

Request DefaultFullHttpRequest(decodeResult: success, version: HTTP/1.1, content: EmptyByteBufBE)
GET /session/86b7b2901531514b56c6398d5a87e31b/element/6d244d82-1486-4968-ba5f-f620d8a42d4c/name HTTP/1.1
User-Agent: selenium/4.8.1 (java windows)
Cache-Control: no-cache
Content-Type: application/json; charset=utf-8
host: localhost:42126
accept: */*

Response DefaultHttpResponse(decodeResult: success, version: HTTP/1.1)
HTTP/1.1 200 OK
Content-Length: 13
Content-Type: application/json; charset=utf-8
cache-control: no-cache

15:28:04.918 [AsyncHttpClient-1-2] DEBUG org.asynchttpclient.netty.channel.ChannelManager - Adding key: http://localhost:42126 for channel [id: 0xcca9817e, L:/127.0.0.1:54697 - R:localhost/127.0.0.1:42126]
15:28:04.920 [Forwarding getElementTagName on session 86b7b2901531514b56c6398d5a87e31b to remote] DEBUG org.asynchttpclient.netty.request.NettyRequestSender - Using pooled Channel '[id: 0xcca9817e, L:/127.0.0.1:54697 - R:localhost/127.0.0.1:42126]' for 'GET' to 'http://localhost:42126/session/86b7b2901531514b56c6398d5a87e31b/element/6d244d82-1486-4968-ba5f-f620d8a42d4c/name'
15:28:04.920 [Forwarding getElementTagName on session 86b7b2901531514b56c6398d5a87e31b to remote] DEBUG org.asynchttpclient.netty.request.NettyRequestSender - Using open Channel [id: 0xcca9817e, L:/127.0.0.1:54697 - R:localhost/127.0.0.1:42126] for GET '/session/86b7b2901531514b56c6398d5a87e31b/element/6d244d82-1486-4968-ba5f-f620d8a42d4c/name'
15:28:04.928 [AsyncHttpClient-1-2] DEBUG org.asynchttpclient.netty.handler.HttpHandler - 

Request DefaultFullHttpRequest(decodeResult: success, version: HTTP/1.1, content: EmptyByteBufBE)
GET /session/86b7b2901531514b56c6398d5a87e31b/element/6d244d82-1486-4968-ba5f-f620d8a42d4c/name HTTP/1.1
User-Agent: selenium/4.8.1 (java windows)
Cache-Control: no-cache
Content-Type: application/json; charset=utf-8
host: localhost:42126
accept: */*

Response DefaultHttpResponse(decodeResult: success, version: HTTP/1.1)
HTTP/1.1 200 OK
Content-Length: 13
Content-Type: application/json; charset=utf-8
cache-control: no-cache

15:28:04.929 [AsyncHttpClient-1-2] DEBUG org.asynchttpclient.netty.channel.ChannelManager - Adding key: http://localhost:42126 for channel [id: 0xcca9817e, L:/127.0.0.1:54697 - R:localhost/127.0.0.1:42126]
15:28:04.932 [Forwarding findElement on session 86b7b2901531514b56c6398d5a87e31b to remote] DEBUG org.asynchttpclient.netty.request.NettyRequestSender - Using pooled Channel '[id: 0xcca9817e, L:/127.0.0.1:54697 - R:localhost/127.0.0.1:42126]' for 'POST' to 'http://localhost:42126/session/86b7b2901531514b56c6398d5a87e31b/element'
15:28:04.932 [Forwarding findElement on session 86b7b2901531514b56c6398d5a87e31b to remote] DEBUG org.asynchttpclient.netty.request.NettyRequestSender - Using open Channel [id: 0xcca9817e, L:/127.0.0.1:54697 - R:localhost/127.0.0.1:42126] for POST '/session/86b7b2901531514b56c6398d5a87e31b/element'
15:28:04.944 [AsyncHttpClient-1-2] DEBUG org.asynchttpclient.netty.handler.HttpHandler - 

Request DefaultHttpRequest(decodeResult: success, version: HTTP/1.1)
POST /session/86b7b2901531514b56c6398d5a87e31b/element HTTP/1.1
User-Agent: selenium/4.8.1 (java windows)
Content-Length: 71
Content-Type: application/json; charset=utf-8
host: localhost:42126
accept: */*

Response DefaultHttpResponse(decodeResult: success, version: HTTP/1.1)
HTTP/1.1 200 OK
Content-Length: 88
Content-Type: application/json; charset=utf-8
cache-control: no-cache

15:28:04.945 [AsyncHttpClient-1-2] DEBUG org.asynchttpclient.netty.channel.ChannelManager - Adding key: http://localhost:42126 for channel [id: 0xcca9817e, L:/127.0.0.1:54697 - R:localhost/127.0.0.1:42126]
15:28:04.947 [Forwarding clickElement on session 86b7b2901531514b56c6398d5a87e31b to remote] DEBUG org.asynchttpclient.netty.request.NettyRequestSender - Using pooled Channel '[id: 0xcca9817e, L:/127.0.0.1:54697 - R:localhost/127.0.0.1:42126]' for 'POST' to 'http://localhost:42126/session/86b7b2901531514b56c6398d5a87e31b/element/6d244d82-1486-4968-ba5f-f620d8a42d4c/click'
15:28:04.947 [Forwarding clickElement on session 86b7b2901531514b56c6398d5a87e31b to remote] DEBUG org.asynchttpclient.netty.request.NettyRequestSender - Using open Channel [id: 0xcca9817e, L:/127.0.0.1:54697 - R:localhost/127.0.0.1:42126] for POST '/session/86b7b2901531514b56c6398d5a87e31b/element/6d244d82-1486-4968-ba5f-f620d8a42d4c/click'
15:28:04.977 [AsyncHttpClient-1-1] DEBUG org.asynchttpclient.netty.channel.DefaultChannelPool - Entry count for : http://localhost:54698 : 1
15:28:05.004 [AsyncHttpClient-1-2] DEBUG org.asynchttpclient.netty.handler.HttpHandler - 

Request DefaultHttpRequest(decodeResult: success, version: HTTP/1.1)
POST /session/86b7b2901531514b56c6398d5a87e31b/element/6d244d82-1486-4968-ba5f-f620d8a42d4c/click HTTP/1.1
User-Agent: selenium/4.8.1 (java windows)
Content-Length: 50
Content-Type: application/json; charset=utf-8
host: localhost:42126
accept: */*

Response DefaultHttpResponse(decodeResult: success, version: HTTP/1.1)
HTTP/1.1 200 OK
Content-Length: 14
Content-Type: application/json; charset=utf-8
cache-control: no-cache

15:28:05.005 [AsyncHttpClient-1-2] DEBUG org.asynchttpclient.netty.channel.ChannelManager - Adding key: http://localhost:42126 for channel [id: 0xcca9817e, L:/127.0.0.1:54697 - R:localhost/127.0.0.1:42126]
  &amp#27;[32mAnd &amp#27;[0m&amp#27;[32muser click cart&amp#27;[0m                                              &amp#27;[90m# starter.stepdefinitions.ChooseProductSteps.userClickCart()&amp#27;[0m
15:28:05.029 [Forwarding findElement on session 86b7b2901531514b56c6398d5a87e31b to remote] DEBUG org.asynchttpclient.netty.request.NettyRequestSender - Using pooled Channel '[id: 0xcca9817e, L:/127.0.0.1:54697 - R:localhost/127.0.0.1:42126]' for 'POST' to 'http://localhost:42126/session/86b7b2901531514b56c6398d5a87e31b/element'
15:28:05.030 [Forwarding findElement on session 86b7b2901531514b56c6398d5a87e31b to remote] DEBUG org.asynchttpclient.netty.request.NettyRequestSender - Using open Channel [id: 0xcca9817e, L:/127.0.0.1:54697 - R:localhost/127.0.0.1:42126] for POST '/session/86b7b2901531514b56c6398d5a87e31b/element'
15:28:05.199 [AsyncHttpClient-1-2] DEBUG org.asynchttpclient.netty.handler.HttpHandler - 

Request DefaultHttpRequest(decodeResult: success, version: HTTP/1.1)
POST /session/86b7b2901531514b56c6398d5a87e31b/element HTTP/1.1
User-Agent: selenium/4.8.1 (java windows)
Content-Length: 71
Content-Type: application/json; charset=utf-8
host: localhost:42126
accept: */*

Response DefaultHttpResponse(decodeResult: success, version: HTTP/1.1)
HTTP/1.1 200 OK
Content-Length: 88
Content-Type: application/json; charset=utf-8
cache-control: no-cache

15:28:05.200 [AsyncHttpClient-1-2] DEBUG org.asynchttpclient.netty.channel.ChannelManager - Adding key: http://localhost:42126 for channel [id: 0xcca9817e, L:/127.0.0.1:54697 - R:localhost/127.0.0.1:42126]
15:28:05.207 [Forwarding isElementDisplayed on session 86b7b2901531514b56c6398d5a87e31b to remote] DEBUG org.asynchttpclient.netty.request.NettyRequestSender - Using pooled Channel '[id: 0xcca9817e, L:/127.0.0.1:54697 - R:localhost/127.0.0.1:42126]' for 'POST' to 'http://localhost:42126/session/86b7b2901531514b56c6398d5a87e31b/execute/sync'
15:28:05.207 [Forwarding isElementDisplayed on session 86b7b2901531514b56c6398d5a87e31b to remote] DEBUG org.asynchttpclient.netty.request.NettyRequestSender - Using open Channel [id: 0xcca9817e, L:/127.0.0.1:54697 - R:localhost/127.0.0.1:42126] for POST '/session/86b7b2901531514b56c6398d5a87e31b/execute/sync'
15:28:05.218 [AsyncHttpClient-1-2] DEBUG org.asynchttpclient.netty.handler.HttpHandler - 

Request DefaultHttpRequest(decodeResult: success, version: HTTP/1.1)
POST /session/86b7b2901531514b56c6398d5a87e31b/execute/sync HTTP/1.1
User-Agent: selenium/4.8.1 (java windows)
Content-Length: 48807
Content-Type: application/json; charset=utf-8
host: localhost:42126
accept: */*

Response DefaultHttpResponse(decodeResult: success, version: HTTP/1.1)
HTTP/1.1 200 OK
Content-Length: 14
Content-Type: application/json; charset=utf-8
cache-control: no-cache

15:28:05.218 [AsyncHttpClient-1-2] DEBUG org.asynchttpclient.netty.channel.ChannelManager - Adding key: http://localhost:42126 for channel [id: 0xcca9817e, L:/127.0.0.1:54697 - R:localhost/127.0.0.1:42126]
15:28:05.225 [Forwarding isElementDisplayed on session 86b7b2901531514b56c6398d5a87e31b to remote] DEBUG org.asynchttpclient.netty.request.NettyRequestSender - Using pooled Channel '[id: 0xcca9817e, L:/127.0.0.1:54697 - R:localhost/127.0.0.1:42126]' for 'POST' to 'http://localhost:42126/session/86b7b2901531514b56c6398d5a87e31b/execute/sync'
15:28:05.225 [Forwarding isElementDisplayed on session 86b7b2901531514b56c6398d5a87e31b to remote] DEBUG org.asynchttpclient.netty.request.NettyRequestSender - Using open Channel [id: 0xcca9817e, L:/127.0.0.1:54697 - R:localhost/127.0.0.1:42126] for POST '/session/86b7b2901531514b56c6398d5a87e31b/execute/sync'
15:28:05.236 [AsyncHttpClient-1-2] DEBUG org.asynchttpclient.netty.handler.HttpHandler - 

Request DefaultHttpRequest(decodeResult: success, version: HTTP/1.1)
POST /session/86b7b2901531514b56c6398d5a87e31b/execute/sync HTTP/1.1
User-Agent: selenium/4.8.1 (java windows)
Content-Length: 48807
Content-Type: application/json; charset=utf-8
host: localhost:42126
accept: */*

Response DefaultHttpResponse(decodeResult: success, version: HTTP/1.1)
HTTP/1.1 200 OK
Content-Length: 14
Content-Type: application/json; charset=utf-8
cache-control: no-cache

15:28:05.236 [AsyncHttpClient-1-2] DEBUG org.asynchttpclient.netty.channel.ChannelManager - Adding key: http://localhost:42126 for channel [id: 0xcca9817e, L:/127.0.0.1:54697 - R:localhost/127.0.0.1:42126]
  &amp#27;[32mThen &amp#27;[0m&amp#27;[32mthe product has been successfully selected&amp#27;[0m                  &amp#27;[90m# starter.stepdefinitions.ChooseProductSteps.theProductHasBeenSuccessfullySelected()&amp#27;[0m
15:28:05.246 [main] INFO  - 
  _____   ___   ___   _____     ___     _     ___   ___   ___   ___  
 |_   _| | __| / __| |_   _|   | _ \   /_\   / __| / __| | __| |   \ 
   | |   | _|  \__ \   | |     |  _/  / _ \  \__ \ \__ \ | _|  | |) |
   |_|   |___| |___/   |_|     |_|   /_/ \_\ |___/ |___/ |___| |___/ 

as user i want to choose product and add product to cart
----------------------------------------------------------------------
15:28:05.340 [Driver Command Executor] DEBUG org.asynchttpclient.netty.request.NettyRequestSender - Using pooled Channel '[id: 0xcca9817e, L:/127.0.0.1:54697 - R:localhost/127.0.0.1:42126]' for 'DELETE' to 'http://localhost:42126/session/86b7b2901531514b56c6398d5a87e31b'
15:28:05.340 [Driver Command Executor] DEBUG org.asynchttpclient.netty.request.NettyRequestSender - Using open Channel [id: 0xcca9817e, L:/127.0.0.1:54697 - R:localhost/127.0.0.1:42126] for DELETE '/session/86b7b2901531514b56c6398d5a87e31b'
15:28:05.411 [AsyncHttpClient-1-3] DEBUG org.asynchttpclient.netty.handler.HttpHandler - Unexpected I/O exception on channel [id: 0x6523dd0c, L:/127.0.0.1:54706 - R:localhost/127.0.0.1:54698]
java.io.IOException: An existing connection was forcibly closed by the remote host
	at sun.nio.ch.SocketDispatcher.read0(Native Method)
	at sun.nio.ch.SocketDispatcher.read(SocketDispatcher.java:43)
	at sun.nio.ch.IOUtil.readIntoNativeBuffer(IOUtil.java:223)
	at sun.nio.ch.IOUtil.read(IOUtil.java:192)
	at sun.nio.ch.SocketChannelImpl.read(SocketChannelImpl.java:380)
	at io.netty.buffer.PooledByteBuf.setBytes(PooledByteBuf.java:259)
	at io.netty.buffer.AbstractByteBuf.writeBytes(AbstractByteBuf.java:1132)
	at io.netty.channel.socket.nio.NioSocketChannel.doReadBytes(NioSocketChannel.java:357)
	at io.netty.channel.nio.AbstractNioByteChannel$NioByteUnsafe.read(AbstractNioByteChannel.java:151)
	at io.netty.channel.nio.NioEventLoop.processSelectedKey(NioEventLoop.java:788)
	at io.netty.channel.nio.NioEventLoop.processSelectedKeysOptimized(NioEventLoop.java:724)
	at io.netty.channel.nio.NioEventLoop.processSelectedKeys(NioEventLoop.java:650)
	at io.netty.channel.nio.NioEventLoop.run(NioEventLoop.java:562)
	at io.netty.util.concurrent.SingleThreadEventExecutor$4.run(SingleThreadEventExecutor.java:997)
	at io.netty.util.internal.ThreadExecutorMap$2.run(ThreadExecutorMap.java:74)
	at io.netty.util.concurrent.FastThreadLocalRunnable.run(FastThreadLocalRunnable.java:30)
	at java.lang.Thread.run(Thread.java:748)
15:28:05.411 [AsyncHttpClient-1-3] DEBUG org.asynchttpclient.netty.channel.ChannelManager - Closing Channel [id: 0x6523dd0c, L:/127.0.0.1:54706 - R:localhost/127.0.0.1:54698] 
15:28:05.415 [AsyncHttpClient-1-3] DEBUG org.asynchttpclient.netty.handler.HttpHandler - Channel Closed: [id: 0x6523dd0c, L:/127.0.0.1:54706 ! R:localhost/127.0.0.1:54698] with attribute DISCARD
15:28:05.426 [AsyncHttpClient-1-4] DEBUG org.asynchttpclient.netty.handler.WebSocketHandler - Unexpected I/O exception on channel [id: 0x112c57cb, L:/127.0.0.1:54707 - R:localhost/127.0.0.1:54698]
java.io.IOException: An existing connection was forcibly closed by the remote host
	at sun.nio.ch.SocketDispatcher.read0(Native Method)
	at sun.nio.ch.SocketDispatcher.read(SocketDispatcher.java:43)
	at sun.nio.ch.IOUtil.readIntoNativeBuffer(IOUtil.java:223)
	at sun.nio.ch.IOUtil.read(IOUtil.java:192)
	at sun.nio.ch.SocketChannelImpl.read(SocketChannelImpl.java:380)
	at io.netty.buffer.PooledByteBuf.setBytes(PooledByteBuf.java:259)
	at io.netty.buffer.AbstractByteBuf.writeBytes(AbstractByteBuf.java:1132)
	at io.netty.channel.socket.nio.NioSocketChannel.doReadBytes(NioSocketChannel.java:357)
	at io.netty.channel.nio.AbstractNioByteChannel$NioByteUnsafe.read(AbstractNioByteChannel.java:151)
	at io.netty.channel.nio.NioEventLoop.processSelectedKey(NioEventLoop.java:788)
	at io.netty.channel.nio.NioEventLoop.processSelectedKeysOptimized(NioEventLoop.java:724)
	at io.netty.channel.nio.NioEventLoop.processSelectedKeys(NioEventLoop.java:650)
	at io.netty.channel.nio.NioEventLoop.run(NioEventLoop.java:562)
	at io.netty.util.concurrent.SingleThreadEventExecutor$4.run(SingleThreadEventExecutor.java:997)
	at io.netty.util.internal.ThreadExecutorMap$2.run(ThreadExecutorMap.java:74)
	at io.netty.util.concurrent.FastThreadLocalRunnable.run(FastThreadLocalRunnable.java:30)
	at java.lang.Thread.run(Thread.java:748)
15:28:05.427 [AsyncHttpClient-1-4] DEBUG org.asynchttpclient.netty.handler.WebSocketHandler - Trying to recover from dead Channel: [id: 0x112c57cb, L:/127.0.0.1:54707 - R:localhost/127.0.0.1:54698]
15:28:05.427 [AsyncHttpClient-1-4] DEBUG org.asynchttpclient.netty.handler.WebSocketHandler - Channel Closed: [id: 0x112c57cb, L:/127.0.0.1:54707 ! R:localhost/127.0.0.1:54698] with attribute NettyResponseFuture{currentRetry=0,
	isDone=1,
	isCancelled=0,
	asyncHandler=org.asynchttpclient.ws.WebSocketUpgradeHandler@4f52f1c3,
	nettyRequest=org.asynchttpclient.netty.request.NettyRequest@531d5fd5,
	future=java.util.concurrent.CompletableFuture@1b59aa60[Completed normally],
	uri=ws://localhost:54698/devtools/browser/de83036e-36f5-49c2-8759-812589c8c018,
	keepAlive=true,
	redirectCount=0,
	timeoutsHolder=null,
	inAuth=0,
	touch=1683534485426}
15:28:05.428 [AsyncHttpClient-1-4] DEBUG org.asynchttpclient.netty.channel.ChannelManager - Closing Channel [id: 0x112c57cb, L:/127.0.0.1:54707 ! R:localhost/127.0.0.1:54698] 
15:28:05.456 [AsyncHttpClient-1-2] DEBUG org.asynchttpclient.netty.handler.HttpHandler - 

Request DefaultFullHttpRequest(decodeResult: success, version: HTTP/1.1, content: EmptyByteBufBE)
DELETE /session/86b7b2901531514b56c6398d5a87e31b HTTP/1.1
User-Agent: selenium/4.8.1 (java windows)
Content-Type: application/json; charset=utf-8
host: localhost:42126
accept: */*

Response DefaultHttpResponse(decodeResult: success, version: HTTP/1.1)
HTTP/1.1 200 OK
Content-Length: 14
Content-Type: application/json; charset=utf-8
cache-control: no-cache

15:28:05.456 [AsyncHttpClient-1-2] DEBUG org.asynchttpclient.netty.channel.ChannelManager - Adding key: http://localhost:42126 for channel [id: 0xcca9817e, L:/127.0.0.1:54697 - R:localhost/127.0.0.1:42126]
15:28:05.555 [AsyncHttpClient-1-2] DEBUG org.asynchttpclient.netty.handler.HttpHandler - Channel Closed: [id: 0xcca9817e, L:/127.0.0.1:54697 ! R:localhost/127.0.0.1:42126] with attribute DISCARD
15:28:06.080 [AsyncHttpClient-1-1] DEBUG org.asynchttpclient.netty.channel.DefaultChannelPool - Entry count for : http://localhost:42126 : 1
15:28:06.080 [AsyncHttpClient-1-1] DEBUG org.asynchttpclient.netty.channel.DefaultChannelPool - Entry count for : http://localhost:54698 : 1
15:28:06.081 [AsyncHttpClient-1-1] DEBUG org.asynchttpclient.netty.channel.DefaultChannelPool - Adding Candidate expired Channel [id: 0xcca9817e, L:/127.0.0.1:54697 ! R:localhost/127.0.0.1:42126] isIdleTimeoutExpired=false isRemotelyClosed=true isTtlExpired=false
15:28:06.081 [AsyncHttpClient-1-1] DEBUG org.asynchttpclient.netty.channel.DefaultChannelPool - Closing Idle Channel [id: 0xcca9817e, L:/127.0.0.1:54697 ! R:localhost/127.0.0.1:42126]
15:28:06.081 [AsyncHttpClient-1-1] DEBUG org.asynchttpclient.netty.channel.DefaultChannelPool - Adding Candidate expired Channel [id: 0x6523dd0c, L:/127.0.0.1:54706 ! R:localhost/127.0.0.1:54698] isIdleTimeoutExpired=false isRemotelyClosed=true isTtlExpired=false
15:28:06.081 [AsyncHttpClient-1-1] DEBUG org.asynchttpclient.netty.channel.DefaultChannelPool - Closing Idle Channel [id: 0x6523dd0c, L:/127.0.0.1:54706 ! R:localhost/127.0.0.1:54698]
15:28:06.081 [AsyncHttpClient-1-1] DEBUG org.asynchttpclient.netty.channel.DefaultChannelPool - Closed 2 connections out of 2 in 1 ms
]]></system-out>
    <system-err><![CDATA[Starting ChromeDriver 112.0.5615.49 (bd2a7bcb881c11e8cfe3078709382934e3916914-refs/branch-heads/5615@{#936}) on port 42126
Only local connections are allowed.
Please see https://chromedriver.chromium.org/security-considerations for suggestions on keeping ChromeDriver safe.
ChromeDriver was started successfully.
May 08, 2023 3:27:58 PM org.openqa.selenium.devtools.CdpVersionFinder findNearestMatch
WARNING: Unable to find an exact match for CDP version 112, so returning the closest version found: 110
]]></system-err>
  </testcase>
  <testcase name="as user i can see detail product" classname="As a user i have choose product so that i can order product" time="9.481">
    <system-out><![CDATA[
@TestCaseMPAAAC-15
Scenario: as user i can see detail product &amp#27;[90m# src/test/resources/features/PilihProduk.feature:15&amp#27;[0m
15:28:06.170 [main] DEBUG io.cucumber.core.plugin.SerenityReporter - Running feature from file:///D:/D/QE_Alta/MiniProject/Web/Pilih-Beli-Produk/src/test/resources/features/PilihProduk.feature
15:28:06.197 [main] INFO  - 
  _____   ___   ___   _____     ___   _____     _     ___   _____   ___   ___  
 |_   _| | __| / __| |_   _|   / __| |_   _|   /_\   | _ \ |_   _| | __| |   \ 
   | |   | _|  \__ \   | |     \__ \   | |    / _ \  |   /   | |   | _|  | |) |
   |_|   |___| |___/   |_|     |___/   |_|   /_/ \_\ |_|_\   |_|   |___| |___/ 

as user i can see detail product(as-a-user-i-have-choose-product-so-that-i-can-order-product;as-user-i-can-see-detail-product)
--------------------------------------------------------------------------------
15:28:06.246 [main] DEBUG net.thucydides.core.steps.StepInterceptor - STARTING STEP: LoginSteps.userOnLoginPage - onLoginPage
15:28:06.425 [main] INFO net.serenitybdd.core.webdriver.driverproviders.ChromeDriverProvider - Starting Chrome driver instance with capabilities:
15:28:06.430 [main] INFO net.serenitybdd.core.webdriver.driverproviders.ChromeDriverProvider - Capabilities {acceptInsecureCerts: true, browserName: chrome, goog:chromeOptions: {args: [remote-allow-origins=*, test-type, no-sandbox, ignore-certificate-errors, start-maximized, incognito, disable-infobars, disable-gpu, disable-default-apps, disable-popup-blocking, remote-allow-origins=*, test-type, no-sandbox, ignore-certificate-errors, start-maximized, incognito, disable-infobars, disable-gpu, disable-default-apps, disable-popup-blocking, remote-allow-origins=*], extensions: []}}
15:28:07.074 [AsyncHttpClient-1-5] DEBUG org.asynchttpclient.netty.channel.NettyConnectListener - Using new Channel '[id: 0x596a71d3, L:/127.0.0.1:54724 - R:localhost/127.0.0.1:39630]' for 'POST' to '/session'
15:28:08.280 [AsyncHttpClient-1-5] DEBUG org.asynchttpclient.netty.handler.HttpHandler - 

Request DefaultHttpRequest(decodeResult: success, version: HTTP/1.1)
POST /session HTTP/1.1
User-Agent: selenium/4.8.1 (java windows)
Content-Length: 1701
Content-Type: application/json; charset=utf-8
host: localhost:39630
accept: */*

Response DefaultHttpResponse(decodeResult: success, version: HTTP/1.1)
HTTP/1.1 200 OK
Content-Length: 861
Content-Type: application/json; charset=utf-8
cache-control: no-cache

15:28:08.280 [AsyncHttpClient-1-5] DEBUG org.asynchttpclient.netty.channel.ChannelManager - Adding key: http://localhost:39630 for channel [id: 0x596a71d3, L:/127.0.0.1:54724 - R:localhost/127.0.0.1:39630]
15:28:08.295 [AsyncHttpClient-1-6] DEBUG org.asynchttpclient.netty.channel.NettyConnectListener - Using new Channel '[id: 0x02a116f4, L:/127.0.0.1:54732 - R:localhost/127.0.0.1:54726]' for 'GET' to '/json/version'
15:28:08.297 [AsyncHttpClient-1-6] DEBUG org.asynchttpclient.netty.handler.HttpHandler - 

Request DefaultFullHttpRequest(decodeResult: success, version: HTTP/1.1, content: EmptyByteBufBE)
GET /json/version HTTP/1.1
User-Agent: selenium/4.8.1 (java windows)
host: localhost:54726
accept: */*

Response DefaultHttpResponse(decodeResult: success, version: HTTP/1.1)
HTTP/1.1 200 OK
Content-Security-Policy: frame-ancestors 'none'
Content-Length: 424
Content-Type: application/json; charset=UTF-8

15:28:08.297 [AsyncHttpClient-1-6] DEBUG org.asynchttpclient.netty.channel.ChannelManager - Adding key: http://localhost:54726 for channel [id: 0x02a116f4, L:/127.0.0.1:54732 - R:localhost/127.0.0.1:54726]
15:28:08.307 [AsyncHttpClient-1-7] DEBUG org.asynchttpclient.netty.channel.NettyConnectListener - Using new Channel '[id: 0x001470c9, L:/127.0.0.1:54733 - R:localhost/127.0.0.1:54726]' for 'GET' to '/devtools/browser/376c894d-ae04-4d53-9db9-917c5f55cab3'
15:28:08.309 [AsyncHttpClient-1-7] DEBUG org.asynchttpclient.netty.handler.WebSocketHandler - 

Request DefaultFullHttpRequest(decodeResult: success, version: HTTP/1.1, content: EmptyByteBufBE)
GET /devtools/browser/376c894d-ae04-4d53-9db9-917c5f55cab3 HTTP/1.1
upgrade: websocket
connection: upgrade
sec-websocket-key: GgPxSgJiskTiJAM3Uyv7ZQ==
sec-websocket-version: 13
origin: http://localhost:54726
host: localhost:54726
accept: */*
user-agent: AHC/2.1

Response DefaultHttpResponse(decodeResult: success, version: HTTP/1.1)
HTTP/1.1 101 WebSocket Protocol Handshake
Upgrade: WebSocket
Connection: Upgrade
Sec-WebSocket-Accept: +ahBKoXOytafbW9X91FLt/scIus=

15:28:08.316 [Forwarding get on session ac92d993ea1e3af3d91b13a3ee0ba715 to remote] DEBUG org.asynchttpclient.netty.request.NettyRequestSender - Using pooled Channel '[id: 0x596a71d3, L:/127.0.0.1:54724 - R:localhost/127.0.0.1:39630]' for 'POST' to 'http://localhost:39630/session/ac92d993ea1e3af3d91b13a3ee0ba715/url'
15:28:08.317 [Forwarding get on session ac92d993ea1e3af3d91b13a3ee0ba715 to remote] DEBUG org.asynchttpclient.netty.request.NettyRequestSender - Using open Channel [id: 0x596a71d3, L:/127.0.0.1:54724 - R:localhost/127.0.0.1:39630] for POST '/session/ac92d993ea1e3af3d91b13a3ee0ba715/url'
15:28:09.388 [AsyncHttpClient-1-1] DEBUG org.asynchttpclient.netty.channel.DefaultChannelPool - Entry count for : http://localhost:54726 : 1
15:28:09.800 [AsyncHttpClient-1-5] DEBUG org.asynchttpclient.netty.handler.HttpHandler - 

Request DefaultHttpRequest(decodeResult: success, version: HTTP/1.1)
POST /session/ac92d993ea1e3af3d91b13a3ee0ba715/url HTTP/1.1
User-Agent: selenium/4.8.1 (java windows)
Content-Length: 74
Content-Type: application/json; charset=utf-8
host: localhost:39630
accept: */*

Response DefaultHttpResponse(decodeResult: success, version: HTTP/1.1)
HTTP/1.1 200 OK
Content-Length: 14
Content-Type: application/json; charset=utf-8
cache-control: no-cache

15:28:09.801 [AsyncHttpClient-1-5] DEBUG org.asynchttpclient.netty.channel.ChannelManager - Adding key: http://localhost:39630 for channel [id: 0x596a71d3, L:/127.0.0.1:54724 - R:localhost/127.0.0.1:39630]
[...]
15:28:22.803 [Forwarding isElementEnabled on session fb2e4809b3e27ab5e0d8c8ee646c6b18 to remote] DEBUG org.asynchttpclient.netty.request.NettyRequestSender - Using open Channel [id: 0x805ea98b, L:/127.0.0.1:54753 - R:localhost/127.0.0.1:2865] for GET '/session/fb2e4809b3e27ab5e0d8c8ee646c6b18/element/0dfb9952-ac26-40d3-9a22-a2bb6220d2fd/enabled'
15:28:22.812 [AsyncHttpClient-1-8] DEBUG org.asynchttpclient.netty.handler.HttpHandler - 

Request DefaultFullHttpRequest(decodeResult: success, version: HTTP/1.1, content: EmptyByteBufBE)
GET /session/fb2e4809b3e27ab5e0d8c8ee646c6b18/element/0dfb9952-ac26-40d3-9a22-a2bb6220d2fd/enabled HTTP/1.1
User-Agent: selenium/4.8.1 (java windows)
Cache-Control: no-cache
Content-Type: application/json; charset=utf-8
host: localhost:2865
accept: */*

Response DefaultHttpResponse(decodeResult: success, version: HTTP/1.1)
HTTP/1.1 200 OK
Content-Length: 14
Content-Type: application/json; charset=utf-8
cache-control: no-cache

15:28:22.813 [AsyncHttpClient-1-8] DEBUG org.asynchttpclient.netty.channel.ChannelManager - Adding key: http://localhost:2865 for channel [id: 0x805ea98b, L:/127.0.0.1:54753 - R:localhost/127.0.0.1:2865]
15:28:22.814 [Forwarding isElementEnabled on session fb2e4809b3e27ab5e0d8c8ee646c6b18 to remote] DEBUG org.asynchttpclient.netty.request.NettyRequestSender - Using pooled Channel '[id: 0x805ea98b, L:/127.0.0.1:54753 - R:localhost/127.0.0.1:2865]' for 'GET' to 'http://localhost:2865/session/fb2e4809b3e27ab5e0d8c8ee646c6b18/element/0dfb9952-ac26-40d3-9a22-a2bb6220d2fd/enabled'
15:28:22.814 [Forwarding isElementEnabled on session fb2e4809b3e27ab5e0d8c8ee646c6b18 to remote] DEBUG org.asynchttpclient.netty.request.NettyRequestSender - Using open Channel [id: 0x805ea98b, L:/127.0.0.1:54753 - R:localhost/127.0.0.1:2865] for GET '/session/fb2e4809b3e27ab5e0d8c8ee646c6b18/element/0dfb9952-ac26-40d3-9a22-a2bb6220d2fd/enabled'
15:28:22.821 [AsyncHttpClient-1-8] DEBUG org.asynchttpclient.netty.handler.HttpHandler - 

Request DefaultFullHttpRequest(decodeResult: success, version: HTTP/1.1, content: EmptyByteBufBE)
GET /session/fb2e4809b3e27ab5e0d8c8ee646c6b18/element/0dfb9952-ac26-40d3-9a22-a2bb6220d2fd/enabled HTTP/1.1
User-Agent: selenium/4.8.1 (java windows)
Cache-Control: no-cache
Content-Type: application/json; charset=utf-8
host: localhost:2865
accept: */*

Response DefaultHttpResponse(decodeResult: success, version: HTTP/1.1)
HTTP/1.1 200 OK
Content-Length: 14
Content-Type: application/json; charset=utf-8
cache-control: no-cache

15:28:22.822 [AsyncHttpClient-1-8] DEBUG org.asynchttpclient.netty.channel.ChannelManager - Adding key: http://localhost:2865 for channel [id: 0x805ea98b, L:/127.0.0.1:54753 - R:localhost/127.0.0.1:2865]
15:28:22.824 [Forwarding findElement on session fb2e4809b3e27ab5e0d8c8ee646c6b18 to remote] DEBUG org.asynchttpclient.netty.request.NettyRequestSender - Using pooled Channel '[id: 0x805ea98b, L:/127.0.0.1:54753 - R:localhost/127.0.0.1:2865]' for 'POST' to 'http://localhost:2865/session/fb2e4809b3e27ab5e0d8c8ee646c6b18/element'
15:28:22.824 [Forwarding findElement on session fb2e4809b3e27ab5e0d8c8ee646c6b18 to remote] DEBUG org.asynchttpclient.netty.request.NettyRequestSender - Using open Channel [id: 0x805ea98b, L:/127.0.0.1:54753 - R:localhost/127.0.0.1:2865] for POST '/session/fb2e4809b3e27ab5e0d8c8ee646c6b18/element'
15:28:22.831 [AsyncHttpClient-1-8] DEBUG org.asynchttpclient.netty.handler.HttpHandler - 

Request DefaultHttpRequest(decodeResult: success, version: HTTP/1.1)
POST /session/fb2e4809b3e27ab5e0d8c8ee646c6b18/element HTTP/1.1
User-Agent: selenium/4.8.1 (java windows)
Content-Length: 59
Content-Type: application/json; charset=utf-8
host: localhost:2865
accept: */*

Response DefaultHttpResponse(decodeResult: success, version: HTTP/1.1)
HTTP/1.1 200 OK
Content-Length: 88
Content-Type: application/json; charset=utf-8
cache-control: no-cache

15:28:22.831 [AsyncHttpClient-1-8] DEBUG org.asynchttpclient.netty.channel.ChannelManager - Adding key: http://localhost:2865 for channel [id: 0x805ea98b, L:/127.0.0.1:54753 - R:localhost/127.0.0.1:2865]
15:28:22.832 [Forwarding clickElement on session fb2e4809b3e27ab5e0d8c8ee646c6b18 to remote] DEBUG org.asynchttpclient.netty.request.NettyRequestSender - Using pooled Channel '[id: 0x805ea98b, L:/127.0.0.1:54753 - R:localhost/127.0.0.1:2865]' for 'POST' to 'http://localhost:2865/session/fb2e4809b3e27ab5e0d8c8ee646c6b18/element/0dfb9952-ac26-40d3-9a22-a2bb6220d2fd/click'
15:28:22.833 [Forwarding clickElement on session fb2e4809b3e27ab5e0d8c8ee646c6b18 to remote] DEBUG org.asynchttpclient.netty.request.NettyRequestSender - Using open Channel [id: 0x805ea98b, L:/127.0.0.1:54753 - R:localhost/127.0.0.1:2865] for POST '/session/fb2e4809b3e27ab5e0d8c8ee646c6b18/element/0dfb9952-ac26-40d3-9a22-a2bb6220d2fd/click'
15:28:22.873 [AsyncHttpClient-1-8] DEBUG org.asynchttpclient.netty.handler.HttpHandler - 

Request DefaultHttpRequest(decodeResult: success, version: HTTP/1.1)
POST /session/fb2e4809b3e27ab5e0d8c8ee646c6b18/element/0dfb9952-ac26-40d3-9a22-a2bb6220d2fd/click HTTP/1.1
User-Agent: selenium/4.8.1 (java windows)
Content-Length: 50
Content-Type: application/json; charset=utf-8
host: localhost:2865
accept: */*

Response DefaultHttpResponse(decodeResult: success, version: HTTP/1.1)
HTTP/1.1 200 OK
Content-Length: 14
Content-Type: application/json; charset=utf-8
cache-control: no-cache

15:28:22.873 [AsyncHttpClient-1-8] DEBUG org.asynchttpclient.netty.channel.ChannelManager - Adding key: http://localhost:2865 for channel [id: 0x805ea98b, L:/127.0.0.1:54753 - R:localhost/127.0.0.1:2865]
  &amp#27;[32mAnd &amp#27;[0m&amp#27;[32muser click Bayar&amp#27;[0m                                                   &amp#27;[90m# starter.stepdefinitions.ChooseProductSteps.userClickBayar()&amp#27;[0m
15:28:22.892 [Forwarding findElement on session fb2e4809b3e27ab5e0d8c8ee646c6b18 to remote] DEBUG org.asynchttpclient.netty.request.NettyRequestSender - Using pooled Channel '[id: 0x805ea98b, L:/127.0.0.1:54753 - R:localhost/127.0.0.1:2865]' for 'POST' to 'http://localhost:2865/session/fb2e4809b3e27ab5e0d8c8ee646c6b18/element'
15:28:22.892 [Forwarding findElement on session fb2e4809b3e27ab5e0d8c8ee646c6b18 to remote] DEBUG org.asynchttpclient.netty.request.NettyRequestSender - Using open Channel [id: 0x805ea98b, L:/127.0.0.1:54753 - R:localhost/127.0.0.1:2865] for POST '/session/fb2e4809b3e27ab5e0d8c8ee646c6b18/element'
15:28:22.945 [AsyncHttpClient-1-8] DEBUG org.asynchttpclient.netty.handler.HttpHandler - 

Request DefaultHttpRequest(decodeResult: success, version: HTTP/1.1)
POST /session/fb2e4809b3e27ab5e0d8c8ee646c6b18/element HTTP/1.1
User-Agent: selenium/4.8.1 (java windows)
Content-Length: 84
Content-Type: application/json; charset=utf-8
host: localhost:2865
accept: */*

Response DefaultHttpResponse(decodeResult: success, version: HTTP/1.1)
HTTP/1.1 200 OK
Content-Length: 88
Content-Type: application/json; charset=utf-8
cache-control: no-cache

15:28:22.945 [AsyncHttpClient-1-8] DEBUG org.asynchttpclient.netty.channel.ChannelManager - Adding key: http://localhost:2865 for channel [id: 0x805ea98b, L:/127.0.0.1:54753 - R:localhost/127.0.0.1:2865]
15:28:22.947 [Forwarding getElementTagName on session fb2e4809b3e27ab5e0d8c8ee646c6b18 to remote] DEBUG org.asynchttpclient.netty.request.NettyRequestSender - Using pooled Channel '[id: 0x805ea98b, L:/127.0.0.1:54753 - R:localhost/127.0.0.1:2865]' for 'GET' to 'http://localhost:2865/session/fb2e4809b3e27ab5e0d8c8ee646c6b18/element/f6e8241d-82a7-483b-80af-5a6f6f283fc1/name'
15:28:22.947 [Forwarding getElementTagName on session fb2e4809b3e27ab5e0d8c8ee646c6b18 to remote] DEBUG org.asynchttpclient.netty.request.NettyRequestSender - Using open Channel [id: 0x805ea98b, L:/127.0.0.1:54753 - R:localhost/127.0.0.1:2865] for GET '/session/fb2e4809b3e27ab5e0d8c8ee646c6b18/element/f6e8241d-82a7-483b-80af-5a6f6f283fc1/name'
15:28:22.952 [AsyncHttpClient-1-8] DEBUG org.asynchttpclient.netty.handler.HttpHandler - 

Request DefaultFullHttpRequest(decodeResult: success, version: HTTP/1.1, content: EmptyByteBufBE)
GET /session/fb2e4809b3e27ab5e0d8c8ee646c6b18/element/f6e8241d-82a7-483b-80af-5a6f6f283fc1/name HTTP/1.1
User-Agent: selenium/4.8.1 (java windows)
Cache-Control: no-cache
Content-Type: application/json; charset=utf-8
host: localhost:2865
accept: */*

Response DefaultHttpResponse(decodeResult: success, version: HTTP/1.1)
HTTP/1.1 200 OK
Content-Length: 15
Content-Type: application/json; charset=utf-8
cache-control: no-cache

15:28:22.952 [AsyncHttpClient-1-8] DEBUG org.asynchttpclient.netty.channel.ChannelManager - Adding key: http://localhost:2865 for channel [id: 0x805ea98b, L:/127.0.0.1:54753 - R:localhost/127.0.0.1:2865]
15:28:22.953 [Forwarding getElementTagName on session fb2e4809b3e27ab5e0d8c8ee646c6b18 to remote] DEBUG org.asynchttpclient.netty.request.NettyRequestSender - Using pooled Channel '[id: 0x805ea98b, L:/127.0.0.1:54753 - R:localhost/127.0.0.1:2865]' for 'GET' to 'http://localhost:2865/session/fb2e4809b3e27ab5e0d8c8ee646c6b18/element/f6e8241d-82a7-483b-80af-5a6f6f283fc1/name'
15:28:22.953 [Forwarding getElementTagName on session fb2e4809b3e27ab5e0d8c8ee646c6b18 to remote] DEBUG org.asynchttpclient.netty.request.NettyRequestSender - Using open Channel [id: 0x805ea98b, L:/127.0.0.1:54753 - R:localhost/127.0.0.1:2865] for GET '/session/fb2e4809b3e27ab5e0d8c8ee646c6b18/element/f6e8241d-82a7-483b-80af-5a6f6f283fc1/name'
15:28:22.957 [AsyncHttpClient-1-8] DEBUG org.asynchttpclient.netty.handler.HttpHandler - 

Request DefaultFullHttpRequest(decodeResult: success, version: HTTP/1.1, content: EmptyByteBufBE)
GET /session/fb2e4809b3e27ab5e0d8c8ee646c6b18/element/f6e8241d-82a7-483b-80af-5a6f6f283fc1/name HTTP/1.1
User-Agent: selenium/4.8.1 (java windows)
Cache-Control: no-cache
Content-Type: application/json; charset=utf-8
host: localhost:2865
accept: */*

Response DefaultHttpResponse(decodeResult: success, version: HTTP/1.1)
HTTP/1.1 200 OK
Content-Length: 15
Content-Type: application/json; charset=utf-8
cache-control: no-cache

15:28:22.957 [AsyncHttpClient-1-8] DEBUG org.asynchttpclient.netty.channel.ChannelManager - Adding key: http://localhost:2865 for channel [id: 0x805ea98b, L:/127.0.0.1:54753 - R:localhost/127.0.0.1:2865]
15:28:22.961 [Forwarding findElement on session fb2e4809b3e27ab5e0d8c8ee646c6b18 to remote] DEBUG org.asynchttpclient.netty.request.NettyRequestSender - Using pooled Channel '[id: 0x805ea98b, L:/127.0.0.1:54753 - R:localhost/127.0.0.1:2865]' for 'POST' to 'http://localhost:2865/session/fb2e4809b3e27ab5e0d8c8ee646c6b18/element'
15:28:22.961 [Forwarding findElement on session fb2e4809b3e27ab5e0d8c8ee646c6b18 to remote] DEBUG org.asynchttpclient.netty.request.NettyRequestSender - Using open Channel [id: 0x805ea98b, L:/127.0.0.1:54753 - R:localhost/127.0.0.1:2865] for POST '/session/fb2e4809b3e27ab5e0d8c8ee646c6b18/element'
15:28:22.970 [AsyncHttpClient-1-8] DEBUG org.asynchttpclient.netty.handler.HttpHandler - 

Request DefaultHttpRequest(decodeResult: success, version: HTTP/1.1)
POST /session/fb2e4809b3e27ab5e0d8c8ee646c6b18/element HTTP/1.1
User-Agent: selenium/4.8.1 (java windows)
Content-Length: 84
Content-Type: application/json; charset=utf-8
host: localhost:2865
accept: */*

Response DefaultHttpResponse(decodeResult: success, version: HTTP/1.1)
HTTP/1.1 200 OK
Content-Length: 88
Content-Type: application/json; charset=utf-8
cache-control: no-cache

15:28:22.970 [AsyncHttpClient-1-8] DEBUG org.asynchttpclient.netty.channel.ChannelManager - Adding key: http://localhost:2865 for channel [id: 0x805ea98b, L:/127.0.0.1:54753 - R:localhost/127.0.0.1:2865]
15:28:22.972 [Forwarding clickElement on session fb2e4809b3e27ab5e0d8c8ee646c6b18 to remote] DEBUG org.asynchttpclient.netty.request.NettyRequestSender - Using pooled Channel '[id: 0x805ea98b, L:/127.0.0.1:54753 - R:localhost/127.0.0.1:2865]' for 'POST' to 'http://localhost:2865/session/fb2e4809b3e27ab5e0d8c8ee646c6b18/element/f6e8241d-82a7-483b-80af-5a6f6f283fc1/click'
15:28:22.972 [Forwarding clickElement on session fb2e4809b3e27ab5e0d8c8ee646c6b18 to remote] DEBUG org.asynchttpclient.netty.request.NettyRequestSender - Using open Channel [id: 0x805ea98b, L:/127.0.0.1:54753 - R:localhost/127.0.0.1:2865] for POST '/session/fb2e4809b3e27ab5e0d8c8ee646c6b18/element/f6e8241d-82a7-483b-80af-5a6f6f283fc1/click'
15:28:23.011 [AsyncHttpClient-1-8] DEBUG org.asynchttpclient.netty.handler.HttpHandler - 

Request DefaultHttpRequest(decodeResult: success, version: HTTP/1.1)
POST /session/fb2e4809b3e27ab5e0d8c8ee646c6b18/element/f6e8241d-82a7-483b-80af-5a6f6f283fc1/click HTTP/1.1
User-Agent: selenium/4.8.1 (java windows)
Content-Length: 50
Content-Type: application/json; charset=utf-8
host: localhost:2865
accept: */*

Response DefaultHttpResponse(decodeResult: success, version: HTTP/1.1)
HTTP/1.1 200 OK
Content-Length: 14
Content-Type: application/json; charset=utf-8
cache-control: no-cache

15:28:23.011 [AsyncHttpClient-1-8] DEBUG org.asynchttpclient.netty.channel.ChannelManager - Adding key: http://localhost:2865 for channel [id: 0x805ea98b, L:/127.0.0.1:54753 - R:localhost/127.0.0.1:2865]
  &amp#27;[32mThen &amp#27;[0m&amp#27;[32mthe order has been successfully and user see history transactions&amp#27;[0m &amp#27;[90m# starter.stepdefinitions.ChooseProductSteps.theOrderHasBeenSuccessfullyAndUserSeeHistoryTransactions()&amp#27;[0m
15:28:23.016 [main] INFO  - 
  _____   ___   ___   _____     ___     _     ___   ___   ___   ___  
 |_   _| | __| / __| |_   _|   | _ \   /_\   / __| / __| | __| |   \ 
   | |   | _|  \__ \   | |     |  _/  / _ \  \__ \ \__ \ | _|  | |) |
   |_|   |___| |___/   |_|     |_|   /_/ \_\ |___/ |___/ |___| |___/ 

as user i want to order and pay product
----------------------------------------------------------------------
15:28:23.017 [AsyncHttpClient-1-2] DEBUG org.asynchttpclient.netty.handler.WebSocketHandler - Channel Closed: [id: 0xdc0348ce, L:/127.0.0.1:54762 ! R:localhost/127.0.0.1:54755] with attribute NettyResponseFuture{currentRetry=0,
	isDone=1,
	isCancelled=0,
	asyncHandler=org.asynchttpclient.ws.WebSocketUpgradeHandler@359a952b,
	nettyRequest=org.asynchttpclient.netty.request.NettyRequest@475e4f8,
	future=java.util.concurrent.CompletableFuture@69f1ae14[Completed normally],
	uri=ws://localhost:54755/devtools/browser/73565a31-b839-4063-9e0b-7cbaf3d8c7dd,
	keepAlive=true,
	redirectCount=0,
	timeoutsHolder=null,
	inAuth=0,
	touch=1683534497647}
15:28:23.018 [AsyncHttpClient-1-2] DEBUG org.asynchttpclient.netty.channel.ChannelManager - Closing Channel [id: 0xdc0348ce, L:/127.0.0.1:54762 ! R:localhost/127.0.0.1:54755] 
15:28:23.018 [Driver Command Executor] DEBUG org.asynchttpclient.netty.request.NettyRequestSender - Using pooled Channel '[id: 0x805ea98b, L:/127.0.0.1:54753 - R:localhost/127.0.0.1:2865]' for 'DELETE' to 'http://localhost:2865/session/fb2e4809b3e27ab5e0d8c8ee646c6b18'
15:28:23.018 [Driver Command Executor] DEBUG org.asynchttpclient.netty.request.NettyRequestSender - Using open Channel [id: 0x805ea98b, L:/127.0.0.1:54753 - R:localhost/127.0.0.1:2865] for DELETE '/session/fb2e4809b3e27ab5e0d8c8ee646c6b18'
15:28:23.066 [AsyncHttpClient-1-9] DEBUG org.asynchttpclient.netty.handler.HttpHandler - Unexpected I/O exception on channel [id: 0x97e393e6, L:/127.0.0.1:54761 - R:localhost/127.0.0.1:54755]
java.io.IOException: An existing connection was forcibly closed by the remote host
	at sun.nio.ch.SocketDispatcher.read0(Native Method)
	at sun.nio.ch.SocketDispatcher.read(SocketDispatcher.java:43)
	at sun.nio.ch.IOUtil.readIntoNativeBuffer(IOUtil.java:223)
	at sun.nio.ch.IOUtil.read(IOUtil.java:192)
	at sun.nio.ch.SocketChannelImpl.read(SocketChannelImpl.java:380)
	at io.netty.buffer.PooledByteBuf.setBytes(PooledByteBuf.java:259)
	at io.netty.buffer.AbstractByteBuf.writeBytes(AbstractByteBuf.java:1132)
	at io.netty.channel.socket.nio.NioSocketChannel.doReadBytes(NioSocketChannel.java:357)
	at io.netty.channel.nio.AbstractNioByteChannel$NioByteUnsafe.read(AbstractNioByteChannel.java:151)
	at io.netty.channel.nio.NioEventLoop.processSelectedKey(NioEventLoop.java:788)
	at io.netty.channel.nio.NioEventLoop.processSelectedKeysOptimized(NioEventLoop.java:724)
	at io.netty.channel.nio.NioEventLoop.processSelectedKeys(NioEventLoop.java:650)
	at io.netty.channel.nio.NioEventLoop.run(NioEventLoop.java:562)
	at io.netty.util.concurrent.SingleThreadEventExecutor$4.run(SingleThreadEventExecutor.java:997)
	at io.netty.util.internal.ThreadExecutorMap$2.run(ThreadExecutorMap.java:74)
	at io.netty.util.concurrent.FastThreadLocalRunnable.run(FastThreadLocalRunnable.java:30)
	at java.lang.Thread.run(Thread.java:748)
15:28:23.066 [AsyncHttpClient-1-9] DEBUG org.asynchttpclient.netty.channel.ChannelManager - Closing Channel [id: 0x97e393e6, L:/127.0.0.1:54761 - R:localhost/127.0.0.1:54755] 
15:28:23.066 [AsyncHttpClient-1-9] DEBUG org.asynchttpclient.netty.handler.HttpHandler - Channel Closed: [id: 0x97e393e6, L:/127.0.0.1:54761 ! R:localhost/127.0.0.1:54755] with attribute DISCARD
15:28:23.108 [AsyncHttpClient-1-8] DEBUG org.asynchttpclient.netty.handler.HttpHandler - 

Request DefaultFullHttpRequest(decodeResult: success, version: HTTP/1.1, content: EmptyByteBufBE)
DELETE /session/fb2e4809b3e27ab5e0d8c8ee646c6b18 HTTP/1.1
User-Agent: selenium/4.8.1 (java windows)
Content-Type: application/json; charset=utf-8
host: localhost:2865
accept: */*

Response DefaultHttpResponse(decodeResult: success, version: HTTP/1.1)
HTTP/1.1 200 OK
Content-Length: 14
Content-Type: application/json; charset=utf-8
cache-control: no-cache

15:28:23.108 [AsyncHttpClient-1-8] DEBUG org.asynchttpclient.netty.channel.ChannelManager - Adding key: http://localhost:2865 for channel [id: 0x805ea98b, L:/127.0.0.1:54753 - R:localhost/127.0.0.1:2865]
15:28:23.208 [AsyncHttpClient-1-8] DEBUG org.asynchttpclient.netty.handler.HttpHandler - Channel Closed: [id: 0x805ea98b, L:/127.0.0.1:54753 ! R:localhost/127.0.0.1:2865] with attribute DISCARD
15:28:23.677 [AsyncHttpClient-1-1] DEBUG org.asynchttpclient.netty.channel.DefaultChannelPool - Entry count for : http://localhost:2865 : 1
15:28:23.677 [AsyncHttpClient-1-1] DEBUG org.asynchttpclient.netty.channel.DefaultChannelPool - Entry count for : http://localhost:54755 : 1
15:28:23.677 [AsyncHttpClient-1-1] DEBUG org.asynchttpclient.netty.channel.DefaultChannelPool - Adding Candidate expired Channel [id: 0x805ea98b, L:/127.0.0.1:54753 ! R:localhost/127.0.0.1:2865] isIdleTimeoutExpired=false isRemotelyClosed=true isTtlExpired=false
15:28:23.677 [AsyncHttpClient-1-1] DEBUG org.asynchttpclient.netty.channel.DefaultChannelPool - Closing Idle Channel [id: 0x805ea98b, L:/127.0.0.1:54753 ! R:localhost/127.0.0.1:2865]
15:28:23.677 [AsyncHttpClient-1-1] DEBUG org.asynchttpclient.netty.channel.DefaultChannelPool - Adding Candidate expired Channel [id: 0x97e393e6, L:/127.0.0.1:54761 ! R:localhost/127.0.0.1:54755] isIdleTimeoutExpired=false isRemotelyClosed=true isTtlExpired=false
15:28:23.677 [AsyncHttpClient-1-1] DEBUG org.asynchttpclient.netty.channel.DefaultChannelPool - Closing Idle Channel [id: 0x97e393e6, L:/127.0.0.1:54761 ! R:localhost/127.0.0.1:54755]
15:28:23.678 [AsyncHttpClient-1-1] DEBUG org.asynchttpclient.netty.channel.DefaultChannelPool - Closed 2 connections out of 2 in 1 ms
]]></system-out>
    <system-err><![CDATA[Starting ChromeDriver 112.0.5615.49 (bd2a7bcb881c11e8cfe3078709382934e3916914-refs/branch-heads/5615@{#936}) on port 2865
Only local connections are allowed.
Please see https://chromedriver.chromium.org/security-considerations for suggestions on keeping ChromeDriver safe.
ChromeDriver was started successfully.
May 08, 2023 3:28:17 PM org.openqa.selenium.devtools.CdpVersionFinder findNearestMatch
WARNING: Unable to find an exact match for CDP version 112, so returning the closest version found: 110
]]></system-err>
  </testcase>
</testsuite>