<?xml version="1.0" encoding="UTF-8"?>
<testsuite xmlns:xsi="http://www.w3.org/2001/XMLSchema-instance" xsi:noNamespaceSchemaLocation="https://maven.apache.org/surefire/maven-failsafe-plugin/xsd/failsafe-test-report-3.0.xsd" version="3.0" name="starter.CucumberTestSuite" time="41.379" tests="4" errors="0" skipped="0" failures="0">
  <properties>
[...]
</properties>
  <testcase name="as user i want to input valid to then i can see success login" classname="As a user i have be able to success login so that i can see main page" time="18.886">
    <system-out><![CDATA[14:27:42.377 [main] DEBUG net.thucydides.core.guice.Injectors - Created injector for module net.thucydides.core.guice.ThucydidesModule
14:27:42.954 [main] DEBUG io.cucumber.core.plugin.SerenityReporter - Running feature from file:///D:/D/QE_Alta/MiniProject/Web/Login-Web-AltaShop/src/test/resources/features/Login.feature
14:27:43.395 [main] DEBUG net.thucydides.core.guice.Injectors - Created injector for module net.thucydides.core.guice.webdriver.WebDriverModule
14:27:43.515 [main] INFO  - 

-------------------------------------------------------------------------------------
     _______. _______ .______       _______ .__   __.  __  .___________.____    ____ 
    /       ||   ____||   _  \     |   ____||  \ |  | |  | |           |\   \  /   / 
   |   (----`|  |__   |  |_)  |    |  |__   |   \|  | |  | `---|  |----` \   \/   /  
    \   \    |   __|  |      /     |   __|  |  . `  | |  |     |  |       \_    _/   
.----)   |   |  |____ |  |\  \----.|  |____ |  |\   | |  |     |  |         |  |     
|_______/    |_______|| _| `._____||_______||__| \__| |__|     |__|         |__|    
                                                                                     
 News and tutorials at http://www.serenity-bdd.info                                  
 Documentation at https://wakaleo.gitbooks.io/the-serenity-book/content/             
 Join the Serenity Community on Gitter: https://gitter.im/serenity-bdd/serenity-core 
 Serenity BDD Support and Training at http://serenity-bdd.info/#/trainingandsupport  
-------------------------------------------------------------------------------------

14:27:43.520 [main] DEBUG net.thucydides.core.steps.StepEventBus - Test suite started for story net.thucydides.core.model.Story@c129998f
14:27:43.523 [main] INFO  - Test Suite Started: As a user i have be able to success login so that i can see main page
14:27:43.569 [main] DEBUG io.cucumber.core.plugin.SerenityReporter - Running feature from file:///D:/D/QE_Alta/MiniProject/Web/Login-Web-AltaShop/src/test/resources/features/Login.feature
14:27:43.574 [main] DEBUG net.thucydides.core.steps.StepEventBus - Test suite started for story net.thucydides.core.model.Story@c129998f
14:27:43.575 [main] INFO  - Test Suite Started: As a user i have be able to success login so that i can see main page

@TestCaseMPAAAC-8
Scenario: as user i want to input valid to then i can see success login &amp#27;[90m# src/test/resources/features/Login.feature:4&amp#27;[0m
14:27:43.867 [main] DEBUG io.cucumber.core.plugin.SerenityReporter - Running feature from file:///D:/D/QE_Alta/MiniProject/Web/Login-Web-AltaShop/src/test/resources/features/Login.feature
14:27:44.321 [main] INFO  - 
  _____   ___   ___   _____     ___   _____     _     ___   _____   ___   ___  
 |_   _| | __| / __| |_   _|   / __| |_   _|   /_\   | _ \ |_   _| | __| |   \ 
   | |   | _|  \__ \   | |     \__ \   | |    / _ \  |   /   | |   | _|  | |) |
   |_|   |___| |___/   |_|     |___/   |_|   /_/ \_\ |_|_\   |_|   |___| |___/ 

as user i want to input valid to then i can see success login(as-a-user-i-have-be-able-to-success-login-so-that-i-can-see-main-page;as-user-i-want-to-input-valid-to-then-i-can-see-success-login)
--------------------------------------------------------------------------------
14:27:44.444 [main] DEBUG net.thucydides.core.requirements.model.cucumber.CucumberParser - Loading feature D:\D\QE_Alta\MiniProject\Web\Login-Web-AltaShop\src\test\resources\features\Login.feature
14:27:46.772 [main] DEBUG net.thucydides.core.steps.StepInterceptor - STARTING STEP: LoginSteps.userOnLoginPage - onLoginPage
14:27:46.915 [main] INFO net.serenitybdd.core.webdriver.driverproviders.DriverProvider - Using WebDriverManager configuration for chrome
14:27:48.705 [main] DEBUG io.github.bonigarcia.wdm.cache.ResolutionCache - Resolution chrome=112 in cache (valid until 15:13:59 08/05/2023 ICT)
14:27:48.707 [main] DEBUG io.github.bonigarcia.wdm.cache.ResolutionCache - Resolution chrome112=112.0.5615.49 in cache (valid until 14:13:59 09/05/2023 ICT)
14:27:48.708 [main] INFO io.github.bonigarcia.wdm.WebDriverManager - Using chromedriver 112.0.5615.49 (resolved driver for Chrome 112)
14:27:48.846 [main] DEBUG io.github.bonigarcia.wdm.WebDriverManager - Driver chromedriver 112.0.5615.49 found in cache
14:27:48.851 [main] INFO io.github.bonigarcia.wdm.WebDriverManager - Exporting webdriver.chrome.driver as C:\Users\ADW User ACR\.cache\selenium\chromedriver\win32\112.0.5615.49\chromedriver.exe
14:27:49.057 [main] INFO net.serenitybdd.core.webdriver.driverproviders.ChromeDriverProvider - Starting Chrome driver instance with capabilities:
14:27:49.066 [main] INFO net.serenitybdd.core.webdriver.driverproviders.ChromeDriverProvider - Capabilities {acceptInsecureCerts: true, browserName: chrome, goog:chromeOptions: {args: [remote-allow-origins=*, test-type, no-sandbox, ignore-certificate-errors, start-maximized, incognito, disable-infobars, disable-gpu, disable-default-apps, disable-popup-blocking, remote-allow-origins=*, test-type, no-sandbox, ignore-certificate-errors, start-maximized, incognito, disable-infobars, disable-gpu, disable-default-apps, disable-popup-blocking, remote-allow-origins=*], extensions: []}}
14:27:49.386 [main] DEBUG io.netty.util.internal.logging.InternalLoggerFactory - Using SLF4J as the default logging framework
14:27:49.394 [main] DEBUG io.netty.util.ResourceLeakDetector - -Dio.netty.leakDetection.level: simple
14:27:49.395 [main] DEBUG io.netty.util.ResourceLeakDetector - -Dio.netty.leakDetection.targetRecords: 4
14:27:49.406 [main] DEBUG io.netty.util.ResourceLeakDetectorFactory - Loaded default ResourceLeakDetector: io.netty.util.ResourceLeakDetector@2629d5dc
14:27:49.464 [main] DEBUG io.netty.util.internal.PlatformDependent0 - -Dio.netty.noUnsafe: false
14:27:49.464 [main] DEBUG io.netty.util.internal.PlatformDependent0 - Java version: 8
14:27:49.466 [main] DEBUG io.netty.util.internal.PlatformDependent0 - sun.misc.Unsafe.theUnsafe: available
14:27:49.467 [main] DEBUG io.netty.util.internal.PlatformDependent0 - sun.misc.Unsafe.copyMemory: available
14:27:49.468 [main] DEBUG io.netty.util.internal.PlatformDependent0 - sun.misc.Unsafe.storeFence: available
14:27:49.470 [main] DEBUG io.netty.util.internal.PlatformDependent0 - java.nio.Buffer.address: available
14:27:49.471 [main] DEBUG io.netty.util.internal.PlatformDependent0 - direct buffer constructor: available
14:27:49.473 [main] DEBUG io.netty.util.internal.PlatformDependent0 - java.nio.Bits.unaligned: available, true
14:27:49.473 [main] DEBUG io.netty.util.internal.PlatformDependent0 - jdk.internal.misc.Unsafe.allocateUninitializedArray(int): unavailable prior to Java9
14:27:49.473 [main] DEBUG io.netty.util.internal.PlatformDependent0 - java.nio.DirectByteBuffer.<init>(long, int): available
14:27:49.473 [main] DEBUG io.netty.util.internal.PlatformDependent - sun.misc.Unsafe: available
14:27:49.474 [main] DEBUG io.netty.util.internal.PlatformDependent - -Dio.netty.tmpdir: C:\Users\ADWUSE~1\AppData\Local\Temp (java.io.tmpdir)
14:27:49.474 [main] DEBUG io.netty.util.internal.PlatformDependent - -Dio.netty.bitMode: 64 (sun.arch.data.model)
14:27:49.475 [main] DEBUG io.netty.util.internal.PlatformDependent - Platform: Windows
14:27:49.477 [main] DEBUG io.netty.util.internal.PlatformDependent - -Dio.netty.maxDirectMemory: 1840250880 bytes
14:27:49.478 [main] DEBUG io.netty.util.internal.PlatformDependent - -Dio.netty.uninitializedArrayAllocationThreshold: -1
14:27:49.482 [main] DEBUG io.netty.util.internal.CleanerJava6 - java.nio.ByteBuffer.cleaner(): available
14:27:49.482 [main] DEBUG io.netty.util.internal.PlatformDependent - -Dio.netty.noPreferDirect: false
14:27:49.503 [main] DEBUG io.netty.util.internal.PlatformDependent - org.jctools-core.MpscChunkedArrayQueue: available
14:27:49.555 [main] DEBUG io.netty.util.internal.InternalThreadLocalMap - -Dio.netty.threadLocalMap.stringBuilder.initialSize: 1024
14:27:49.555 [main] DEBUG io.netty.util.internal.InternalThreadLocalMap - -Dio.netty.threadLocalMap.stringBuilder.maxSize: 4096
14:27:49.642 [main] DEBUG io.netty.handler.ssl.JdkSslContext - Default protocols (JDK): [TLSv1.2, TLSv1.1, TLSv1] 
14:27:49.642 [main] DEBUG io.netty.handler.ssl.JdkSslContext - Default cipher suites (JDK): [TLS_ECDHE_ECDSA_WITH_AES_256_GCM_SHA384, TLS_ECDHE_ECDSA_WITH_AES_128_GCM_SHA256, TLS_ECDHE_RSA_WITH_AES_128_GCM_SHA256, TLS_ECDHE_RSA_WITH_AES_256_GCM_SHA384, TLS_ECDHE_RSA_WITH_AES_128_CBC_SHA, TLS_ECDHE_RSA_WITH_AES_256_CBC_SHA, TLS_RSA_WITH_AES_128_GCM_SHA256, TLS_RSA_WITH_AES_128_CBC_SHA, TLS_RSA_WITH_AES_256_CBC_SHA]
14:27:49.787 [main] DEBUG io.netty.channel.MultithreadEventLoopGroup - -Dio.netty.eventLoopThreads: 8
14:27:49.925 [main] DEBUG io.netty.channel.nio.NioEventLoop - -Dio.netty.noKeySetOptimization: false
14:27:49.926 [main] DEBUG io.netty.channel.nio.NioEventLoop - -Dio.netty.selectorAutoRebuildThreshold: 512
14:27:50.100 [main] DEBUG io.netty.buffer.PooledByteBufAllocator - -Dio.netty.allocator.numHeapArenas: 8
14:27:50.100 [main] DEBUG io.netty.buffer.PooledByteBufAllocator - -Dio.netty.allocator.numDirectArenas: 8
14:27:50.100 [main] DEBUG io.netty.buffer.PooledByteBufAllocator - -Dio.netty.allocator.pageSize: 8192
14:27:50.100 [main] DEBUG io.netty.buffer.PooledByteBufAllocator - -Dio.netty.allocator.maxOrder: 9
14:27:50.100 [main] DEBUG io.netty.buffer.PooledByteBufAllocator - -Dio.netty.allocator.chunkSize: 4194304
14:27:50.100 [main] DEBUG io.netty.buffer.PooledByteBufAllocator - -Dio.netty.allocator.smallCacheSize: 256
14:27:50.101 [main] DEBUG io.netty.buffer.PooledByteBufAllocator - -Dio.netty.allocator.normalCacheSize: 64
14:27:50.101 [main] DEBUG io.netty.buffer.PooledByteBufAllocator - -Dio.netty.allocator.maxCachedBufferCapacity: 32768
14:27:50.101 [main] DEBUG io.netty.buffer.PooledByteBufAllocator - -Dio.netty.allocator.cacheTrimInterval: 8192
14:27:50.101 [main] DEBUG io.netty.buffer.PooledByteBufAllocator - -Dio.netty.allocator.cacheTrimIntervalMillis: 0
14:27:50.101 [main] DEBUG io.netty.buffer.PooledByteBufAllocator - -Dio.netty.allocator.useCacheForAllThreads: false
14:27:50.101 [main] DEBUG io.netty.buffer.PooledByteBufAllocator - -Dio.netty.allocator.maxCachedByteBuffersPerChunk: 1023
14:27:50.118 [main] DEBUG io.netty.buffer.ByteBufUtil - -Dio.netty.allocator.type: pooled
14:27:50.118 [main] DEBUG io.netty.buffer.ByteBufUtil - -Dio.netty.threadLocalDirectBufferSize: 0
14:27:50.119 [main] DEBUG io.netty.buffer.ByteBufUtil - -Dio.netty.maxThreadLocalCharBufferSize: 16384
14:27:51.397 [Forwarding newSession on session null to remote] DEBUG io.netty.channel.DefaultChannelId - -Dio.netty.processId: 7984 (auto-detected)
14:27:51.405 [Forwarding newSession on session null to remote] DEBUG io.netty.util.NetUtil - -Djava.net.preferIPv4Stack: false
14:27:51.406 [Forwarding newSession on session null to remote] DEBUG io.netty.util.NetUtil - -Djava.net.preferIPv6Addresses: false
14:27:52.230 [Forwarding newSession on session null to remote] DEBUG io.netty.util.NetUtilInitializations - Loopback interface: lo (Software Loopback Interface 1, 127.0.0.1)
14:27:52.232 [Forwarding newSession on session null to remote] DEBUG io.netty.util.NetUtil - Failed to get SOMAXCONN from sysctl and file \proc\sys\net\core\somaxconn. Default: 200
14:27:52.380 [Forwarding newSession on session null to remote] DEBUG io.netty.channel.DefaultChannelId - -Dio.netty.machineId: a4:02:b9:ff:fe:26:7f:1e (auto-detected)
14:27:52.539 [AsyncHttpClient-1-2] DEBUG io.netty.buffer.AbstractByteBuf - -Dio.netty.buffer.checkAccessible: true
14:27:52.539 [AsyncHttpClient-1-2] DEBUG io.netty.buffer.AbstractByteBuf - -Dio.netty.buffer.checkBounds: true
14:27:52.539 [AsyncHttpClient-1-2] DEBUG io.netty.util.ResourceLeakDetectorFactory - Loaded default ResourceLeakDetector: io.netty.util.ResourceLeakDetector@7c6f0772
14:27:52.577 [AsyncHttpClient-1-2] DEBUG org.asynchttpclient.netty.channel.NettyConnectListener - Using new Channel '[id: 0x96dfaad7, L:/127.0.0.1:51825 - R:localhost/127.0.0.1:4887]' for 'POST' to '/session'
14:27:52.617 [AsyncHttpClient-1-2] DEBUG io.netty.util.Recycler - -Dio.netty.recycler.maxCapacityPerThread: 4096
14:27:52.617 [AsyncHttpClient-1-2] DEBUG io.netty.util.Recycler - -Dio.netty.recycler.ratio: 8
14:27:52.617 [AsyncHttpClient-1-2] DEBUG io.netty.util.Recycler - -Dio.netty.recycler.chunkSize: 32
14:27:52.617 [AsyncHttpClient-1-2] DEBUG io.netty.util.Recycler - -Dio.netty.recycler.blocking: false
14:27:54.673 [AsyncHttpClient-1-2] DEBUG io.netty.handler.codec.compression.Brotli - brotli4j not in the classpath; Brotli support will be unavailable.
14:27:54.674 [AsyncHttpClient-1-2] DEBUG org.asynchttpclient.netty.handler.HttpHandler - 

Request DefaultHttpRequest(decodeResult: success, version: HTTP/1.1)
POST /session HTTP/1.1
User-Agent: selenium/4.8.1 (java windows)
Content-Length: 1701
Content-Type: application/json; charset=utf-8
host: localhost:4887
accept: */*

Response DefaultHttpResponse(decodeResult: success, version: HTTP/1.1)
HTTP/1.1 200 OK
Content-Length: 862
Content-Type: application/json; charset=utf-8
cache-control: no-cache

14:27:54.699 [AsyncHttpClient-1-2] DEBUG org.asynchttpclient.netty.channel.ChannelManager - Adding key: http://localhost:4887 for channel [id: 0x96dfaad7, L:/127.0.0.1:51825 - R:localhost/127.0.0.1:4887]
14:27:55.004 [AsyncHttpClient-1-3] DEBUG org.asynchttpclient.netty.channel.NettyConnectListener - Using new Channel '[id: 0xab4b1c49, L:/127.0.0.1:51834 - R:localhost/127.0.0.1:51826]' for 'GET' to '/json/version'
14:27:55.018 [AsyncHttpClient-1-3] DEBUG org.asynchttpclient.netty.handler.HttpHandler - 

Request DefaultFullHttpRequest(decodeResult: success, version: HTTP/1.1, content: EmptyByteBufBE)
GET /json/version HTTP/1.1
User-Agent: selenium/4.8.1 (java windows)
host: localhost:51826
accept: */*

Response DefaultHttpResponse(decodeResult: success, version: HTTP/1.1)
HTTP/1.1 200 OK
Content-Security-Policy: frame-ancestors 'none'
Content-Length: 424
Content-Type: application/json; charset=UTF-8

14:27:55.018 [AsyncHttpClient-1-3] DEBUG org.asynchttpclient.netty.channel.ChannelManager - Adding key: http://localhost:51826 for channel [id: 0xab4b1c49, L:/127.0.0.1:51834 - R:localhost/127.0.0.1:51826]
14:27:55.042 [main] DEBUG io.netty.util.internal.ThreadLocalRandom - -Dio.netty.initialSeedUniquifier: 0x35187824610ae717
14:27:55.148 [AsyncHttpClient-1-1] DEBUG org.asynchttpclient.netty.channel.DefaultChannelPool - Entry count for : http://localhost:4887 : 1
14:27:55.149 [AsyncHttpClient-1-1] DEBUG org.asynchttpclient.netty.channel.DefaultChannelPool - Entry count for : http://localhost:51826 : 1
14:27:55.158 [AsyncHttpClient-1-4] DEBUG org.asynchttpclient.netty.channel.NettyConnectListener - Using new Channel '[id: 0x97771c09, L:/127.0.0.1:51835 - R:localhost/127.0.0.1:51826]' for 'GET' to '/devtools/browser/7f7d092e-8a50-4905-8e93-05b978e5353d'
14:27:55.175 [AsyncHttpClient-1-4] DEBUG org.asynchttpclient.netty.handler.WebSocketHandler - 

Request DefaultFullHttpRequest(decodeResult: success, version: HTTP/1.1, content: EmptyByteBufBE)
GET /devtools/browser/7f7d092e-8a50-4905-8e93-05b978e5353d HTTP/1.1
upgrade: websocket
connection: upgrade
sec-websocket-key: Mv6Mb6oG7q7K+tYyei3y0g==
sec-websocket-version: 13
origin: http://localhost:51826
host: localhost:51826
accept: */*
user-agent: AHC/2.1

Response DefaultHttpResponse(decodeResult: success, version: HTTP/1.1)
HTTP/1.1 101 WebSocket Protocol Handshake
Upgrade: WebSocket
Connection: Upgrade
Sec-WebSocket-Accept: e7o+VcZo984SHiQvxPqTduaDzHI=

14:27:55.449 [Forwarding get on session 499938997ca774dc977164ebe2c7f602 to remote] DEBUG org.asynchttpclient.netty.request.NettyRequestSender - Using pooled Channel '[id: 0x96dfaad7, L:/127.0.0.1:51825 - R:localhost/127.0.0.1:4887]' for 'POST' to 'http://localhost:4887/session/499938997ca774dc977164ebe2c7f602/url'
14:27:55.449 [Forwarding get on session 499938997ca774dc977164ebe2c7f602 to remote] DEBUG org.asynchttpclient.netty.request.NettyRequestSender - Using open Channel [id: 0x96dfaad7, L:/127.0.0.1:51825 - R:localhost/127.0.0.1:4887] for POST '/session/499938997ca774dc977164ebe2c7f602/url'
14:27:56.222 [AsyncHttpClient-1-1] DEBUG org.asynchttpclient.netty.channel.DefaultChannelPool - Entry count for : http://localhost:51826 : 1
14:27:56.690 [AsyncHttpClient-1-2] DEBUG org.asynchttpclient.netty.handler.HttpHandler - 

Request DefaultHttpRequest(decodeResult: success, version: HTTP/1.1)
POST /session/499938997ca774dc977164ebe2c7f602/url HTTP/1.1
User-Agent: selenium/4.8.1 (java windows)
Content-Length: 74
Content-Type: application/json; charset=utf-8
host: localhost:4887
accept: */*

Response DefaultHttpResponse(decodeResult: success, version: HTTP/1.1)
HTTP/1.1 200 OK
Content-Length: 14
Content-Type: application/json; charset=utf-8
cache-control: no-cache

14:27:56.691 [AsyncHttpClient-1-2] DEBUG org.asynchttpclient.netty.channel.ChannelManager - Adding key: http://localhost:4887 for channel [id: 0x96dfaad7, L:/127.0.0.1:51825 - R:localhost/127.0.0.1:4887]
14:27:56.702 [Forwarding setTimeout on session 499938997ca774dc977164ebe2c7f602 to remote] DEBUG org.asynchttpclient.netty.request.NettyRequestSender - Using pooled Channel '[id: 0x96dfaad7, L:/127.0.0.1:51825 - R:localhost/127.0.0.1:4887]' for 'POST' to 'http://localhost:4887/session/499938997ca774dc977164ebe2c7f602/timeouts'
14:27:56.702 [Forwarding setTimeout on session 499938997ca774dc977164ebe2c7f602 to remote] DEBUG org.asynchttpclient.netty.request.NettyRequestSender - Using open Channel [id: 0x96dfaad7, L:/127.0.0.1:51825 - R:localhost/127.0.0.1:4887] for POST '/session/499938997ca774dc977164ebe2c7f602/timeouts'
14:27:56.705 [AsyncHttpClient-1-2] DEBUG org.asynchttpclient.netty.handler.HttpHandler - 

Request DefaultHttpRequest(decodeResult: success, version: HTTP/1.1)
POST /session/499938997ca774dc977164ebe2c7f602/timeouts HTTP/1.1
User-Agent: selenium/4.8.1 (java windows)
Content-Length: 22
Content-Type: application/json; charset=utf-8
host: localhost:4887
accept: */*

Response DefaultHttpResponse(decodeResult: success, version: HTTP/1.1)
HTTP/1.1 200 OK
Content-Length: 14
Content-Type: application/json; charset=utf-8
cache-control: no-cache

14:27:56.705 [AsyncHttpClient-1-2] DEBUG org.asynchttpclient.netty.channel.ChannelManager - Adding key: http://localhost:4887 for channel [id: 0x96dfaad7, L:/127.0.0.1:51825 - R:localhost/127.0.0.1:4887]
14:27:56.740 [Forwarding findElement on session 499938997ca774dc977164ebe2c7f602 to remote] DEBUG org.asynchttpclient.netty.request.NettyRequestSender - Using pooled Channel '[id: 0x96dfaad7, L:/127.0.0.1:51825 - R:localhost/127.0.0.1:4887]' for 'POST' to 'http://localhost:4887/session/499938997ca774dc977164ebe2c7f602/element'
14:27:56.740 [Forwarding findElement on session 499938997ca774dc977164ebe2c7f602 to remote] DEBUG org.asynchttpclient.netty.request.NettyRequestSender - Using open Channel [id: 0x96dfaad7, L:/127.0.0.1:51825 - R:localhost/127.0.0.1:4887] for POST '/session/499938997ca774dc977164ebe2c7f602/element'
14:27:56.757 [AsyncHttpClient-1-2] DEBUG org.asynchttpclient.netty.handler.HttpHandler - 

Request DefaultHttpRequest(decodeResult: success, version: HTTP/1.1)
POST /session/499938997ca774dc977164ebe2c7f602/element HTTP/1.1
User-Agent: selenium/4.8.1 (java windows)
Content-Length: 69
Content-Type: application/json; charset=utf-8
host: localhost:4887
accept: */*

Response DefaultHttpResponse(decodeResult: success, version: HTTP/1.1)
HTTP/1.1 200 OK
Content-Length: 88
Content-Type: application/json; charset=utf-8
cache-control: no-cache

14:27:56.758 [AsyncHttpClient-1-2] DEBUG org.asynchttpclient.netty.channel.ChannelManager - Adding key: http://localhost:4887 for channel [id: 0x96dfaad7, L:/127.0.0.1:51825 - R:localhost/127.0.0.1:4887]
14:27:56.786 [Forwarding isElementDisplayed on session 499938997ca774dc977164ebe2c7f602 to remote] DEBUG org.asynchttpclient.netty.request.NettyRequestSender - Using pooled Channel '[id: 0x96dfaad7, L:/127.0.0.1:51825 - R:localhost/127.0.0.1:4887]' for 'POST' to 'http://localhost:4887/session/499938997ca774dc977164ebe2c7f602/execute/sync'
14:27:56.786 [Forwarding isElementDisplayed on session 499938997ca774dc977164ebe2c7f602 to remote] DEBUG org.asynchttpclient.netty.request.NettyRequestSender - Using open Channel [id: 0x96dfaad7, L:/127.0.0.1:51825 - R:localhost/127.0.0.1:4887] for POST '/session/499938997ca774dc977164ebe2c7f602/execute/sync'
14:27:56.807 [AsyncHttpClient-1-2] DEBUG org.asynchttpclient.netty.handler.HttpHandler - 

Request DefaultHttpRequest(decodeResult: success, version: HTTP/1.1)
POST /session/499938997ca774dc977164ebe2c7f602/execute/sync HTTP/1.1
User-Agent: selenium/4.8.1 (java windows)
Content-Length: 48807
Content-Type: application/json; charset=utf-8
host: localhost:4887
accept: */*

Response DefaultHttpResponse(decodeResult: success, version: HTTP/1.1)
HTTP/1.1 200 OK
Content-Length: 14
Content-Type: application/json; charset=utf-8
cache-control: no-cache

14:27:56.808 [AsyncHttpClient-1-2] DEBUG org.asynchttpclient.netty.channel.ChannelManager - Adding key: http://localhost:4887 for channel [id: 0x96dfaad7, L:/127.0.0.1:51825 - R:localhost/127.0.0.1:4887]
14:27:56.818 [Forwarding isElementDisplayed on session 499938997ca774dc977164ebe2c7f602 to remote] DEBUG org.asynchttpclient.netty.request.NettyRequestSender - Using pooled Channel '[id: 0x96dfaad7, L:/127.0.0.1:51825 - R:localhost/127.0.0.1:4887]' for 'POST' to 'http://localhost:4887/session/499938997ca774dc977164ebe2c7f602/execute/sync'
14:27:56.818 [Forwarding isElementDisplayed on session 499938997ca774dc977164ebe2c7f602 to remote] DEBUG org.asynchttpclient.netty.request.NettyRequestSender - Using open Channel [id: 0x96dfaad7, L:/127.0.0.1:51825 - R:localhost/127.0.0.1:4887] for POST '/session/499938997ca774dc977164ebe2c7f602/execute/sync'
14:27:56.834 [AsyncHttpClient-1-2] DEBUG org.asynchttpclient.netty.handler.HttpHandler - 

Request DefaultHttpRequest(decodeResult: success, version: HTTP/1.1)
POST /session/499938997ca774dc977164ebe2c7f602/execute/sync HTTP/1.1
User-Agent: selenium/4.8.1 (java windows)
Content-Length: 48807
Content-Type: application/json; charset=utf-8
host: localhost:4887
accept: */*

Response DefaultHttpResponse(decodeResult: success, version: HTTP/1.1)
HTTP/1.1 200 OK
Content-Length: 14
Content-Type: application/json; charset=utf-8
cache-control: no-cache

14:27:56.835 [AsyncHttpClient-1-2] DEBUG org.asynchttpclient.netty.channel.ChannelManager - Adding key: http://localhost:4887 for channel [id: 0x96dfaad7, L:/127.0.0.1:51825 - R:localhost/127.0.0.1:4887]
14:27:56.856 [main] DEBUG net.thucydides.core.steps.StepInterceptor - STEP DONE: onLoginPage
  &amp#27;[32mGiven &amp#27;[0m&amp#27;[32muser on login page&amp#27;[0m                                              &amp#27;[90m# starter.stepdefinitions.LoginSteps.userOnLoginPage()&amp#27;[0m
14:27:56.890 [main] DEBUG net.thucydides.core.steps.StepInterceptor - STARTING STEP: LoginSteps.userInputValidEmail - inputEmail
14:27:56.908 [Forwarding findElement on session 499938997ca774dc977164ebe2c7f602 to remote] DEBUG org.asynchttpclient.netty.request.NettyRequestSender - Using pooled Channel '[id: 0x96dfaad7, L:/127.0.0.1:51825 - R:localhost/127.0.0.1:4887]' for 'POST' to 'http://localhost:4887/session/499938997ca774dc977164ebe2c7f602/element'
14:27:56.909 [Forwarding findElement on session 499938997ca774dc977164ebe2c7f602 to remote] DEBUG org.asynchttpclient.netty.request.NettyRequestSender - Using open Channel [id: 0x96dfaad7, L:/127.0.0.1:51825 - R:localhost/127.0.0.1:4887] for POST '/session/499938997ca774dc977164ebe2c7f602/element'
14:27:56.935 [AsyncHttpClient-1-2] DEBUG org.asynchttpclient.netty.handler.HttpHandler - 

Request DefaultHttpRequest(decodeResult: success, version: HTTP/1.1)
POST /session/499938997ca774dc977164ebe2c7f602/element HTTP/1.1
User-Agent: selenium/4.8.1 (java windows)
Content-Length: 55
Content-Type: application/json; charset=utf-8
host: localhost:4887
accept: */*

Response DefaultHttpResponse(decodeResult: success, version: HTTP/1.1)
HTTP/1.1 200 OK
Content-Length: 88
Content-Type: application/json; charset=utf-8
cache-control: no-cache

14:27:56.935 [AsyncHttpClient-1-2] DEBUG org.asynchttpclient.netty.channel.ChannelManager - Adding key: http://localhost:4887 for channel [id: 0x96dfaad7, L:/127.0.0.1:51825 - R:localhost/127.0.0.1:4887]
14:27:56.947 [Forwarding clearElement on session 499938997ca774dc977164ebe2c7f602 to remote] DEBUG org.asynchttpclient.netty.request.NettyRequestSender - Using pooled Channel '[id: 0x96dfaad7, L:/127.0.0.1:51825 - R:localhost/127.0.0.1:4887]' for 'POST' to 'http://localhost:4887/session/499938997ca774dc977164ebe2c7f602/element/532ab9a7-c579-48fe-b9db-1acedfd9b6d3/clear'
14:27:56.948 [Forwarding clearElement on session 499938997ca774dc977164ebe2c7f602 to remote] DEBUG org.asynchttpclient.netty.request.NettyRequestSender - Using open Channel [id: 0x96dfaad7, L:/127.0.0.1:51825 - R:localhost/127.0.0.1:4887] for POST '/session/499938997ca774dc977164ebe2c7f602/element/532ab9a7-c579-48fe-b9db-1acedfd9b6d3/clear'
14:27:57.020 [AsyncHttpClient-1-2] DEBUG org.asynchttpclient.netty.handler.HttpHandler - 

Request DefaultHttpRequest(decodeResult: success, version: HTTP/1.1)
POST /session/499938997ca774dc977164ebe2c7f602/element/532ab9a7-c579-48fe-b9db-1acedfd9b6d3/clear HTTP/1.1
User-Agent: selenium/4.8.1 (java windows)
Content-Length: 50
Content-Type: application/json; charset=utf-8
host: localhost:4887
accept: */*

Response DefaultHttpResponse(decodeResult: success, version: HTTP/1.1)
HTTP/1.1 200 OK
Content-Length: 14
Content-Type: application/json; charset=utf-8
cache-control: no-cache

14:27:57.021 [AsyncHttpClient-1-2] DEBUG org.asynchttpclient.netty.channel.ChannelManager - Adding key: http://localhost:4887 for channel [id: 0x96dfaad7, L:/127.0.0.1:51825 - R:localhost/127.0.0.1:4887]
14:27:57.033 [Forwarding sendKeysToElement on session 499938997ca774dc977164ebe2c7f602 to remote] DEBUG org.asynchttpclient.netty.request.NettyRequestSender - Using pooled Channel '[id: 0x96dfaad7, L:/127.0.0.1:51825 - R:localhost/127.0.0.1:4887]' for 'POST' to 'http://localhost:4887/session/499938997ca774dc977164ebe2c7f602/element/532ab9a7-c579-48fe-b9db-1acedfd9b6d3/value'
14:27:57.033 [Forwarding sendKeysToElement on session 499938997ca774dc977164ebe2c7f602 to remote] DEBUG org.asynchttpclient.netty.request.NettyRequestSender - Using open Channel [id: 0x96dfaad7, L:/127.0.0.1:51825 - R:localhost/127.0.0.1:4887] for POST '/session/499938997ca774dc977164ebe2c7f602/element/532ab9a7-c579-48fe-b9db-1acedfd9b6d3/value'
14:27:57.200 [AsyncHttpClient-1-2] DEBUG org.asynchttpclient.netty.handler.HttpHandler - 

Request DefaultHttpRequest(decodeResult: success, version: HTTP/1.1)
POST /session/499938997ca774dc977164ebe2c7f602/element/532ab9a7-c579-48fe-b9db-1acedfd9b6d3/value HTTP/1.1
User-Agent: selenium/4.8.1 (java windows)
Content-Length: 231
Content-Type: application/json; charset=utf-8
host: localhost:4887
accept: */*

Response DefaultHttpResponse(decodeResult: success, version: HTTP/1.1)
HTTP/1.1 200 OK
Content-Length: 14
Content-Type: application/json; charset=utf-8
cache-control: no-cache

14:27:57.201 [AsyncHttpClient-1-2] DEBUG org.asynchttpclient.netty.channel.ChannelManager - Adding key: http://localhost:4887 for channel [id: 0x96dfaad7, L:/127.0.0.1:51825 - R:localhost/127.0.0.1:4887]
14:27:57.209 [main] DEBUG net.thucydides.core.steps.StepInterceptor - STEP DONE: inputEmail
  &amp#27;[32mWhen &amp#27;[0m&amp#27;[32muser input valid email&amp#27;[0m                                           &amp#27;[90m# starter.stepdefinitions.LoginSteps.userInputValidEmail()&amp#27;[0m
14:27:57.224 [main] DEBUG net.thucydides.core.steps.StepInterceptor - STARTING STEP: LoginSteps.userInputValidPassword - inputPassword
14:27:57.233 [Forwarding findElement on session 499938997ca774dc977164ebe2c7f602 to remote] DEBUG org.asynchttpclient.netty.request.NettyRequestSender - Using pooled Channel '[id: 0x96dfaad7, L:/127.0.0.1:51825 - R:localhost/127.0.0.1:4887]' for 'POST' to 'http://localhost:4887/session/499938997ca774dc977164ebe2c7f602/element'
14:27:57.233 [Forwarding findElement on session 499938997ca774dc977164ebe2c7f602 to remote] DEBUG org.asynchttpclient.netty.request.NettyRequestSender - Using open Channel [id: 0x96dfaad7, L:/127.0.0.1:51825 - R:localhost/127.0.0.1:4887] for POST '/session/499938997ca774dc977164ebe2c7f602/element'
14:27:57.249 [AsyncHttpClient-1-2] DEBUG org.asynchttpclient.netty.handler.HttpHandler - 

Request DefaultHttpRequest(decodeResult: success, version: HTTP/1.1)
POST /session/499938997ca774dc977164ebe2c7f602/element HTTP/1.1
User-Agent: selenium/4.8.1 (java windows)
Content-Length: 55
Content-Type: application/json; charset=utf-8
host: localhost:4887
accept: */*

Response DefaultHttpResponse(decodeResult: success, version: HTTP/1.1)
HTTP/1.1 200 OK
Content-Length: 88
Content-Type: application/json; charset=utf-8
cache-control: no-cache

14:27:57.249 [AsyncHttpClient-1-2] DEBUG org.asynchttpclient.netty.channel.ChannelManager - Adding key: http://localhost:4887 for channel [id: 0x96dfaad7, L:/127.0.0.1:51825 - R:localhost/127.0.0.1:4887]
14:27:57.251 [Forwarding clearElement on session 499938997ca774dc977164ebe2c7f602 to remote] DEBUG org.asynchttpclient.netty.request.NettyRequestSender - Using pooled Channel '[id: 0x96dfaad7, L:/127.0.0.1:51825 - R:localhost/127.0.0.1:4887]' for 'POST' to 'http://localhost:4887/session/499938997ca774dc977164ebe2c7f602/element/2ab1979c-e89b-4d26-9559-0f4d62fec161/clear'
14:27:57.251 [Forwarding clearElement on session 499938997ca774dc977164ebe2c7f602 to remote] DEBUG org.asynchttpclient.netty.request.NettyRequestSender - Using open Channel [id: 0x96dfaad7, L:/127.0.0.1:51825 - R:localhost/127.0.0.1:4887] for POST '/session/499938997ca774dc977164ebe2c7f602/element/2ab1979c-e89b-4d26-9559-0f4d62fec161/clear'
14:27:57.363 [AsyncHttpClient-1-1] DEBUG org.asynchttpclient.netty.channel.DefaultChannelPool - Entry count for : http://localhost:51826 : 1
14:27:57.443 [AsyncHttpClient-1-2] DEBUG org.asynchttpclient.netty.handler.HttpHandler - 

Request DefaultHttpRequest(decodeResult: success, version: HTTP/1.1)
POST /session/499938997ca774dc977164ebe2c7f602/element/2ab1979c-e89b-4d26-9559-0f4d62fec161/clear HTTP/1.1
User-Agent: selenium/4.8.1 (java windows)
Content-Length: 50
Content-Type: application/json; charset=utf-8
host: localhost:4887
accept: */*

Response DefaultHttpResponse(decodeResult: success, version: HTTP/1.1)
HTTP/1.1 200 OK
Content-Length: 14
Content-Type: application/json; charset=utf-8
cache-control: no-cache

14:27:57.444 [AsyncHttpClient-1-2] DEBUG org.asynchttpclient.netty.channel.ChannelManager - Adding key: http://localhost:4887 for channel [id: 0x96dfaad7, L:/127.0.0.1:51825 - R:localhost/127.0.0.1:4887]
14:27:57.449 [Forwarding sendKeysToElement on session 499938997ca774dc977164ebe2c7f602 to remote] DEBUG org.asynchttpclient.netty.request.NettyRequestSender - Using pooled Channel '[id: 0x96dfaad7, L:/127.0.0.1:51825 - R:localhost/127.0.0.1:4887]' for 'POST' to 'http://localhost:4887/session/499938997ca774dc977164ebe2c7f602/element/2ab1979c-e89b-4d26-9559-0f4d62fec161/value'
14:27:57.449 [Forwarding sendKeysToElement on session 499938997ca774dc977164ebe2c7f602 to remote] DEBUG org.asynchttpclient.netty.request.NettyRequestSender - Using open Channel [id: 0x96dfaad7, L:/127.0.0.1:51825 - R:localhost/127.0.0.1:4887] for POST '/session/499938997ca774dc977164ebe2c7f602/element/2ab1979c-e89b-4d26-9559-0f4d62fec161/value'
14:27:57.740 [AsyncHttpClient-1-2] DEBUG org.asynchttpclient.netty.handler.HttpHandler - 

Request DefaultHttpRequest(decodeResult: success, version: HTTP/1.1)
POST /session/499938997ca774dc977164ebe2c7f602/element/2ab1979c-e89b-4d26-9559-0f4d62fec161/value HTTP/1.1
User-Agent: selenium/4.8.1 (java windows)
Content-Length: 131
Content-Type: application/json; charset=utf-8
host: localhost:4887
accept: */*

Response DefaultHttpResponse(decodeResult: success, version: HTTP/1.1)
HTTP/1.1 200 OK
Content-Length: 14
Content-Type: application/json; charset=utf-8
cache-control: no-cache

14:27:57.740 [AsyncHttpClient-1-2] DEBUG org.asynchttpclient.netty.channel.ChannelManager - Adding key: http://localhost:4887 for channel [id: 0x96dfaad7, L:/127.0.0.1:51825 - R:localhost/127.0.0.1:4887]
14:27:57.752 [main] DEBUG net.thucydides.core.steps.StepInterceptor - STEP DONE: inputPassword
  &amp#27;[32mAnd &amp#27;[0m&amp#27;[32muser input valid password&amp#27;[0m                                         &amp#27;[90m# starter.stepdefinitions.LoginSteps.userInputValidPassword()&amp#27;[0m
14:27:57.771 [main] DEBUG net.thucydides.core.steps.StepInterceptor - STARTING STEP: LoginSteps.userClickLoginButton - ClickLoginBtn
14:27:57.787 [Forwarding findElement on session 499938997ca774dc977164ebe2c7f602 to remote] DEBUG org.asynchttpclient.netty.request.NettyRequestSender - Using pooled Channel '[id: 0x96dfaad7, L:/127.0.0.1:51825 - R:localhost/127.0.0.1:4887]' for 'POST' to 'http://localhost:4887/session/499938997ca774dc977164ebe2c7f602/element'
14:27:57.787 [Forwarding findElement on session 499938997ca774dc977164ebe2c7f602 to remote] DEBUG org.asynchttpclient.netty.request.NettyRequestSender - Using open Channel [id: 0x96dfaad7, L:/127.0.0.1:51825 - R:localhost/127.0.0.1:4887] for POST '/session/499938997ca774dc977164ebe2c7f602/element'
14:27:57.805 [AsyncHttpClient-1-2] DEBUG org.asynchttpclient.netty.handler.HttpHandler - 

Request DefaultHttpRequest(decodeResult: success, version: HTTP/1.1)
POST /session/499938997ca774dc977164ebe2c7f602/element HTTP/1.1
User-Agent: selenium/4.8.1 (java windows)
Content-Length: 69
Content-Type: application/json; charset=utf-8
host: localhost:4887
accept: */*

Response DefaultHttpResponse(decodeResult: success, version: HTTP/1.1)
HTTP/1.1 200 OK
Content-Length: 88
Content-Type: application/json; charset=utf-8
cache-control: no-cache

14:27:57.805 [AsyncHttpClient-1-2] DEBUG org.asynchttpclient.netty.channel.ChannelManager - Adding key: http://localhost:4887 for channel [id: 0x96dfaad7, L:/127.0.0.1:51825 - R:localhost/127.0.0.1:4887]
14:27:57.811 [Forwarding getElementTagName on session 499938997ca774dc977164ebe2c7f602 to remote] DEBUG org.asynchttpclient.netty.request.NettyRequestSender - Using pooled Channel '[id: 0x96dfaad7, L:/127.0.0.1:51825 - R:localhost/127.0.0.1:4887]' for 'GET' to 'http://localhost:4887/session/499938997ca774dc977164ebe2c7f602/element/20ff911e-3e59-4282-a442-1adb9fe14063/name'
14:27:57.811 [Forwarding getElementTagName on session 499938997ca774dc977164ebe2c7f602 to remote] DEBUG org.asynchttpclient.netty.request.NettyRequestSender - Using open Channel [id: 0x96dfaad7, L:/127.0.0.1:51825 - R:localhost/127.0.0.1:4887] for GET '/session/499938997ca774dc977164ebe2c7f602/element/20ff911e-3e59-4282-a442-1adb9fe14063/name'
14:27:57.823 [AsyncHttpClient-1-2] DEBUG org.asynchttpclient.netty.handler.HttpHandler - 

Request DefaultFullHttpRequest(decodeResult: success, version: HTTP/1.1, content: EmptyByteBufBE)
GET /session/499938997ca774dc977164ebe2c7f602/element/20ff911e-3e59-4282-a442-1adb9fe14063/name HTTP/1.1
User-Agent: selenium/4.8.1 (java windows)
Cache-Control: no-cache
Content-Type: application/json; charset=utf-8
host: localhost:4887
accept: */*

Response DefaultHttpResponse(decodeResult: success, version: HTTP/1.1)
HTTP/1.1 200 OK
Content-Length: 16
Content-Type: application/json; charset=utf-8
cache-control: no-cache

14:27:57.823 [AsyncHttpClient-1-2] DEBUG org.asynchttpclient.netty.channel.ChannelManager - Adding key: http://localhost:4887 for channel [id: 0x96dfaad7, L:/127.0.0.1:51825 - R:localhost/127.0.0.1:4887]
14:27:57.833 [Forwarding getElementTagName on session 499938997ca774dc977164ebe2c7f602 to remote] DEBUG org.asynchttpclient.netty.request.NettyRequestSender - Using pooled Channel '[id: 0x96dfaad7, L:/127.0.0.1:51825 - R:localhost/127.0.0.1:4887]' for 'GET' to 'http://localhost:4887/session/499938997ca774dc977164ebe2c7f602/element/20ff911e-3e59-4282-a442-1adb9fe14063/name'
14:27:57.833 [Forwarding getElementTagName on session 499938997ca774dc977164ebe2c7f602 to remote] DEBUG org.asynchttpclient.netty.request.NettyRequestSender - Using open Channel [id: 0x96dfaad7, L:/127.0.0.1:51825 - R:localhost/127.0.0.1:4887] for GET '/session/499938997ca774dc977164ebe2c7f602/element/20ff911e-3e59-4282-a442-1adb9fe14063/name'
14:27:57.854 [AsyncHttpClient-1-2] DEBUG org.asynchttpclient.netty.handler.HttpHandler - 

Request DefaultFullHttpRequest(decodeResult: success, version: HTTP/1.1, content: EmptyByteBufBE)
GET /session/499938997ca774dc977164ebe2c7f602/element/20ff911e-3e59-4282-a442-1adb9fe14063/name HTTP/1.1
User-Agent: selenium/4.8.1 (java windows)
Cache-Control: no-cache
Content-Type: application/json; charset=utf-8
host: localhost:4887
accept: */*

Response DefaultHttpResponse(decodeResult: success, version: HTTP/1.1)
HTTP/1.1 200 OK
Content-Length: 16
Content-Type: application/json; charset=utf-8
cache-control: no-cache

14:27:57.855 [AsyncHttpClient-1-2] DEBUG org.asynchttpclient.netty.channel.ChannelManager - Adding key: http://localhost:4887 for channel [id: 0x96dfaad7, L:/127.0.0.1:51825 - R:localhost/127.0.0.1:4887]
14:27:57.866 [Forwarding findElement on session 499938997ca774dc977164ebe2c7f602 to remote] DEBUG org.asynchttpclient.netty.request.NettyRequestSender - Using pooled Channel '[id: 0x96dfaad7, L:/127.0.0.1:51825 - R:localhost/127.0.0.1:4887]' for 'POST' to 'http://localhost:4887/session/499938997ca774dc977164ebe2c7f602/element'
14:27:57.866 [Forwarding findElement on session 499938997ca774dc977164ebe2c7f602 to remote] DEBUG org.asynchttpclient.netty.request.NettyRequestSender - Using open Channel [id: 0x96dfaad7, L:/127.0.0.1:51825 - R:localhost/127.0.0.1:4887] for POST '/session/499938997ca774dc977164ebe2c7f602/element'
14:27:57.890 [AsyncHttpClient-1-2] DEBUG org.asynchttpclient.netty.handler.HttpHandler - 

Request DefaultHttpRequest(decodeResult: success, version: HTTP/1.1)
POST /session/499938997ca774dc977164ebe2c7f602/element HTTP/1.1
User-Agent: selenium/4.8.1 (java windows)
Content-Length: 69
Content-Type: application/json; charset=utf-8
host: localhost:4887
accept: */*

Response DefaultHttpResponse(decodeResult: success, version: HTTP/1.1)
HTTP/1.1 200 OK
Content-Length: 88
Content-Type: application/json; charset=utf-8
cache-control: no-cache

14:27:57.890 [AsyncHttpClient-1-2] DEBUG org.asynchttpclient.netty.channel.ChannelManager - Adding key: http://localhost:4887 for channel [id: 0x96dfaad7, L:/127.0.0.1:51825 - R:localhost/127.0.0.1:4887]
14:27:57.897 [Forwarding clickElement on session 499938997ca774dc977164ebe2c7f602 to remote] DEBUG org.asynchttpclient.netty.request.NettyRequestSender - Using pooled Channel '[id: 0x96dfaad7, L:/127.0.0.1:51825 - R:localhost/127.0.0.1:4887]' for 'POST' to 'http://localhost:4887/session/499938997ca774dc977164ebe2c7f602/element/20ff911e-3e59-4282-a442-1adb9fe14063/click'
14:27:57.898 [Forwarding clickElement on session 499938997ca774dc977164ebe2c7f602 to remote] DEBUG org.asynchttpclient.netty.request.NettyRequestSender - Using open Channel [id: 0x96dfaad7, L:/127.0.0.1:51825 - R:localhost/127.0.0.1:4887] for POST '/session/499938997ca774dc977164ebe2c7f602/element/20ff911e-3e59-4282-a442-1adb9fe14063/click'
14:27:58.001 [AsyncHttpClient-1-2] DEBUG org.asynchttpclient.netty.handler.HttpHandler - 

Request DefaultHttpRequest(decodeResult: success, version: HTTP/1.1)
POST /session/499938997ca774dc977164ebe2c7f602/element/20ff911e-3e59-4282-a442-1adb9fe14063/click HTTP/1.1
User-Agent: selenium/4.8.1 (java windows)
Content-Length: 50
Content-Type: application/json; charset=utf-8
host: localhost:4887
accept: */*

Response DefaultHttpResponse(decodeResult: success, version: HTTP/1.1)
HTTP/1.1 200 OK
Content-Length: 14
Content-Type: application/json; charset=utf-8
cache-control: no-cache

14:27:58.001 [AsyncHttpClient-1-2] DEBUG org.asynchttpclient.netty.channel.ChannelManager - Adding key: http://localhost:4887 for channel [id: 0x96dfaad7, L:/127.0.0.1:51825 - R:localhost/127.0.0.1:4887]
14:27:58.005 [main] DEBUG net.thucydides.core.steps.StepInterceptor - STEP DONE: ClickLoginBtn
  &amp#27;[32mAnd &amp#27;[0m&amp#27;[32muser click login button&amp#27;[0m                                           &amp#27;[90m# starter.stepdefinitions.LoginSteps.userClickLoginButton()&amp#27;[0m
14:27:58.021 [main] DEBUG net.thucydides.core.steps.StepInterceptor - STARTING STEP: LoginSteps.userOnProductsPage - onProductPage
14:27:58.032 [Forwarding findElement on session 499938997ca774dc977164ebe2c7f602 to remote] DEBUG org.asynchttpclient.netty.request.NettyRequestSender - Using pooled Channel '[id: 0x96dfaad7, L:/127.0.0.1:51825 - R:localhost/127.0.0.1:4887]' for 'POST' to 'http://localhost:4887/session/499938997ca774dc977164ebe2c7f602/element'
14:27:58.032 [Forwarding findElement on session 499938997ca774dc977164ebe2c7f602 to remote] DEBUG org.asynchttpclient.netty.request.NettyRequestSender - Using open Channel [id: 0x96dfaad7, L:/127.0.0.1:51825 - R:localhost/127.0.0.1:4887] for POST '/session/499938997ca774dc977164ebe2c7f602/element'
14:27:58.425 [AsyncHttpClient-1-1] DEBUG org.asynchttpclient.netty.channel.DefaultChannelPool - Entry count for : http://localhost:51826 : 1
14:27:59.514 [AsyncHttpClient-1-1] DEBUG org.asynchttpclient.netty.channel.DefaultChannelPool - Entry count for : http://localhost:51826 : 1
14:28:00.616 [AsyncHttpClient-1-1] DEBUG org.asynchttpclient.netty.channel.DefaultChannelPool - Entry count for : http://localhost:51826 : 1
14:28:01.644 [AsyncHttpClient-1-2] DEBUG org.asynchttpclient.netty.handler.HttpHandler - 

Request DefaultHttpRequest(decodeResult: success, version: HTTP/1.1)
POST /session/499938997ca774dc977164ebe2c7f602/element HTTP/1.1
User-Agent: selenium/4.8.1 (java windows)
Content-Length: 54
Content-Type: application/json; charset=utf-8
host: localhost:4887
accept: */*

Response DefaultHttpResponse(decodeResult: success, version: HTTP/1.1)
HTTP/1.1 200 OK
Content-Length: 88
Content-Type: application/json; charset=utf-8
cache-control: no-cache

14:28:01.645 [AsyncHttpClient-1-2] DEBUG org.asynchttpclient.netty.channel.ChannelManager - Adding key: http://localhost:4887 for channel [id: 0x96dfaad7, L:/127.0.0.1:51825 - R:localhost/127.0.0.1:4887]
14:28:01.652 [Forwarding isElementDisplayed on session 499938997ca774dc977164ebe2c7f602 to remote] DEBUG org.asynchttpclient.netty.request.NettyRequestSender - Using pooled Channel '[id: 0x96dfaad7, L:/127.0.0.1:51825 - R:localhost/127.0.0.1:4887]' for 'POST' to 'http://localhost:4887/session/499938997ca774dc977164ebe2c7f602/execute/sync'
14:28:01.652 [Forwarding isElementDisplayed on session 499938997ca774dc977164ebe2c7f602 to remote] DEBUG org.asynchttpclient.netty.request.NettyRequestSender - Using open Channel [id: 0x96dfaad7, L:/127.0.0.1:51825 - R:localhost/127.0.0.1:4887] for POST '/session/499938997ca774dc977164ebe2c7f602/execute/sync'
14:28:01.667 [AsyncHttpClient-1-2] DEBUG org.asynchttpclient.netty.handler.HttpHandler - 

Request DefaultHttpRequest(decodeResult: success, version: HTTP/1.1)
POST /session/499938997ca774dc977164ebe2c7f602/execute/sync HTTP/1.1
User-Agent: selenium/4.8.1 (java windows)
Content-Length: 48807
Content-Type: application/json; charset=utf-8
host: localhost:4887
accept: */*

Response DefaultHttpResponse(decodeResult: success, version: HTTP/1.1)
HTTP/1.1 200 OK
Content-Length: 14
Content-Type: application/json; charset=utf-8
cache-control: no-cache

14:28:01.667 [AsyncHttpClient-1-2] DEBUG org.asynchttpclient.netty.channel.ChannelManager - Adding key: http://localhost:4887 for channel [id: 0x96dfaad7, L:/127.0.0.1:51825 - R:localhost/127.0.0.1:4887]
14:28:01.672 [Forwarding isElementDisplayed on session 499938997ca774dc977164ebe2c7f602 to remote] DEBUG org.asynchttpclient.netty.request.NettyRequestSender - Using pooled Channel '[id: 0x96dfaad7, L:/127.0.0.1:51825 - R:localhost/127.0.0.1:4887]' for 'POST' to 'http://localhost:4887/session/499938997ca774dc977164ebe2c7f602/execute/sync'
14:28:01.672 [Forwarding isElementDisplayed on session 499938997ca774dc977164ebe2c7f602 to remote] DEBUG org.asynchttpclient.netty.request.NettyRequestSender - Using open Channel [id: 0x96dfaad7, L:/127.0.0.1:51825 - R:localhost/127.0.0.1:4887] for POST '/session/499938997ca774dc977164ebe2c7f602/execute/sync'
14:28:01.688 [AsyncHttpClient-1-2] DEBUG org.asynchttpclient.netty.handler.HttpHandler - 

Request DefaultHttpRequest(decodeResult: success, version: HTTP/1.1)
POST /session/499938997ca774dc977164ebe2c7f602/execute/sync HTTP/1.1
User-Agent: selenium/4.8.1 (java windows)
Content-Length: 48807
Content-Type: application/json; charset=utf-8
host: localhost:4887
accept: */*

Response DefaultHttpResponse(decodeResult: success, version: HTTP/1.1)
HTTP/1.1 200 OK
Content-Length: 14
Content-Type: application/json; charset=utf-8
cache-control: no-cache

14:28:01.689 [AsyncHttpClient-1-2] DEBUG org.asynchttpclient.netty.channel.ChannelManager - Adding key: http://localhost:4887 for channel [id: 0x96dfaad7, L:/127.0.0.1:51825 - R:localhost/127.0.0.1:4887]
14:28:01.691 [main] DEBUG net.thucydides.core.steps.StepInterceptor - STEP DONE: onProductPage
  &amp#27;[32mThen &amp#27;[0m&amp#27;[32muser on products page&amp#27;[0m                                            &amp#27;[90m# starter.stepdefinitions.LoginSteps.userOnProductsPage()&amp#27;[0m
14:28:01.699 [main] INFO  - 
  _____   ___   ___   _____     ___     _     ___   ___   ___   ___  
 |_   _| | __| / __| |_   _|   | _ \   /_\   / __| / __| | __| |   \ 
   | |   | _|  \__ \   | |     |  _/  / _ \  \__ \ \__ \ | _|  | |) |
   |_|   |___| |___/   |_|     |_|   /_/ \_\ |___/ |___/ |___| |___/ 

as user i want to input valid to then i can see success login
----------------------------------------------------------------------
14:28:01.727 [AsyncHttpClient-1-1] DEBUG org.asynchttpclient.netty.channel.DefaultChannelPool - Entry count for : http://localhost:4887 : 1
14:28:01.727 [AsyncHttpClient-1-1] DEBUG org.asynchttpclient.netty.channel.DefaultChannelPool - Entry count for : http://localhost:51826 : 1
14:28:01.770 [Driver Command Executor] DEBUG org.asynchttpclient.netty.request.NettyRequestSender - Using pooled Channel '[id: 0x96dfaad7, L:/127.0.0.1:51825 - R:localhost/127.0.0.1:4887]' for 'DELETE' to 'http://localhost:4887/session/499938997ca774dc977164ebe2c7f602'
14:28:01.771 [Driver Command Executor] DEBUG org.asynchttpclient.netty.request.NettyRequestSender - Using open Channel [id: 0x96dfaad7, L:/127.0.0.1:51825 - R:localhost/127.0.0.1:4887] for DELETE '/session/499938997ca774dc977164ebe2c7f602'
14:28:01.836 [AsyncHttpClient-1-3] DEBUG org.asynchttpclient.netty.handler.HttpHandler - Unexpected I/O exception on channel [id: 0xab4b1c49, L:/127.0.0.1:51834 - R:localhost/127.0.0.1:51826]
java.io.IOException: An existing connection was forcibly closed by the remote host
	at sun.nio.ch.SocketDispatcher.read0(Native Method)
	at sun.nio.ch.SocketDispatcher.read(SocketDispatcher.java:43)
	at sun.nio.ch.IOUtil.readIntoNativeBuffer(IOUtil.java:223)
	at sun.nio.ch.IOUtil.read(IOUtil.java:192)
	at sun.nio.ch.SocketChannelImpl.read(SocketChannelImpl.java:380)
	at io.netty.buffer.PooledByteBuf.setBytes(PooledByteBuf.java:259)
	at io.netty.buffer.AbstractByteBuf.writeBytes(AbstractByteBuf.java:1132)
	at io.netty.channel.socket.nio.NioSocketChannel.doReadBytes(NioSocketChannel.java:357)
	at io.netty.channel.nio.AbstractNioByteChannel$NioByteUnsafe.read(AbstractNioByteChannel.java:151)
	at io.netty.channel.nio.NioEventLoop.processSelectedKey(NioEventLoop.java:788)
	at io.netty.channel.nio.NioEventLoop.processSelectedKeysOptimized(NioEventLoop.java:724)
	at io.netty.channel.nio.NioEventLoop.processSelectedKeys(NioEventLoop.java:650)
	at io.netty.channel.nio.NioEventLoop.run(NioEventLoop.java:562)
	at io.netty.util.concurrent.SingleThreadEventExecutor$4.run(SingleThreadEventExecutor.java:997)
	at io.netty.util.internal.ThreadExecutorMap$2.run(ThreadExecutorMap.java:74)
	at io.netty.util.concurrent.FastThreadLocalRunnable.run(FastThreadLocalRunnable.java:30)
	at java.lang.Thread.run(Thread.java:748)
14:28:01.836 [AsyncHttpClient-1-4] DEBUG org.asynchttpclient.netty.handler.WebSocketHandler - Unexpected I/O exception on channel [id: 0x97771c09, L:/127.0.0.1:51835 - R:localhost/127.0.0.1:51826]
java.io.IOException: An existing connection was forcibly closed by the remote host
	at sun.nio.ch.SocketDispatcher.read0(Native Method)
	at sun.nio.ch.SocketDispatcher.read(SocketDispatcher.java:43)
	at sun.nio.ch.IOUtil.readIntoNativeBuffer(IOUtil.java:223)
	at sun.nio.ch.IOUtil.read(IOUtil.java:192)
	at sun.nio.ch.SocketChannelImpl.read(SocketChannelImpl.java:380)
	at io.netty.buffer.PooledByteBuf.setBytes(PooledByteBuf.java:259)
	at io.netty.buffer.AbstractByteBuf.writeBytes(AbstractByteBuf.java:1132)
	at io.netty.channel.socket.nio.NioSocketChannel.doReadBytes(NioSocketChannel.java:357)
	at io.netty.channel.nio.AbstractNioByteChannel$NioByteUnsafe.read(AbstractNioByteChannel.java:151)
	at io.netty.channel.nio.NioEventLoop.processSelectedKey(NioEventLoop.java:788)
	at io.netty.channel.nio.NioEventLoop.processSelectedKeysOptimized(NioEventLoop.java:724)
	at io.netty.channel.nio.NioEventLoop.processSelectedKeys(NioEventLoop.java:650)
	at io.netty.channel.nio.NioEventLoop.run(NioEventLoop.java:562)
	at io.netty.util.concurrent.SingleThreadEventExecutor$4.run(SingleThreadEventExecutor.java:997)
	at io.netty.util.internal.ThreadExecutorMap$2.run(ThreadExecutorMap.java:74)
	at io.netty.util.concurrent.FastThreadLocalRunnable.run(FastThreadLocalRunnable.java:30)
	at java.lang.Thread.run(Thread.java:748)
14:28:01.837 [AsyncHttpClient-1-3] DEBUG org.asynchttpclient.netty.channel.ChannelManager - Closing Channel [id: 0xab4b1c49, L:/127.0.0.1:51834 - R:localhost/127.0.0.1:51826] 
14:28:01.838 [AsyncHttpClient-1-4] DEBUG org.asynchttpclient.netty.handler.WebSocketHandler - Trying to recover from dead Channel: [id: 0x97771c09, L:/127.0.0.1:51835 - R:localhost/127.0.0.1:51826]
14:28:01.838 [AsyncHttpClient-1-4] DEBUG org.asynchttpclient.netty.handler.WebSocketHandler - Channel Closed: [id: 0x97771c09, L:/127.0.0.1:51835 ! R:localhost/127.0.0.1:51826] with attribute NettyResponseFuture{currentRetry=0,
	isDone=1,
	isCancelled=0,
	asyncHandler=org.asynchttpclient.ws.WebSocketUpgradeHandler@1d8840e6,
	nettyRequest=org.asynchttpclient.netty.request.NettyRequest@21bf333c,
	future=java.util.concurrent.CompletableFuture@3747e5ea[Completed normally],
	uri=ws://localhost:51826/devtools/browser/7f7d092e-8a50-4905-8e93-05b978e5353d,
	keepAlive=true,
	redirectCount=0,
	timeoutsHolder=null,
	inAuth=0,
	touch=1683530881837}
14:28:01.839 [AsyncHttpClient-1-4] DEBUG org.asynchttpclient.netty.channel.ChannelManager - Closing Channel [id: 0x97771c09, L:/127.0.0.1:51835 ! R:localhost/127.0.0.1:51826] 
14:28:01.840 [AsyncHttpClient-1-3] DEBUG org.asynchttpclient.netty.handler.HttpHandler - Channel Closed: [id: 0xab4b1c49, L:/127.0.0.1:51834 ! R:localhost/127.0.0.1:51826] with attribute DISCARD
14:28:01.872 [AsyncHttpClient-1-2] DEBUG org.asynchttpclient.netty.handler.HttpHandler - 

Request DefaultFullHttpRequest(decodeResult: success, version: HTTP/1.1, content: EmptyByteBufBE)
DELETE /session/499938997ca774dc977164ebe2c7f602 HTTP/1.1
User-Agent: selenium/4.8.1 (java windows)
Content-Type: application/json; charset=utf-8
host: localhost:4887
accept: */*

Response DefaultHttpResponse(decodeResult: success, version: HTTP/1.1)
HTTP/1.1 200 OK
Content-Length: 14
Content-Type: application/json; charset=utf-8
cache-control: no-cache

14:28:01.872 [AsyncHttpClient-1-2] DEBUG org.asynchttpclient.netty.channel.ChannelManager - Adding key: http://localhost:4887 for channel [id: 0x96dfaad7, L:/127.0.0.1:51825 - R:localhost/127.0.0.1:4887]
14:28:01.932 [AsyncHttpClient-1-2] DEBUG org.asynchttpclient.netty.handler.HttpHandler - Channel Closed: [id: 0x96dfaad7, L:/127.0.0.1:51825 ! R:localhost/127.0.0.1:4887] with attribute DISCARD
]]></system-out>
    <system-err><![CDATA[Starting ChromeDriver 112.0.5615.49 (bd2a7bcb881c11e8cfe3078709382934e3916914-refs/branch-heads/5615@{#936}) on port 4887
Only local connections are allowed.
Please see https://chromedriver.chromium.org/security-considerations for suggestions on keeping ChromeDriver safe.
ChromeDriver was started successfully.
May 08, 2023 2:27:55 PM org.openqa.selenium.devtools.CdpVersionFinder findNearestMatch
WARNING: Unable to find an exact match for CDP version 112, so returning the closest version found: 110
]]></system-err>
  </testcase>
  <testcase name="as user i want to input invalid email then get error message" classname="As a user i have be able to success login so that i can see main page" time="5.027">
    <system-out><![CDATA[
@TestCaseMPAAAC-7
Scenario: as user i want to input invalid email then get error message &amp#27;[90m# src/test/resources/features/Login.feature:12&amp#27;[0m
14:28:02.486 [main] DEBUG io.cucumber.core.plugin.SerenityReporter - Running feature from file:///D:/D/QE_Alta/MiniProject/Web/Login-Web-AltaShop/src/test/resources/features/Login.feature
14:28:02.493 [main] INFO  - 
  _____   ___   ___   _____     ___   _____     _     ___   _____   ___   ___  
 |_   _| | __| / __| |_   _|   / __| |_   _|   /_\   | _ \ |_   _| | __| |   \ 
   | |   | _|  \__ \   | |     \__ \   | |    / _ \  |   /   | |   | _|  | |) |
   |_|   |___| |___/   |_|     |___/   |_|   /_/ \_\ |_|_\   |_|   |___| |___/ 

as user i want to input invalid email then get error message(as-a-user-i-have-be-able-to-success-login-so-that-i-can-see-main-page;as-user-i-want-to-input-invalid-email-then-get-error-message)
--------------------------------------------------------------------------------
14:28:02.584 [main] DEBUG net.thucydides.core.steps.StepInterceptor - STARTING STEP: LoginSteps.userOnLoginPage - onLoginPage
14:28:02.821 [AsyncHttpClient-1-1] DEBUG org.asynchttpclient.netty.channel.DefaultChannelPool - Entry count for : http://localhost:4887 : 1
14:28:02.821 [AsyncHttpClient-1-1] DEBUG org.asynchttpclient.netty.channel.DefaultChannelPool - Entry count for : http://localhost:51826 : 1
14:28:02.821 [AsyncHttpClient-1-1] DEBUG org.asynchttpclient.netty.channel.DefaultChannelPool - Adding Candidate expired Channel [id: 0x96dfaad7, L:/127.0.0.1:51825 ! R:localhost/127.0.0.1:4887] isIdleTimeoutExpired=false isRemotelyClosed=true isTtlExpired=false
14:28:02.821 [AsyncHttpClient-1-1] DEBUG org.asynchttpclient.netty.channel.DefaultChannelPool - Closing Idle Channel [id: 0x96dfaad7, L:/127.0.0.1:51825 ! R:localhost/127.0.0.1:4887]
14:28:02.821 [AsyncHttpClient-1-1] DEBUG org.asynchttpclient.netty.channel.DefaultChannelPool - Adding Candidate expired Channel [id: 0xab4b1c49, L:/127.0.0.1:51834 ! R:localhost/127.0.0.1:51826] isIdleTimeoutExpired=false isRemotelyClosed=true isTtlExpired=false
14:28:02.821 [AsyncHttpClient-1-1] DEBUG org.asynchttpclient.netty.channel.DefaultChannelPool - Closing Idle Channel [id: 0xab4b1c49, L:/127.0.0.1:51834 ! R:localhost/127.0.0.1:51826]
14:28:02.822 [AsyncHttpClient-1-1] DEBUG org.asynchttpclient.netty.channel.DefaultChannelPool - Closed 2 connections out of 2 in 1 ms
14:28:02.822 [main] INFO net.serenitybdd.core.webdriver.driverproviders.ChromeDriverProvider - Starting Chrome driver instance with capabilities:
14:28:02.823 [main] INFO net.serenitybdd.core.webdriver.driverproviders.ChromeDriverProvider - Capabilities {acceptInsecureCerts: true, browserName: chrome, goog:chromeOptions: {args: [remote-allow-origins=*, test-type, no-sandbox, ignore-certificate-errors, start-maximized, incognito, disable-infobars, disable-gpu, disable-default-apps, disable-popup-blocking, remote-allow-origins=*, test-type, no-sandbox, ignore-certificate-errors, start-maximized, incognito, disable-infobars, disable-gpu, disable-default-apps, disable-popup-blocking, remote-allow-origins=*], extensions: []}}
14:28:03.437 [AsyncHttpClient-1-5] DEBUG org.asynchttpclient.netty.channel.NettyConnectListener - Using new Channel '[id: 0xd7779f7d, L:/127.0.0.1:51855 - R:localhost/127.0.0.1:5288]' for 'POST' to '/session'
14:28:04.553 [AsyncHttpClient-1-5] DEBUG org.asynchttpclient.netty.handler.HttpHandler - 

Request DefaultHttpRequest(decodeResult: success, version: HTTP/1.1)
POST /session HTTP/1.1
User-Agent: selenium/4.8.1 (java windows)
Content-Length: 1701
Content-Type: application/json; charset=utf-8
host: localhost:5288
accept: */*

Response DefaultHttpResponse(decodeResult: success, version: HTTP/1.1)
HTTP/1.1 200 OK
Content-Length: 861
Content-Type: application/json; charset=utf-8
cache-control: no-cache

14:28:04.554 [AsyncHttpClient-1-5] DEBUG org.asynchttpclient.netty.channel.ChannelManager - Adding key: http://localhost:5288 for channel [id: 0xd7779f7d, L:/127.0.0.1:51855 - R:localhost/127.0.0.1:5288]
14:28:04.569 [AsyncHttpClient-1-6] DEBUG org.asynchttpclient.netty.channel.NettyConnectListener - Using new Channel '[id: 0xec36a77a, L:/127.0.0.1:51862 - R:localhost/127.0.0.1:51856]' for 'GET' to '/json/version'
14:28:04.571 [AsyncHttpClient-1-6] DEBUG org.asynchttpclient.netty.handler.HttpHandler - 

Request DefaultFullHttpRequest(decodeResult: success, version: HTTP/1.1, content: EmptyByteBufBE)
GET /json/version HTTP/1.1
User-Agent: selenium/4.8.1 (java windows)
host: localhost:51856
accept: */*

Response DefaultHttpResponse(decodeResult: success, version: HTTP/1.1)
HTTP/1.1 200 OK
Content-Security-Policy: frame-ancestors 'none'
Content-Length: 424
Content-Type: application/json; charset=UTF-8

14:28:04.571 [AsyncHttpClient-1-6] DEBUG org.asynchttpclient.netty.channel.ChannelManager - Adding key: http://localhost:51856 for channel [id: 0xec36a77a, L:/127.0.0.1:51862 - R:localhost/127.0.0.1:51856]
14:28:04.582 [AsyncHttpClient-1-7] DEBUG org.asynchttpclient.netty.channel.NettyConnectListener - Using new Channel '[id: 0x8e6b0e04, L:/127.0.0.1:51864 - R:localhost/127.0.0.1:51856]' for 'GET' to '/devtools/browser/1380d596-35cc-473c-bd75-0a76acfe0087'
14:28:04.584 [AsyncHttpClient-1-7] DEBUG org.asynchttpclient.netty.handler.WebSocketHandler - 

Request DefaultFullHttpRequest(decodeResult: success, version: HTTP/1.1, content: EmptyByteBufBE)
GET /devtools/browser/1380d596-35cc-473c-bd75-0a76acfe0087 HTTP/1.1
upgrade: websocket
connection: upgrade
sec-websocket-key: hNaLLRmptST5JDiA4RrOgw==
sec-websocket-version: 13
origin: http://localhost:51856
host: localhost:51856
accept: */*
user-agent: AHC/2.1

Response DefaultHttpResponse(decodeResult: success, version: HTTP/1.1)
HTTP/1.1 101 WebSocket Protocol Handshake
Upgrade: WebSocket
Connection: Upgrade
Sec-WebSocket-Accept: kZlhUFDXWZGJNu+5Qma7tJAqnw8=

14:28:04.592 [Forwarding get on session b2abdf7dcde33835b6b1071a51521f21 to remote] DEBUG org.asynchttpclient.netty.request.NettyRequestSender - Using pooled Channel '[id: 0xd7779f7d, L:/127.0.0.1:51855 - R:localhost/127.0.0.1:5288]' for 'POST' to 'http://localhost:5288/session/b2abdf7dcde33835b6b1071a51521f21/url'
14:28:04.592 [Forwarding get on session b2abdf7dcde33835b6b1071a51521f21 to remote] DEBUG org.asynchttpclient.netty.request.NettyRequestSender - Using open Channel [id: 0xd7779f7d, L:/127.0.0.1:51855 - R:localhost/127.0.0.1:5288] for POST '/session/b2abdf7dcde33835b6b1071a51521f21/url'
14:28:05.018 [AsyncHttpClient-1-1] DEBUG org.asynchttpclient.netty.channel.DefaultChannelPool - Entry count for : http://localhost:51856 : 1
14:28:05.587 [AsyncHttpClient-1-5] DEBUG org.asynchttpclient.netty.handler.HttpHandler - 

Request DefaultHttpRequest(decodeResult: success, version: HTTP/1.1)
POST /session/b2abdf7dcde33835b6b1071a51521f21/url HTTP/1.1
User-Agent: selenium/4.8.1 (java windows)
Content-Length: 74
Content-Type: application/json; charset=utf-8
host: localhost:5288
accept: */*

Response DefaultHttpResponse(decodeResult: success, version: HTTP/1.1)
HTTP/1.1 200 OK
Content-Length: 14
Content-Type: application/json; charset=utf-8
cache-control: no-cache

14:28:05.588 [AsyncHttpClient-1-5] DEBUG org.asynchttpclient.netty.channel.ChannelManager - Adding key: http://localhost:5288 for channel [id: 0xd7779f7d, L:/127.0.0.1:51855 - R:localhost/127.0.0.1:5288]
14:28:05.595 [Forwarding setTimeout on session b2abdf7dcde33835b6b1071a51521f21 to remote] DEBUG org.asynchttpclient.netty.request.NettyRequestSender - Using pooled Channel '[id: 0xd7779f7d, L:/127.0.0.1:51855 - R:localhost/127.0.0.1:5288]' for 'POST' to 'http://localhost:5288/session/b2abdf7dcde33835b6b1071a51521f21/timeouts'
14:28:05.596 [Forwarding setTimeout on session b2abdf7dcde33835b6b1071a51521f21 to remote] DEBUG org.asynchttpclient.netty.request.NettyRequestSender - Using open Channel [id: 0xd7779f7d, L:/127.0.0.1:51855 - R:localhost/127.0.0.1:5288] for POST '/session/b2abdf7dcde33835b6b1071a51521f21/timeouts'
14:28:05.598 [AsyncHttpClient-1-5] DEBUG org.asynchttpclient.netty.handler.HttpHandler - 

Request DefaultHttpRequest(decodeResult: success, version: HTTP/1.1)
POST /session/b2abdf7dcde33835b6b1071a51521f21/timeouts HTTP/1.1
User-Agent: selenium/4.8.1 (java windows)
Content-Length: 22
Content-Type: application/json; charset=utf-8
host: localhost:5288
accept: */*

Response DefaultHttpResponse(decodeResult: success, version: HTTP/1.1)
HTTP/1.1 200 OK
Content-Length: 14
Content-Type: application/json; charset=utf-8
cache-control: no-cache

14:28:05.599 [AsyncHttpClient-1-5] DEBUG org.asynchttpclient.netty.channel.ChannelManager - Adding key: http://localhost:5288 for channel [id: 0xd7779f7d, L:/127.0.0.1:51855 - R:localhost/127.0.0.1:5288]
14:28:05.607 [Forwarding findElement on session b2abdf7dcde33835b6b1071a51521f21 to remote] DEBUG org.asynchttpclient.netty.request.NettyRequestSender - Using pooled Channel '[id: 0xd7779f7d, L:/127.0.0.1:51855 - R:localhost/127.0.0.1:5288]' for 'POST' to 'http://localhost:5288/session/b2abdf7dcde33835b6b1071a51521f21/element'
14:28:05.607 [Forwarding findElement on session b2abdf7dcde33835b6b1071a51521f21 to remote] DEBUG org.asynchttpclient.netty.request.NettyRequestSender - Using open Channel [id: 0xd7779f7d, L:/127.0.0.1:51855 - R:localhost/127.0.0.1:5288] for POST '/session/b2abdf7dcde33835b6b1071a51521f21/element'
14:28:05.625 [AsyncHttpClient-1-5] DEBUG org.asynchttpclient.netty.handler.HttpHandler - 

Request DefaultHttpRequest(decodeResult: success, version: HTTP/1.1)
POST /session/b2abdf7dcde33835b6b1071a51521f21/element HTTP/1.1
User-Agent: selenium/4.8.1 (java windows)
Content-Length: 69
Content-Type: application/json; charset=utf-8
host: localhost:5288
accept: */*

Response DefaultHttpResponse(decodeResult: success, version: HTTP/1.1)
HTTP/1.1 200 OK
Content-Length: 88
Content-Type: application/json; charset=utf-8
cache-control: no-cache

14:28:05.625 [AsyncHttpClient-1-5] DEBUG org.asynchttpclient.netty.channel.ChannelManager - Adding key: http://localhost:5288 for channel [id: 0xd7779f7d, L:/127.0.0.1:51855 - R:localhost/127.0.0.1:5288]
14:28:05.633 [Forwarding isElementDisplayed on session b2abdf7dcde33835b6b1071a51521f21 to remote] DEBUG org.asynchttpclient.netty.request.NettyRequestSender - Using pooled Channel '[id: 0xd7779f7d, L:/127.0.0.1:51855 - R:localhost/127.0.0.1:5288]' for 'POST' to 'http://localhost:5288/session/b2abdf7dcde33835b6b1071a51521f21/execute/sync'
14:28:05.633 [Forwarding isElementDisplayed on session b2abdf7dcde33835b6b1071a51521f21 to remote] DEBUG org.asynchttpclient.netty.request.NettyRequestSender - Using open Channel [id: 0xd7779f7d, L:/127.0.0.1:51855 - R:localhost/127.0.0.1:5288] for POST '/session/b2abdf7dcde33835b6b1071a51521f21/execute/sync'
14:28:05.650 [AsyncHttpClient-1-5] DEBUG org.asynchttpclient.netty.handler.HttpHandler - 

Request DefaultHttpRequest(decodeResult: success, version: HTTP/1.1)
POST /session/b2abdf7dcde33835b6b1071a51521f21/execute/sync HTTP/1.1
User-Agent: selenium/4.8.1 (java windows)
Content-Length: 48807
Content-Type: application/json; charset=utf-8
host: localhost:5288
accept: */*

Response DefaultHttpResponse(decodeResult: success, version: HTTP/1.1)
HTTP/1.1 200 OK
Content-Length: 14
Content-Type: application/json; charset=utf-8
cache-control: no-cache

14:28:05.650 [AsyncHttpClient-1-5] DEBUG org.asynchttpclient.netty.channel.ChannelManager - Adding key: http://localhost:5288 for channel [id: 0xd7779f7d, L:/127.0.0.1:51855 - R:localhost/127.0.0.1:5288]
14:28:05.655 [Forwarding isElementDisplayed on session b2abdf7dcde33835b6b1071a51521f21 to remote] DEBUG org.asynchttpclient.netty.request.NettyRequestSender - Using pooled Channel '[id: 0xd7779f7d, L:/127.0.0.1:51855 - R:localhost/127.0.0.1:5288]' for 'POST' to 'http://localhost:5288/session/b2abdf7dcde33835b6b1071a51521f21/execute/sync'
14:28:05.655 [Forwarding isElementDisplayed on session b2abdf7dcde33835b6b1071a51521f21 to remote] DEBUG org.asynchttpclient.netty.request.NettyRequestSender - Using open Channel [id: 0xd7779f7d, L:/127.0.0.1:51855 - R:localhost/127.0.0.1:5288] for POST '/session/b2abdf7dcde33835b6b1071a51521f21/execute/sync'
14:28:05.672 [AsyncHttpClient-1-5] DEBUG org.asynchttpclient.netty.handler.HttpHandler - 

Request DefaultHttpRequest(decodeResult: success, version: HTTP/1.1)
POST /session/b2abdf7dcde33835b6b1071a51521f21/execute/sync HTTP/1.1
User-Agent: selenium/4.8.1 (java windows)
Content-Length: 48807
Content-Type: application/json; charset=utf-8
host: localhost:5288
accept: */*

Response DefaultHttpResponse(decodeResult: success, version: HTTP/1.1)
HTTP/1.1 200 OK
Content-Length: 14
Content-Type: application/json; charset=utf-8
cache-control: no-cache

14:28:05.672 [AsyncHttpClient-1-5] DEBUG org.asynchttpclient.netty.channel.ChannelManager - Adding key: http://localhost:5288 for channel [id: 0xd7779f7d, L:/127.0.0.1:51855 - R:localhost/127.0.0.1:5288]
14:28:05.674 [main] DEBUG net.thucydides.core.steps.StepInterceptor - STEP DONE: onLoginPage
  &amp#27;[32mGiven &amp#27;[0m&amp#27;[32muser on login page&amp#27;[0m                                             &amp#27;[90m# starter.stepdefinitions.LoginSteps.userOnLoginPage()&amp#27;[0m
14:28:05.689 [main] DEBUG net.thucydides.core.steps.StepInterceptor - STARTING STEP: LoginSteps.userInputInvalidUsername - inputInvalidUsername
14:28:05.699 [Forwarding findElement on session b2abdf7dcde33835b6b1071a51521f21 to remote] DEBUG org.asynchttpclient.netty.request.NettyRequestSender - Using pooled Channel '[id: 0xd7779f7d, L:/127.0.0.1:51855 - R:localhost/127.0.0.1:5288]' for 'POST' to 'http://localhost:5288/session/b2abdf7dcde33835b6b1071a51521f21/element'
14:28:05.699 [Forwarding findElement on session b2abdf7dcde33835b6b1071a51521f21 to remote] DEBUG org.asynchttpclient.netty.request.NettyRequestSender - Using open Channel [id: 0xd7779f7d, L:/127.0.0.1:51855 - R:localhost/127.0.0.1:5288] for POST '/session/b2abdf7dcde33835b6b1071a51521f21/element'
14:28:05.722 [AsyncHttpClient-1-5] DEBUG org.asynchttpclient.netty.handler.HttpHandler - 

Request DefaultHttpRequest(decodeResult: success, version: HTTP/1.1)
POST /session/b2abdf7dcde33835b6b1071a51521f21/element HTTP/1.1
User-Agent: selenium/4.8.1 (java windows)
Content-Length: 55
Content-Type: application/json; charset=utf-8
host: localhost:5288
accept: */*

Response DefaultHttpResponse(decodeResult: success, version: HTTP/1.1)
HTTP/1.1 200 OK
Content-Length: 88
Content-Type: application/json; charset=utf-8
cache-control: no-cache

14:28:05.722 [AsyncHttpClient-1-5] DEBUG org.asynchttpclient.netty.channel.ChannelManager - Adding key: http://localhost:5288 for channel [id: 0xd7779f7d, L:/127.0.0.1:51855 - R:localhost/127.0.0.1:5288]
14:28:05.724 [Forwarding clearElement on session b2abdf7dcde33835b6b1071a51521f21 to remote] DEBUG org.asynchttpclient.netty.request.NettyRequestSender - Using pooled Channel '[id: 0xd7779f7d, L:/127.0.0.1:51855 - R:localhost/127.0.0.1:5288]' for 'POST' to 'http://localhost:5288/session/b2abdf7dcde33835b6b1071a51521f21/element/52485c75-ed95-43e5-9b12-0bee175d6b25/clear'
14:28:05.725 [Forwarding clearElement on session b2abdf7dcde33835b6b1071a51521f21 to remote] DEBUG org.asynchttpclient.netty.request.NettyRequestSender - Using open Channel [id: 0xd7779f7d, L:/127.0.0.1:51855 - R:localhost/127.0.0.1:5288] for POST '/session/b2abdf7dcde33835b6b1071a51521f21/element/52485c75-ed95-43e5-9b12-0bee175d6b25/clear'
14:28:05.771 [AsyncHttpClient-1-5] DEBUG org.asynchttpclient.netty.handler.HttpHandler - 

Request DefaultHttpRequest(decodeResult: success, version: HTTP/1.1)
POST /session/b2abdf7dcde33835b6b1071a51521f21/element/52485c75-ed95-43e5-9b12-0bee175d6b25/clear HTTP/1.1
User-Agent: selenium/4.8.1 (java windows)
Content-Length: 50
Content-Type: application/json; charset=utf-8
host: localhost:5288
accept: */*

Response DefaultHttpResponse(decodeResult: success, version: HTTP/1.1)
HTTP/1.1 200 OK
Content-Length: 14
Content-Type: application/json; charset=utf-8
cache-control: no-cache

14:28:05.772 [AsyncHttpClient-1-5] DEBUG org.asynchttpclient.netty.channel.ChannelManager - Adding key: http://localhost:5288 for channel [id: 0xd7779f7d, L:/127.0.0.1:51855 - R:localhost/127.0.0.1:5288]
14:28:05.774 [Forwarding sendKeysToElement on session b2abdf7dcde33835b6b1071a51521f21 to remote] DEBUG org.asynchttpclient.netty.request.NettyRequestSender - Using pooled Channel '[id: 0xd7779f7d, L:/127.0.0.1:51855 - R:localhost/127.0.0.1:5288]' for 'POST' to 'http://localhost:5288/session/b2abdf7dcde33835b6b1071a51521f21/element/52485c75-ed95-43e5-9b12-0bee175d6b25/value'
14:28:05.774 [Forwarding sendKeysToElement on session b2abdf7dcde33835b6b1071a51521f21 to remote] DEBUG org.asynchttpclient.netty.request.NettyRequestSender - Using open Channel [id: 0xd7779f7d, L:/127.0.0.1:51855 - R:localhost/127.0.0.1:5288] for POST '/session/b2abdf7dcde33835b6b1071a51521f21/element/52485c75-ed95-43e5-9b12-0bee175d6b25/value'
14:28:05.848 [AsyncHttpClient-1-5] DEBUG org.asynchttpclient.netty.handler.HttpHandler - 

Request DefaultHttpRequest(decodeResult: success, version: HTTP/1.1)
POST /session/b2abdf7dcde33835b6b1071a51521f21/element/52485c75-ed95-43e5-9b12-0bee175d6b25/value HTTP/1.1
User-Agent: selenium/4.8.1 (java windows)
Content-Length: 111
Content-Type: application/json; charset=utf-8
host: localhost:5288
accept: */*

Response DefaultHttpResponse(decodeResult: success, version: HTTP/1.1)
HTTP/1.1 200 OK
Content-Length: 14
Content-Type: application/json; charset=utf-8
cache-control: no-cache

14:28:05.849 [AsyncHttpClient-1-5] DEBUG org.asynchttpclient.netty.channel.ChannelManager - Adding key: http://localhost:5288 for channel [id: 0xd7779f7d, L:/127.0.0.1:51855 - R:localhost/127.0.0.1:5288]
14:28:05.853 [main] DEBUG net.thucydides.core.steps.StepInterceptor - STEP DONE: inputInvalidUsername
  &amp#27;[32mWhen &amp#27;[0m&amp#27;[32muser input invalid username&amp#27;[0m                                     &amp#27;[90m# starter.stepdefinitions.LoginSteps.userInputInvalidUsername()&amp#27;[0m
14:28:05.867 [main] DEBUG net.thucydides.core.steps.StepInterceptor - STARTING STEP: LoginSteps.userInputValidPassword - inputPassword
14:28:05.870 [Forwarding findElement on session b2abdf7dcde33835b6b1071a51521f21 to remote] DEBUG org.asynchttpclient.netty.request.NettyRequestSender - Using pooled Channel '[id: 0xd7779f7d, L:/127.0.0.1:51855 - R:localhost/127.0.0.1:5288]' for 'POST' to 'http://localhost:5288/session/b2abdf7dcde33835b6b1071a51521f21/element'
14:28:05.870 [Forwarding findElement on session b2abdf7dcde33835b6b1071a51521f21 to remote] DEBUG org.asynchttpclient.netty.request.NettyRequestSender - Using open Channel [id: 0xd7779f7d, L:/127.0.0.1:51855 - R:localhost/127.0.0.1:5288] for POST '/session/b2abdf7dcde33835b6b1071a51521f21/element'
14:28:05.886 [AsyncHttpClient-1-5] DEBUG org.asynchttpclient.netty.handler.HttpHandler - 

Request DefaultHttpRequest(decodeResult: success, version: HTTP/1.1)
POST /session/b2abdf7dcde33835b6b1071a51521f21/element HTTP/1.1
User-Agent: selenium/4.8.1 (java windows)
Content-Length: 55
Content-Type: application/json; charset=utf-8
host: localhost:5288
accept: */*

Response DefaultHttpResponse(decodeResult: success, version: HTTP/1.1)
HTTP/1.1 200 OK
Content-Length: 88
Content-Type: application/json; charset=utf-8
cache-control: no-cache

14:28:05.886 [AsyncHttpClient-1-5] DEBUG org.asynchttpclient.netty.channel.ChannelManager - Adding key: http://localhost:5288 for channel [id: 0xd7779f7d, L:/127.0.0.1:51855 - R:localhost/127.0.0.1:5288]
14:28:05.888 [Forwarding clearElement on session b2abdf7dcde33835b6b1071a51521f21 to remote] DEBUG org.asynchttpclient.netty.request.NettyRequestSender - Using pooled Channel '[id: 0xd7779f7d, L:/127.0.0.1:51855 - R:localhost/127.0.0.1:5288]' for 'POST' to 'http://localhost:5288/session/b2abdf7dcde33835b6b1071a51521f21/element/1eee2706-a393-48c7-ba55-ba5cccbeaab7/clear'
14:28:05.888 [Forwarding clearElement on session b2abdf7dcde33835b6b1071a51521f21 to remote] DEBUG org.asynchttpclient.netty.request.NettyRequestSender - Using open Channel [id: 0xd7779f7d, L:/127.0.0.1:51855 - R:localhost/127.0.0.1:5288] for POST '/session/b2abdf7dcde33835b6b1071a51521f21/element/1eee2706-a393-48c7-ba55-ba5cccbeaab7/clear'
14:28:05.932 [AsyncHttpClient-1-5] DEBUG org.asynchttpclient.netty.handler.HttpHandler - 

Request DefaultHttpRequest(decodeResult: success, version: HTTP/1.1)
POST /session/b2abdf7dcde33835b6b1071a51521f21/element/1eee2706-a393-48c7-ba55-ba5cccbeaab7/clear HTTP/1.1
User-Agent: selenium/4.8.1 (java windows)
Content-Length: 50
Content-Type: application/json; charset=utf-8
host: localhost:5288
accept: */*

Response DefaultHttpResponse(decodeResult: success, version: HTTP/1.1)
HTTP/1.1 200 OK
Content-Length: 14
Content-Type: application/json; charset=utf-8
cache-control: no-cache

14:28:05.932 [AsyncHttpClient-1-5] DEBUG org.asynchttpclient.netty.channel.ChannelManager - Adding key: http://localhost:5288 for channel [id: 0xd7779f7d, L:/127.0.0.1:51855 - R:localhost/127.0.0.1:5288]
14:28:05.935 [Forwarding sendKeysToElement on session b2abdf7dcde33835b6b1071a51521f21 to remote] DEBUG org.asynchttpclient.netty.request.NettyRequestSender - Using pooled Channel '[id: 0xd7779f7d, L:/127.0.0.1:51855 - R:localhost/127.0.0.1:5288]' for 'POST' to 'http://localhost:5288/session/b2abdf7dcde33835b6b1071a51521f21/element/1eee2706-a393-48c7-ba55-ba5cccbeaab7/value'
14:28:05.935 [Forwarding sendKeysToElement on session b2abdf7dcde33835b6b1071a51521f21 to remote] DEBUG org.asynchttpclient.netty.request.NettyRequestSender - Using open Channel [id: 0xd7779f7d, L:/127.0.0.1:51855 - R:localhost/127.0.0.1:5288] for POST '/session/b2abdf7dcde33835b6b1071a51521f21/element/1eee2706-a393-48c7-ba55-ba5cccbeaab7/value'
14:28:06.034 [AsyncHttpClient-1-5] DEBUG org.asynchttpclient.netty.handler.HttpHandler - 

Request DefaultHttpRequest(decodeResult: success, version: HTTP/1.1)
POST /session/b2abdf7dcde33835b6b1071a51521f21/element/1eee2706-a393-48c7-ba55-ba5cccbeaab7/value HTTP/1.1
User-Agent: selenium/4.8.1 (java windows)
Content-Length: 131
Content-Type: application/json; charset=utf-8
host: localhost:5288
accept: */*

Response DefaultHttpResponse(decodeResult: success, version: HTTP/1.1)
HTTP/1.1 200 OK
Content-Length: 14
Content-Type: application/json; charset=utf-8
cache-control: no-cache

14:28:06.034 [AsyncHttpClient-1-5] DEBUG org.asynchttpclient.netty.channel.ChannelManager - Adding key: http://localhost:5288 for channel [id: 0xd7779f7d, L:/127.0.0.1:51855 - R:localhost/127.0.0.1:5288]
14:28:06.039 [main] DEBUG net.thucydides.core.steps.StepInterceptor - STEP DONE: inputPassword
  &amp#27;[32mAnd &amp#27;[0m&amp#27;[32muser input valid password&amp#27;[0m                                        &amp#27;[90m# starter.stepdefinitions.LoginSteps.userInputValidPassword()&amp#27;[0m
14:28:06.053 [main] DEBUG net.thucydides.core.steps.StepInterceptor - STARTING STEP: LoginSteps.userClickLoginButton - ClickLoginBtn
14:28:06.061 [Forwarding findElement on session b2abdf7dcde33835b6b1071a51521f21 to remote] DEBUG org.asynchttpclient.netty.request.NettyRequestSender - Using pooled Channel '[id: 0xd7779f7d, L:/127.0.0.1:51855 - R:localhost/127.0.0.1:5288]' for 'POST' to 'http://localhost:5288/session/b2abdf7dcde33835b6b1071a51521f21/element'
14:28:06.061 [Forwarding findElement on session b2abdf7dcde33835b6b1071a51521f21 to remote] DEBUG org.asynchttpclient.netty.request.NettyRequestSender - Using open Channel [id: 0xd7779f7d, L:/127.0.0.1:51855 - R:localhost/127.0.0.1:5288] for POST '/session/b2abdf7dcde33835b6b1071a51521f21/element'
14:28:06.069 [AsyncHttpClient-1-5] DEBUG org.asynchttpclient.netty.handler.HttpHandler - 

Request DefaultHttpRequest(decodeResult: success, version: HTTP/1.1)
POST /session/b2abdf7dcde33835b6b1071a51521f21/element HTTP/1.1
User-Agent: selenium/4.8.1 (java windows)
Content-Length: 69
Content-Type: application/json; charset=utf-8
host: localhost:5288
accept: */*

Response DefaultHttpResponse(decodeResult: success, version: HTTP/1.1)
HTTP/1.1 200 OK
Content-Length: 88
Content-Type: application/json; charset=utf-8
cache-control: no-cache

14:28:06.069 [AsyncHttpClient-1-5] DEBUG org.asynchttpclient.netty.channel.ChannelManager - Adding key: http://localhost:5288 for channel [id: 0xd7779f7d, L:/127.0.0.1:51855 - R:localhost/127.0.0.1:5288]
14:28:06.071 [Forwarding getElementTagName on session b2abdf7dcde33835b6b1071a51521f21 to remote] DEBUG org.asynchttpclient.netty.request.NettyRequestSender - Using pooled Channel '[id: 0xd7779f7d, L:/127.0.0.1:51855 - R:localhost/127.0.0.1:5288]' for 'GET' to 'http://localhost:5288/session/b2abdf7dcde33835b6b1071a51521f21/element/aab63855-30f0-4514-a7b6-9471364329a2/name'
14:28:06.072 [Forwarding getElementTagName on session b2abdf7dcde33835b6b1071a51521f21 to remote] DEBUG org.asynchttpclient.netty.request.NettyRequestSender - Using open Channel [id: 0xd7779f7d, L:/127.0.0.1:51855 - R:localhost/127.0.0.1:5288] for GET '/session/b2abdf7dcde33835b6b1071a51521f21/element/aab63855-30f0-4514-a7b6-9471364329a2/name'
14:28:06.081 [AsyncHttpClient-1-5] DEBUG org.asynchttpclient.netty.handler.HttpHandler - 

Request DefaultFullHttpRequest(decodeResult: success, version: HTTP/1.1, content: EmptyByteBufBE)
GET /session/b2abdf7dcde33835b6b1071a51521f21/element/aab63855-30f0-4514-a7b6-9471364329a2/name HTTP/1.1
User-Agent: selenium/4.8.1 (java windows)
Cache-Control: no-cache
Content-Type: application/json; charset=utf-8
host: localhost:5288
accept: */*

Response DefaultHttpResponse(decodeResult: success, version: HTTP/1.1)
HTTP/1.1 200 OK
Content-Length: 16
Content-Type: application/json; charset=utf-8
cache-control: no-cache

14:28:06.081 [AsyncHttpClient-1-5] DEBUG org.asynchttpclient.netty.channel.ChannelManager - Adding key: http://localhost:5288 for channel [id: 0xd7779f7d, L:/127.0.0.1:51855 - R:localhost/127.0.0.1:5288]
14:28:06.083 [Forwarding getElementTagName on session b2abdf7dcde33835b6b1071a51521f21 to remote] DEBUG org.asynchttpclient.netty.request.NettyRequestSender - Using pooled Channel '[id: 0xd7779f7d, L:/127.0.0.1:51855 - R:localhost/127.0.0.1:5288]' for 'GET' to 'http://localhost:5288/session/b2abdf7dcde33835b6b1071a51521f21/element/aab63855-30f0-4514-a7b6-9471364329a2/name'
[...]
User-Agent: selenium/4.8.1 (java windows)
Content-Length: 50
Content-Type: application/json; charset=utf-8
host: localhost:9232
accept: */*

Response DefaultHttpResponse(decodeResult: success, version: HTTP/1.1)
HTTP/1.1 200 OK
Content-Length: 14
Content-Type: application/json; charset=utf-8
cache-control: no-cache

14:28:15.715 [AsyncHttpClient-1-3] DEBUG org.asynchttpclient.netty.channel.ChannelManager - Adding key: http://localhost:9232 for channel [id: 0x8d0fc3f4, L:/127.0.0.1:51905 - R:localhost/127.0.0.1:9232]
14:28:15.718 [Forwarding sendKeysToElement on session ca41140a03c7808b488855c86f3ddf00 to remote] DEBUG org.asynchttpclient.netty.request.NettyRequestSender - Using pooled Channel '[id: 0x8d0fc3f4, L:/127.0.0.1:51905 - R:localhost/127.0.0.1:9232]' for 'POST' to 'http://localhost:9232/session/ca41140a03c7808b488855c86f3ddf00/element/9fb91783-e31d-4c5b-a381-26aae6ccc7d5/value'
14:28:15.718 [Forwarding sendKeysToElement on session ca41140a03c7808b488855c86f3ddf00 to remote] DEBUG org.asynchttpclient.netty.request.NettyRequestSender - Using open Channel [id: 0x8d0fc3f4, L:/127.0.0.1:51905 - R:localhost/127.0.0.1:9232] for POST '/session/ca41140a03c7808b488855c86f3ddf00/element/9fb91783-e31d-4c5b-a381-26aae6ccc7d5/value'
14:28:15.780 [AsyncHttpClient-1-3] DEBUG org.asynchttpclient.netty.handler.HttpHandler - 

Request DefaultHttpRequest(decodeResult: success, version: HTTP/1.1)
POST /session/ca41140a03c7808b488855c86f3ddf00/element/9fb91783-e31d-4c5b-a381-26aae6ccc7d5/value HTTP/1.1
User-Agent: selenium/4.8.1 (java windows)
Content-Length: 82
Content-Type: application/json; charset=utf-8
host: localhost:9232
accept: */*

Response DefaultHttpResponse(decodeResult: success, version: HTTP/1.1)
HTTP/1.1 200 OK
Content-Length: 14
Content-Type: application/json; charset=utf-8
cache-control: no-cache

14:28:15.780 [AsyncHttpClient-1-3] DEBUG org.asynchttpclient.netty.channel.ChannelManager - Adding key: http://localhost:9232 for channel [id: 0x8d0fc3f4, L:/127.0.0.1:51905 - R:localhost/127.0.0.1:9232]
  &amp#27;[32mAnd &amp#27;[0m&amp#27;[32muser input empty password&amp#27;[0m                                         &amp#27;[90m# starter.stepdefinitions.LoginSteps.userInputEmptyPassword()&amp#27;[0m
14:28:15.799 [main] DEBUG net.thucydides.core.steps.StepInterceptor - STARTING STEP: LoginSteps.userClickLoginButton - ClickLoginBtn
14:28:15.805 [Forwarding findElement on session ca41140a03c7808b488855c86f3ddf00 to remote] DEBUG org.asynchttpclient.netty.request.NettyRequestSender - Using pooled Channel '[id: 0x8d0fc3f4, L:/127.0.0.1:51905 - R:localhost/127.0.0.1:9232]' for 'POST' to 'http://localhost:9232/session/ca41140a03c7808b488855c86f3ddf00/element'
14:28:15.805 [Forwarding findElement on session ca41140a03c7808b488855c86f3ddf00 to remote] DEBUG org.asynchttpclient.netty.request.NettyRequestSender - Using open Channel [id: 0x8d0fc3f4, L:/127.0.0.1:51905 - R:localhost/127.0.0.1:9232] for POST '/session/ca41140a03c7808b488855c86f3ddf00/element'
14:28:15.816 [AsyncHttpClient-1-3] DEBUG org.asynchttpclient.netty.handler.HttpHandler - 

Request DefaultHttpRequest(decodeResult: success, version: HTTP/1.1)
POST /session/ca41140a03c7808b488855c86f3ddf00/element HTTP/1.1
User-Agent: selenium/4.8.1 (java windows)
Content-Length: 69
Content-Type: application/json; charset=utf-8
host: localhost:9232
accept: */*

Response DefaultHttpResponse(decodeResult: success, version: HTTP/1.1)
HTTP/1.1 200 OK
Content-Length: 88
Content-Type: application/json; charset=utf-8
cache-control: no-cache

14:28:15.816 [AsyncHttpClient-1-3] DEBUG org.asynchttpclient.netty.channel.ChannelManager - Adding key: http://localhost:9232 for channel [id: 0x8d0fc3f4, L:/127.0.0.1:51905 - R:localhost/127.0.0.1:9232]
14:28:15.818 [Forwarding getElementTagName on session ca41140a03c7808b488855c86f3ddf00 to remote] DEBUG org.asynchttpclient.netty.request.NettyRequestSender - Using pooled Channel '[id: 0x8d0fc3f4, L:/127.0.0.1:51905 - R:localhost/127.0.0.1:9232]' for 'GET' to 'http://localhost:9232/session/ca41140a03c7808b488855c86f3ddf00/element/0734b90a-137a-44b9-8081-c3ccaefd3aba/name'
14:28:15.818 [Forwarding getElementTagName on session ca41140a03c7808b488855c86f3ddf00 to remote] DEBUG org.asynchttpclient.netty.request.NettyRequestSender - Using open Channel [id: 0x8d0fc3f4, L:/127.0.0.1:51905 - R:localhost/127.0.0.1:9232] for GET '/session/ca41140a03c7808b488855c86f3ddf00/element/0734b90a-137a-44b9-8081-c3ccaefd3aba/name'
14:28:15.827 [AsyncHttpClient-1-3] DEBUG org.asynchttpclient.netty.handler.HttpHandler - 

Request DefaultFullHttpRequest(decodeResult: success, version: HTTP/1.1, content: EmptyByteBufBE)
GET /session/ca41140a03c7808b488855c86f3ddf00/element/0734b90a-137a-44b9-8081-c3ccaefd3aba/name HTTP/1.1
User-Agent: selenium/4.8.1 (java windows)
Cache-Control: no-cache
Content-Type: application/json; charset=utf-8
host: localhost:9232
accept: */*

Response DefaultHttpResponse(decodeResult: success, version: HTTP/1.1)
HTTP/1.1 200 OK
Content-Length: 16
Content-Type: application/json; charset=utf-8
cache-control: no-cache

14:28:15.827 [AsyncHttpClient-1-3] DEBUG org.asynchttpclient.netty.channel.ChannelManager - Adding key: http://localhost:9232 for channel [id: 0x8d0fc3f4, L:/127.0.0.1:51905 - R:localhost/127.0.0.1:9232]
14:28:15.829 [Forwarding getElementTagName on session ca41140a03c7808b488855c86f3ddf00 to remote] DEBUG org.asynchttpclient.netty.request.NettyRequestSender - Using pooled Channel '[id: 0x8d0fc3f4, L:/127.0.0.1:51905 - R:localhost/127.0.0.1:9232]' for 'GET' to 'http://localhost:9232/session/ca41140a03c7808b488855c86f3ddf00/element/0734b90a-137a-44b9-8081-c3ccaefd3aba/name'
14:28:15.829 [Forwarding getElementTagName on session ca41140a03c7808b488855c86f3ddf00 to remote] DEBUG org.asynchttpclient.netty.request.NettyRequestSender - Using open Channel [id: 0x8d0fc3f4, L:/127.0.0.1:51905 - R:localhost/127.0.0.1:9232] for GET '/session/ca41140a03c7808b488855c86f3ddf00/element/0734b90a-137a-44b9-8081-c3ccaefd3aba/name'
14:28:15.833 [AsyncHttpClient-1-3] DEBUG org.asynchttpclient.netty.handler.HttpHandler - 

Request DefaultFullHttpRequest(decodeResult: success, version: HTTP/1.1, content: EmptyByteBufBE)
GET /session/ca41140a03c7808b488855c86f3ddf00/element/0734b90a-137a-44b9-8081-c3ccaefd3aba/name HTTP/1.1
User-Agent: selenium/4.8.1 (java windows)
Cache-Control: no-cache
Content-Type: application/json; charset=utf-8
host: localhost:9232
accept: */*

Response DefaultHttpResponse(decodeResult: success, version: HTTP/1.1)
HTTP/1.1 200 OK
Content-Length: 16
Content-Type: application/json; charset=utf-8
cache-control: no-cache

14:28:15.833 [AsyncHttpClient-1-3] DEBUG org.asynchttpclient.netty.channel.ChannelManager - Adding key: http://localhost:9232 for channel [id: 0x8d0fc3f4, L:/127.0.0.1:51905 - R:localhost/127.0.0.1:9232]
14:28:15.836 [Forwarding findElement on session ca41140a03c7808b488855c86f3ddf00 to remote] DEBUG org.asynchttpclient.netty.request.NettyRequestSender - Using pooled Channel '[id: 0x8d0fc3f4, L:/127.0.0.1:51905 - R:localhost/127.0.0.1:9232]' for 'POST' to 'http://localhost:9232/session/ca41140a03c7808b488855c86f3ddf00/element'
14:28:15.836 [Forwarding findElement on session ca41140a03c7808b488855c86f3ddf00 to remote] DEBUG org.asynchttpclient.netty.request.NettyRequestSender - Using open Channel [id: 0x8d0fc3f4, L:/127.0.0.1:51905 - R:localhost/127.0.0.1:9232] for POST '/session/ca41140a03c7808b488855c86f3ddf00/element'
14:28:15.846 [AsyncHttpClient-1-3] DEBUG org.asynchttpclient.netty.handler.HttpHandler - 

Request DefaultHttpRequest(decodeResult: success, version: HTTP/1.1)
POST /session/ca41140a03c7808b488855c86f3ddf00/element HTTP/1.1
User-Agent: selenium/4.8.1 (java windows)
Content-Length: 69
Content-Type: application/json; charset=utf-8
host: localhost:9232
accept: */*

Response DefaultHttpResponse(decodeResult: success, version: HTTP/1.1)
HTTP/1.1 200 OK
Content-Length: 88
Content-Type: application/json; charset=utf-8
cache-control: no-cache

14:28:15.846 [AsyncHttpClient-1-3] DEBUG org.asynchttpclient.netty.channel.ChannelManager - Adding key: http://localhost:9232 for channel [id: 0x8d0fc3f4, L:/127.0.0.1:51905 - R:localhost/127.0.0.1:9232]
14:28:15.848 [Forwarding clickElement on session ca41140a03c7808b488855c86f3ddf00 to remote] DEBUG org.asynchttpclient.netty.request.NettyRequestSender - Using pooled Channel '[id: 0x8d0fc3f4, L:/127.0.0.1:51905 - R:localhost/127.0.0.1:9232]' for 'POST' to 'http://localhost:9232/session/ca41140a03c7808b488855c86f3ddf00/element/0734b90a-137a-44b9-8081-c3ccaefd3aba/click'
14:28:15.848 [Forwarding clickElement on session ca41140a03c7808b488855c86f3ddf00 to remote] DEBUG org.asynchttpclient.netty.request.NettyRequestSender - Using open Channel [id: 0x8d0fc3f4, L:/127.0.0.1:51905 - R:localhost/127.0.0.1:9232] for POST '/session/ca41140a03c7808b488855c86f3ddf00/element/0734b90a-137a-44b9-8081-c3ccaefd3aba/click'
14:28:15.917 [AsyncHttpClient-1-3] DEBUG org.asynchttpclient.netty.handler.HttpHandler - 

Request DefaultHttpRequest(decodeResult: success, version: HTTP/1.1)
POST /session/ca41140a03c7808b488855c86f3ddf00/element/0734b90a-137a-44b9-8081-c3ccaefd3aba/click HTTP/1.1
User-Agent: selenium/4.8.1 (java windows)
Content-Length: 50
Content-Type: application/json; charset=utf-8
host: localhost:9232
accept: */*

Response DefaultHttpResponse(decodeResult: success, version: HTTP/1.1)
HTTP/1.1 200 OK
Content-Length: 14
Content-Type: application/json; charset=utf-8
cache-control: no-cache

14:28:15.918 [AsyncHttpClient-1-3] DEBUG org.asynchttpclient.netty.channel.ChannelManager - Adding key: http://localhost:9232 for channel [id: 0x8d0fc3f4, L:/127.0.0.1:51905 - R:localhost/127.0.0.1:9232]
14:28:15.923 [main] DEBUG net.thucydides.core.steps.StepInterceptor - STEP DONE: ClickLoginBtn
  &amp#27;[32mAnd &amp#27;[0m&amp#27;[32muser click login button&amp#27;[0m                                           &amp#27;[90m# starter.stepdefinitions.LoginSteps.userClickLoginButton()&amp#27;[0m
14:28:15.936 [main] DEBUG net.thucydides.core.steps.StepInterceptor - STARTING STEP: LoginSteps.userSeeErrorMessage - errorMessageIsDispalyed
14:28:15.945 [Forwarding findElement on session ca41140a03c7808b488855c86f3ddf00 to remote] DEBUG org.asynchttpclient.netty.request.NettyRequestSender - Using pooled Channel '[id: 0x8d0fc3f4, L:/127.0.0.1:51905 - R:localhost/127.0.0.1:9232]' for 'POST' to 'http://localhost:9232/session/ca41140a03c7808b488855c86f3ddf00/element'
14:28:15.945 [Forwarding findElement on session ca41140a03c7808b488855c86f3ddf00 to remote] DEBUG org.asynchttpclient.netty.request.NettyRequestSender - Using open Channel [id: 0x8d0fc3f4, L:/127.0.0.1:51905 - R:localhost/127.0.0.1:9232] for POST '/session/ca41140a03c7808b488855c86f3ddf00/element'
14:28:16.016 [AsyncHttpClient-1-1] DEBUG org.asynchttpclient.netty.channel.DefaultChannelPool - Entry count for : http://localhost:51906 : 1
14:28:16.263 [AsyncHttpClient-1-3] DEBUG org.asynchttpclient.netty.handler.HttpHandler - 

Request DefaultHttpRequest(decodeResult: success, version: HTTP/1.1)
POST /session/ca41140a03c7808b488855c86f3ddf00/element HTTP/1.1
User-Agent: selenium/4.8.1 (java windows)
Content-Length: 79
Content-Type: application/json; charset=utf-8
host: localhost:9232
accept: */*

Response DefaultHttpResponse(decodeResult: success, version: HTTP/1.1)
HTTP/1.1 200 OK
Content-Length: 88
Content-Type: application/json; charset=utf-8
cache-control: no-cache

14:28:16.263 [AsyncHttpClient-1-3] DEBUG org.asynchttpclient.netty.channel.ChannelManager - Adding key: http://localhost:9232 for channel [id: 0x8d0fc3f4, L:/127.0.0.1:51905 - R:localhost/127.0.0.1:9232]
14:28:16.267 [Forwarding isElementDisplayed on session ca41140a03c7808b488855c86f3ddf00 to remote] DEBUG org.asynchttpclient.netty.request.NettyRequestSender - Using pooled Channel '[id: 0x8d0fc3f4, L:/127.0.0.1:51905 - R:localhost/127.0.0.1:9232]' for 'POST' to 'http://localhost:9232/session/ca41140a03c7808b488855c86f3ddf00/execute/sync'
14:28:16.267 [Forwarding isElementDisplayed on session ca41140a03c7808b488855c86f3ddf00 to remote] DEBUG org.asynchttpclient.netty.request.NettyRequestSender - Using open Channel [id: 0x8d0fc3f4, L:/127.0.0.1:51905 - R:localhost/127.0.0.1:9232] for POST '/session/ca41140a03c7808b488855c86f3ddf00/execute/sync'
14:28:16.280 [AsyncHttpClient-1-3] DEBUG org.asynchttpclient.netty.handler.HttpHandler - 

Request DefaultHttpRequest(decodeResult: success, version: HTTP/1.1)
POST /session/ca41140a03c7808b488855c86f3ddf00/execute/sync HTTP/1.1
User-Agent: selenium/4.8.1 (java windows)
Content-Length: 48807
Content-Type: application/json; charset=utf-8
host: localhost:9232
accept: */*

Response DefaultHttpResponse(decodeResult: success, version: HTTP/1.1)
HTTP/1.1 200 OK
Content-Length: 14
Content-Type: application/json; charset=utf-8
cache-control: no-cache

14:28:16.280 [AsyncHttpClient-1-3] DEBUG org.asynchttpclient.netty.channel.ChannelManager - Adding key: http://localhost:9232 for channel [id: 0x8d0fc3f4, L:/127.0.0.1:51905 - R:localhost/127.0.0.1:9232]
14:28:16.284 [Forwarding isElementDisplayed on session ca41140a03c7808b488855c86f3ddf00 to remote] DEBUG org.asynchttpclient.netty.request.NettyRequestSender - Using pooled Channel '[id: 0x8d0fc3f4, L:/127.0.0.1:51905 - R:localhost/127.0.0.1:9232]' for 'POST' to 'http://localhost:9232/session/ca41140a03c7808b488855c86f3ddf00/execute/sync'
14:28:16.284 [Forwarding isElementDisplayed on session ca41140a03c7808b488855c86f3ddf00 to remote] DEBUG org.asynchttpclient.netty.request.NettyRequestSender - Using open Channel [id: 0x8d0fc3f4, L:/127.0.0.1:51905 - R:localhost/127.0.0.1:9232] for POST '/session/ca41140a03c7808b488855c86f3ddf00/execute/sync'
14:28:16.295 [AsyncHttpClient-1-3] DEBUG org.asynchttpclient.netty.handler.HttpHandler - 

Request DefaultHttpRequest(decodeResult: success, version: HTTP/1.1)
POST /session/ca41140a03c7808b488855c86f3ddf00/execute/sync HTTP/1.1
User-Agent: selenium/4.8.1 (java windows)
Content-Length: 48807
Content-Type: application/json; charset=utf-8
host: localhost:9232
accept: */*

Response DefaultHttpResponse(decodeResult: success, version: HTTP/1.1)
HTTP/1.1 200 OK
Content-Length: 14
Content-Type: application/json; charset=utf-8
cache-control: no-cache

14:28:16.295 [AsyncHttpClient-1-3] DEBUG org.asynchttpclient.netty.channel.ChannelManager - Adding key: http://localhost:9232 for channel [id: 0x8d0fc3f4, L:/127.0.0.1:51905 - R:localhost/127.0.0.1:9232]
14:28:16.297 [main] DEBUG net.thucydides.core.steps.StepInterceptor - STEP DONE: errorMessageIsDispalyed
  &amp#27;[32mThen &amp#27;[0m&amp#27;[32muser see error message&amp#27;[0m                                           &amp#27;[90m# starter.stepdefinitions.LoginSteps.userSeeErrorMessage()&amp#27;[0m
14:28:16.300 [main] INFO  - 
  _____   ___   ___   _____     ___     _     ___   ___   ___   ___  
 |_   _| | __| / __| |_   _|   | _ \   /_\   / __| / __| | __| |   \ 
   | |   | _|  \__ \   | |     |  _/  / _ \  \__ \ \__ \ | _|  | |) |
   |_|   |___| |___/   |_|     |_|   /_/ \_\ |___/ |___/ |___| |___/ 

as user i want to input empty password then get error message
----------------------------------------------------------------------
14:28:16.302 [AsyncHttpClient-1-5] DEBUG org.asynchttpclient.netty.handler.WebSocketHandler - Channel Closed: [id: 0x934586c8, L:/127.0.0.1:51912 ! R:localhost/127.0.0.1:51906] with attribute NettyResponseFuture{currentRetry=0,
	isDone=1,
	isCancelled=0,
	asyncHandler=org.asynchttpclient.ws.WebSocketUpgradeHandler@59e7278a,
	nettyRequest=org.asynchttpclient.netty.request.NettyRequest@5f6c85af,
	future=java.util.concurrent.CompletableFuture@7845e80b[Completed normally],
	uri=ws://localhost:51906/devtools/browser/c47700ad-4063-4b15-82b1-89b973fc2ba7,
	keepAlive=true,
	redirectCount=0,
	timeoutsHolder=null,
	inAuth=0,
	touch=1683530894077}
14:28:16.302 [AsyncHttpClient-1-5] DEBUG org.asynchttpclient.netty.channel.ChannelManager - Closing Channel [id: 0x934586c8, L:/127.0.0.1:51912 ! R:localhost/127.0.0.1:51906] 
14:28:16.304 [Driver Command Executor] DEBUG org.asynchttpclient.netty.request.NettyRequestSender - Using pooled Channel '[id: 0x8d0fc3f4, L:/127.0.0.1:51905 - R:localhost/127.0.0.1:9232]' for 'DELETE' to 'http://localhost:9232/session/ca41140a03c7808b488855c86f3ddf00'
14:28:16.304 [Driver Command Executor] DEBUG org.asynchttpclient.netty.request.NettyRequestSender - Using open Channel [id: 0x8d0fc3f4, L:/127.0.0.1:51905 - R:localhost/127.0.0.1:9232] for DELETE '/session/ca41140a03c7808b488855c86f3ddf00'
14:28:16.398 [AsyncHttpClient-1-4] DEBUG org.asynchttpclient.netty.handler.HttpHandler - Unexpected I/O exception on channel [id: 0x68a7a3c7, L:/127.0.0.1:51911 - R:localhost/127.0.0.1:51906]
java.io.IOException: An existing connection was forcibly closed by the remote host
	at sun.nio.ch.SocketDispatcher.read0(Native Method)
	at sun.nio.ch.SocketDispatcher.read(SocketDispatcher.java:43)
	at sun.nio.ch.IOUtil.readIntoNativeBuffer(IOUtil.java:223)
	at sun.nio.ch.IOUtil.read(IOUtil.java:192)
	at sun.nio.ch.SocketChannelImpl.read(SocketChannelImpl.java:380)
	at io.netty.buffer.PooledByteBuf.setBytes(PooledByteBuf.java:259)
	at io.netty.buffer.AbstractByteBuf.writeBytes(AbstractByteBuf.java:1132)
	at io.netty.channel.socket.nio.NioSocketChannel.doReadBytes(NioSocketChannel.java:357)
	at io.netty.channel.nio.AbstractNioByteChannel$NioByteUnsafe.read(AbstractNioByteChannel.java:151)
	at io.netty.channel.nio.NioEventLoop.processSelectedKey(NioEventLoop.java:788)
	at io.netty.channel.nio.NioEventLoop.processSelectedKeysOptimized(NioEventLoop.java:724)
	at io.netty.channel.nio.NioEventLoop.processSelectedKeys(NioEventLoop.java:650)
	at io.netty.channel.nio.NioEventLoop.run(NioEventLoop.java:562)
	at io.netty.util.concurrent.SingleThreadEventExecutor$4.run(SingleThreadEventExecutor.java:997)
	at io.netty.util.internal.ThreadExecutorMap$2.run(ThreadExecutorMap.java:74)
	at io.netty.util.concurrent.FastThreadLocalRunnable.run(FastThreadLocalRunnable.java:30)
	at java.lang.Thread.run(Thread.java:748)
14:28:16.398 [AsyncHttpClient-1-4] DEBUG org.asynchttpclient.netty.channel.ChannelManager - Closing Channel [id: 0x68a7a3c7, L:/127.0.0.1:51911 - R:localhost/127.0.0.1:51906] 
14:28:16.398 [AsyncHttpClient-1-4] DEBUG org.asynchttpclient.netty.handler.HttpHandler - Channel Closed: [id: 0x68a7a3c7, L:/127.0.0.1:51911 ! R:localhost/127.0.0.1:51906] with attribute DISCARD
14:28:16.430 [AsyncHttpClient-1-3] DEBUG org.asynchttpclient.netty.handler.HttpHandler - 

Request DefaultFullHttpRequest(decodeResult: success, version: HTTP/1.1, content: EmptyByteBufBE)
DELETE /session/ca41140a03c7808b488855c86f3ddf00 HTTP/1.1
User-Agent: selenium/4.8.1 (java windows)
Content-Type: application/json; charset=utf-8
host: localhost:9232
accept: */*

Response DefaultHttpResponse(decodeResult: success, version: HTTP/1.1)
HTTP/1.1 200 OK
Content-Length: 14
Content-Type: application/json; charset=utf-8
cache-control: no-cache

14:28:16.430 [AsyncHttpClient-1-3] DEBUG org.asynchttpclient.netty.channel.ChannelManager - Adding key: http://localhost:9232 for channel [id: 0x8d0fc3f4, L:/127.0.0.1:51905 - R:localhost/127.0.0.1:9232]
14:28:16.510 [AsyncHttpClient-1-3] DEBUG org.asynchttpclient.netty.handler.HttpHandler - Channel Closed: [id: 0x8d0fc3f4, L:/127.0.0.1:51905 ! R:localhost/127.0.0.1:9232] with attribute DISCARD
]]></system-out>
    <system-err><![CDATA[Starting ChromeDriver 112.0.5615.49 (bd2a7bcb881c11e8cfe3078709382934e3916914-refs/branch-heads/5615@{#936}) on port 9232
Only local connections are allowed.
Please see https://chromedriver.chromium.org/security-considerations for suggestions on keeping ChromeDriver safe.
ChromeDriver was started successfully.
May 08, 2023 2:28:14 PM org.openqa.selenium.devtools.CdpVersionFinder findNearestMatch
WARNING: Unable to find an exact match for CDP version 112, so returning the closest version found: 110
]]></system-err>
  </testcase>
</testsuite>