<?xml version="1.0" encoding="UTF-8"?>
<testsuite xmlns:xsi="http://www.w3.org/2001/XMLSchema-instance" xsi:noNamespaceSchemaLocation="https://maven.apache.org/surefire/maven-failsafe-plugin/xsd/failsafe-test-report-3.0.xsd" version="3.0" name="starter.CucumberTestSuite" time="25.272" tests="1" errors="0" skipped="0" failures="0">
  <properties>
[...]
</properties>
  <testcase name="as user i want to input valid to then i can see success login" classname="As a user i have be able to success login so that i can see main page" time="15.268">
    <system-out><![CDATA[22:14:29.964 [main] DEBUG net.thucydides.core.guice.Injectors - Created injector for module net.thucydides.core.guice.ThucydidesModule
22:14:30.359 [main] DEBUG io.cucumber.core.plugin.SerenityReporter - Running feature from file:///D:/D/QE_Alta/MiniProject/Web/Login-Web-AltaShop/src/test/resources/features/Login.feature
22:14:30.873 [main] DEBUG net.thucydides.core.guice.Injectors - Created injector for module net.thucydides.core.guice.webdriver.WebDriverModule
22:14:30.899 [main] INFO  - 

-------------------------------------------------------------------------------------
     _______. _______ .______       _______ .__   __.  __  .___________.____    ____ 
    /       ||   ____||   _  \     |   ____||  \ |  | |  | |           |\   \  /   / 
   |   (----`|  |__   |  |_)  |    |  |__   |   \|  | |  | `---|  |----` \   \/   /  
    \   \    |   __|  |      /     |   __|  |  . `  | |  |     |  |       \_    _/   
.----)   |   |  |____ |  |\  \----.|  |____ |  |\   | |  |     |  |         |  |     
|_______/    |_______|| _| `._____||_______||__| \__| |__|     |__|         |__|    
                                                                                     
 News and tutorials at http://www.serenity-bdd.info                                  
 Documentation at https://wakaleo.gitbooks.io/the-serenity-book/content/             
 Join the Serenity Community on Gitter: https://gitter.im/serenity-bdd/serenity-core 
 Serenity BDD Support and Training at http://serenity-bdd.info/#/trainingandsupport  
-------------------------------------------------------------------------------------

22:14:30.902 [main] DEBUG net.thucydides.core.steps.StepEventBus - Test suite started for story net.thucydides.core.model.Story@c129998f
22:14:30.903 [main] INFO  - Test Suite Started: As a user i have be able to success login so that i can see main page
22:14:30.940 [main] DEBUG io.cucumber.core.plugin.SerenityReporter - Running feature from file:///D:/D/QE_Alta/MiniProject/Web/Login-Web-AltaShop/src/test/resources/features/Login.feature
22:14:30.945 [main] DEBUG net.thucydides.core.steps.StepEventBus - Test suite started for story net.thucydides.core.model.Story@c129998f
22:14:30.945 [main] INFO  - Test Suite Started: As a user i have be able to success login so that i can see main page

@TestCaseMPAAAC-8
Scenario: as user i want to input valid to then i can see success login &amp#27;[90m# src/test/resources/features/Login.feature:4&amp#27;[0m
22:14:31.068 [main] DEBUG io.cucumber.core.plugin.SerenityReporter - Running feature from file:///D:/D/QE_Alta/MiniProject/Web/Login-Web-AltaShop/src/test/resources/features/Login.feature
22:14:31.286 [main] INFO  - 
  _____   ___   ___   _____     ___   _____     _     ___   _____   ___   ___  
 |_   _| | __| / __| |_   _|   / __| |_   _|   /_\   | _ \ |_   _| | __| |   \ 
   | |   | _|  \__ \   | |     \__ \   | |    / _ \  |   /   | |   | _|  | |) |
   |_|   |___| |___/   |_|     |___/   |_|   /_/ \_\ |_|_\   |_|   |___| |___/ 

as user i want to input valid to then i can see success login(as-a-user-i-have-be-able-to-success-login-so-that-i-can-see-main-page;as-user-i-want-to-input-valid-to-then-i-can-see-success-login)
--------------------------------------------------------------------------------
22:14:31.364 [main] DEBUG net.thucydides.core.requirements.model.cucumber.CucumberParser - Loading feature D:\D\QE_Alta\MiniProject\Web\Login-Web-AltaShop\src\test\resources\features\Login.feature
22:14:32.608 [main] DEBUG net.thucydides.core.steps.StepInterceptor - STARTING STEP: LoginSteps.userOnLoginPage - onLoginPage
22:14:32.776 [main] INFO net.serenitybdd.core.webdriver.driverproviders.DriverProvider - Using WebDriverManager configuration for chrome
22:14:33.758 [main] DEBUG io.github.bonigarcia.wdm.cache.ResolutionCache - Resolution chrome=112 in cache (valid until 23:06:13 25/04/2023 ICT)
22:14:33.761 [main] DEBUG io.github.bonigarcia.wdm.cache.ResolutionCache - Resolution chrome112=112.0.5615.49 in cache (valid until 14:33:17 26/04/2023 ICT)
22:14:33.763 [main] INFO io.github.bonigarcia.wdm.WebDriverManager - Using chromedriver 112.0.5615.49 (resolved driver for Chrome 112)
22:14:33.813 [main] DEBUG io.github.bonigarcia.wdm.WebDriverManager - Driver chromedriver 112.0.5615.49 found in cache
22:14:33.816 [main] INFO io.github.bonigarcia.wdm.WebDriverManager - Exporting webdriver.chrome.driver as C:\Users\ADW User ACR\.cache\selenium\chromedriver\win32\112.0.5615.49\chromedriver.exe
22:14:34.044 [main] INFO net.serenitybdd.core.webdriver.driverproviders.ChromeDriverProvider - Starting Chrome driver instance with capabilities:
22:14:34.048 [main] INFO net.serenitybdd.core.webdriver.driverproviders.ChromeDriverProvider - Capabilities {acceptInsecureCerts: true, browserName: chrome, goog:chromeOptions: {args: [remote-allow-origins=*, test-type, no-sandbox, ignore-certificate-errors, start-maximized, incognito, disable-infobars, disable-gpu, disable-default-apps, disable-popup-blocking, remote-allow-origins=*, test-type, no-sandbox, ignore-certificate-errors, start-maximized, incognito, disable-infobars, disable-gpu, disable-default-apps, disable-popup-blocking, remote-allow-origins=*], extensions: []}}
22:14:34.192 [main] DEBUG io.netty.util.internal.logging.InternalLoggerFactory - Using SLF4J as the default logging framework
22:14:34.198 [main] DEBUG io.netty.util.ResourceLeakDetector - -Dio.netty.leakDetection.level: simple
22:14:34.198 [main] DEBUG io.netty.util.ResourceLeakDetector - -Dio.netty.leakDetection.targetRecords: 4
22:14:34.205 [main] DEBUG io.netty.util.ResourceLeakDetectorFactory - Loaded default ResourceLeakDetector: io.netty.util.ResourceLeakDetector@6342ff7f
22:14:34.239 [main] DEBUG io.netty.util.internal.PlatformDependent0 - -Dio.netty.noUnsafe: false
22:14:34.239 [main] DEBUG io.netty.util.internal.PlatformDependent0 - Java version: 8
22:14:34.241 [main] DEBUG io.netty.util.internal.PlatformDependent0 - sun.misc.Unsafe.theUnsafe: available
22:14:34.242 [main] DEBUG io.netty.util.internal.PlatformDependent0 - sun.misc.Unsafe.copyMemory: available
22:14:34.243 [main] DEBUG io.netty.util.internal.PlatformDependent0 - sun.misc.Unsafe.storeFence: available
22:14:34.245 [main] DEBUG io.netty.util.internal.PlatformDependent0 - java.nio.Buffer.address: available
22:14:34.246 [main] DEBUG io.netty.util.internal.PlatformDependent0 - direct buffer constructor: available
22:14:34.247 [main] DEBUG io.netty.util.internal.PlatformDependent0 - java.nio.Bits.unaligned: available, true
22:14:34.247 [main] DEBUG io.netty.util.internal.PlatformDependent0 - jdk.internal.misc.Unsafe.allocateUninitializedArray(int): unavailable prior to Java9
22:14:34.247 [main] DEBUG io.netty.util.internal.PlatformDependent0 - java.nio.DirectByteBuffer.<init>(long, int): available
22:14:34.247 [main] DEBUG io.netty.util.internal.PlatformDependent - sun.misc.Unsafe: available
22:14:34.248 [main] DEBUG io.netty.util.internal.PlatformDependent - -Dio.netty.tmpdir: C:\Users\ADWUSE~1\AppData\Local\Temp (java.io.tmpdir)
22:14:34.248 [main] DEBUG io.netty.util.internal.PlatformDependent - -Dio.netty.bitMode: 64 (sun.arch.data.model)
22:14:34.248 [main] DEBUG io.netty.util.internal.PlatformDependent - Platform: Windows
22:14:34.250 [main] DEBUG io.netty.util.internal.PlatformDependent - -Dio.netty.maxDirectMemory: 1840250880 bytes
22:14:34.250 [main] DEBUG io.netty.util.internal.PlatformDependent - -Dio.netty.uninitializedArrayAllocationThreshold: -1
22:14:34.251 [main] DEBUG io.netty.util.internal.CleanerJava6 - java.nio.ByteBuffer.cleaner(): available
22:14:34.252 [main] DEBUG io.netty.util.internal.PlatformDependent - -Dio.netty.noPreferDirect: false
22:14:34.266 [main] DEBUG io.netty.util.internal.PlatformDependent - org.jctools-core.MpscChunkedArrayQueue: available
22:14:34.319 [main] DEBUG io.netty.util.internal.InternalThreadLocalMap - -Dio.netty.threadLocalMap.stringBuilder.initialSize: 1024
22:14:34.319 [main] DEBUG io.netty.util.internal.InternalThreadLocalMap - -Dio.netty.threadLocalMap.stringBuilder.maxSize: 4096
22:14:34.375 [main] DEBUG io.netty.handler.ssl.JdkSslContext - Default protocols (JDK): [TLSv1.2, TLSv1.1, TLSv1] 
22:14:34.376 [main] DEBUG io.netty.handler.ssl.JdkSslContext - Default cipher suites (JDK): [TLS_ECDHE_ECDSA_WITH_AES_256_GCM_SHA384, TLS_ECDHE_ECDSA_WITH_AES_128_GCM_SHA256, TLS_ECDHE_RSA_WITH_AES_128_GCM_SHA256, TLS_ECDHE_RSA_WITH_AES_256_GCM_SHA384, TLS_ECDHE_RSA_WITH_AES_128_CBC_SHA, TLS_ECDHE_RSA_WITH_AES_256_CBC_SHA, TLS_RSA_WITH_AES_128_GCM_SHA256, TLS_RSA_WITH_AES_128_CBC_SHA, TLS_RSA_WITH_AES_256_CBC_SHA]
22:14:34.420 [main] DEBUG io.netty.channel.MultithreadEventLoopGroup - -Dio.netty.eventLoopThreads: 8
22:14:34.442 [main] DEBUG io.netty.channel.nio.NioEventLoop - -Dio.netty.noKeySetOptimization: false
22:14:34.442 [main] DEBUG io.netty.channel.nio.NioEventLoop - -Dio.netty.selectorAutoRebuildThreshold: 512
22:14:34.616 [main] DEBUG io.netty.buffer.PooledByteBufAllocator - -Dio.netty.allocator.numHeapArenas: 8
22:14:34.616 [main] DEBUG io.netty.buffer.PooledByteBufAllocator - -Dio.netty.allocator.numDirectArenas: 8
22:14:34.616 [main] DEBUG io.netty.buffer.PooledByteBufAllocator - -Dio.netty.allocator.pageSize: 8192
22:14:34.616 [main] DEBUG io.netty.buffer.PooledByteBufAllocator - -Dio.netty.allocator.maxOrder: 9
22:14:34.617 [main] DEBUG io.netty.buffer.PooledByteBufAllocator - -Dio.netty.allocator.chunkSize: 4194304
22:14:34.617 [main] DEBUG io.netty.buffer.PooledByteBufAllocator - -Dio.netty.allocator.smallCacheSize: 256
22:14:34.617 [main] DEBUG io.netty.buffer.PooledByteBufAllocator - -Dio.netty.allocator.normalCacheSize: 64
22:14:34.617 [main] DEBUG io.netty.buffer.PooledByteBufAllocator - -Dio.netty.allocator.maxCachedBufferCapacity: 32768
22:14:34.617 [main] DEBUG io.netty.buffer.PooledByteBufAllocator - -Dio.netty.allocator.cacheTrimInterval: 8192
22:14:34.618 [main] DEBUG io.netty.buffer.PooledByteBufAllocator - -Dio.netty.allocator.cacheTrimIntervalMillis: 0
22:14:34.618 [main] DEBUG io.netty.buffer.PooledByteBufAllocator - -Dio.netty.allocator.useCacheForAllThreads: false
22:14:34.618 [main] DEBUG io.netty.buffer.PooledByteBufAllocator - -Dio.netty.allocator.maxCachedByteBuffersPerChunk: 1023
22:14:34.635 [main] DEBUG io.netty.buffer.ByteBufUtil - -Dio.netty.allocator.type: pooled
22:14:34.636 [main] DEBUG io.netty.buffer.ByteBufUtil - -Dio.netty.threadLocalDirectBufferSize: 0
22:14:34.636 [main] DEBUG io.netty.buffer.ByteBufUtil - -Dio.netty.maxThreadLocalCharBufferSize: 16384
22:14:35.718 [Forwarding newSession on session null to remote] DEBUG io.netty.channel.DefaultChannelId - -Dio.netty.processId: 19736 (auto-detected)
22:14:35.722 [Forwarding newSession on session null to remote] DEBUG io.netty.util.NetUtil - -Djava.net.preferIPv4Stack: false
22:14:35.722 [Forwarding newSession on session null to remote] DEBUG io.netty.util.NetUtil - -Djava.net.preferIPv6Addresses: false
22:14:36.239 [Forwarding newSession on session null to remote] DEBUG io.netty.util.NetUtilInitializations - Loopback interface: lo (Software Loopback Interface 1, 127.0.0.1)
22:14:36.241 [Forwarding newSession on session null to remote] DEBUG io.netty.util.NetUtil - Failed to get SOMAXCONN from sysctl and file \proc\sys\net\core\somaxconn. Default: 200
22:14:36.282 [Forwarding newSession on session null to remote] DEBUG io.netty.channel.DefaultChannelId - -Dio.netty.machineId: a4:02:b9:ff:fe:26:7f:1e (auto-detected)
22:14:36.472 [AsyncHttpClient-1-2] DEBUG io.netty.buffer.AbstractByteBuf - -Dio.netty.buffer.checkAccessible: true
22:14:36.476 [AsyncHttpClient-1-2] DEBUG io.netty.buffer.AbstractByteBuf - -Dio.netty.buffer.checkBounds: true
22:14:36.477 [AsyncHttpClient-1-2] DEBUG io.netty.util.ResourceLeakDetectorFactory - Loaded default ResourceLeakDetector: io.netty.util.ResourceLeakDetector@4175a634
22:14:36.520 [AsyncHttpClient-1-2] DEBUG org.asynchttpclient.netty.channel.NettyConnectListener - Using new Channel '[id: 0x2eb66ab9, L:/127.0.0.1:58068 - R:localhost/127.0.0.1:33610]' for 'POST' to '/session'
22:14:36.586 [AsyncHttpClient-1-2] DEBUG io.netty.util.Recycler - -Dio.netty.recycler.maxCapacityPerThread: 4096
22:14:36.586 [AsyncHttpClient-1-2] DEBUG io.netty.util.Recycler - -Dio.netty.recycler.ratio: 8
22:14:36.586 [AsyncHttpClient-1-2] DEBUG io.netty.util.Recycler - -Dio.netty.recycler.chunkSize: 32
22:14:36.586 [AsyncHttpClient-1-2] DEBUG io.netty.util.Recycler - -Dio.netty.recycler.blocking: false
22:14:38.219 [AsyncHttpClient-1-2] DEBUG io.netty.handler.codec.compression.Brotli - brotli4j not in the classpath; Brotli support will be unavailable.
22:14:38.219 [AsyncHttpClient-1-2] DEBUG org.asynchttpclient.netty.handler.HttpHandler - 

Request DefaultHttpRequest(decodeResult: success, version: HTTP/1.1)
POST /session HTTP/1.1
User-Agent: selenium/4.8.1 (java windows)
Content-Length: 1701
Content-Type: application/json; charset=utf-8
host: localhost:33610
accept: */*

Response DefaultHttpResponse(decodeResult: success, version: HTTP/1.1)
HTTP/1.1 200 OK
Content-Length: 861
Content-Type: application/json; charset=utf-8
cache-control: no-cache

22:14:38.236 [AsyncHttpClient-1-2] DEBUG org.asynchttpclient.netty.channel.ChannelManager - Adding key: http://localhost:33610 for channel [id: 0x2eb66ab9, L:/127.0.0.1:58068 - R:localhost/127.0.0.1:33610]
22:14:38.518 [AsyncHttpClient-1-3] DEBUG org.asynchttpclient.netty.channel.NettyConnectListener - Using new Channel '[id: 0x2173ce65, L:/127.0.0.1:58077 - R:localhost/127.0.0.1:58070]' for 'GET' to '/json/version'
22:14:38.522 [AsyncHttpClient-1-3] DEBUG org.asynchttpclient.netty.handler.HttpHandler - 

Request DefaultFullHttpRequest(decodeResult: success, version: HTTP/1.1, content: EmptyByteBufBE)
GET /json/version HTTP/1.1
User-Agent: selenium/4.8.1 (java windows)
host: localhost:58070
accept: */*

Response DefaultHttpResponse(decodeResult: success, version: HTTP/1.1)
HTTP/1.1 200 OK
Content-Security-Policy: frame-ancestors 'none'
Content-Length: 424
Content-Type: application/json; charset=UTF-8

22:14:38.523 [AsyncHttpClient-1-3] DEBUG org.asynchttpclient.netty.channel.ChannelManager - Adding key: http://localhost:58070 for channel [id: 0x2173ce65, L:/127.0.0.1:58077 - R:localhost/127.0.0.1:58070]
22:14:38.543 [main] DEBUG io.netty.util.internal.ThreadLocalRandom - -Dio.netty.initialSeedUniquifier: 0x40631ec23a8209aa
22:14:38.594 [AsyncHttpClient-1-4] DEBUG org.asynchttpclient.netty.channel.NettyConnectListener - Using new Channel '[id: 0x211d236b, L:/127.0.0.1:58078 - R:localhost/127.0.0.1:58070]' for 'GET' to '/devtools/browser/e1806ca3-c540-41a3-b926-922eb99b3f3a'
22:14:38.596 [AsyncHttpClient-1-4] DEBUG org.asynchttpclient.netty.handler.WebSocketHandler - 

Request DefaultFullHttpRequest(decodeResult: success, version: HTTP/1.1, content: EmptyByteBufBE)
GET /devtools/browser/e1806ca3-c540-41a3-b926-922eb99b3f3a HTTP/1.1
upgrade: websocket
connection: upgrade
sec-websocket-key: zsPUigBYrvEV5M5fC82WPQ==
sec-websocket-version: 13
origin: http://localhost:58070
host: localhost:58070
accept: */*
user-agent: AHC/2.1

Response DefaultHttpResponse(decodeResult: success, version: HTTP/1.1)
HTTP/1.1 101 WebSocket Protocol Handshake
Upgrade: WebSocket
Connection: Upgrade
Sec-WebSocket-Accept: nsS8okKRC2yOR58emrNXIQaP1Fg=

22:14:38.692 [AsyncHttpClient-1-1] DEBUG org.asynchttpclient.netty.channel.DefaultChannelPool - Entry count for : http://localhost:33610 : 1
22:14:38.692 [AsyncHttpClient-1-1] DEBUG org.asynchttpclient.netty.channel.DefaultChannelPool - Entry count for : http://localhost:58070 : 1
22:14:38.850 [Forwarding get on session 717f86f4f08d960882c2c7fa299b4f5f to remote] DEBUG org.asynchttpclient.netty.request.NettyRequestSender - Using pooled Channel '[id: 0x2eb66ab9, L:/127.0.0.1:58068 - R:localhost/127.0.0.1:33610]' for 'POST' to 'http://localhost:33610/session/717f86f4f08d960882c2c7fa299b4f5f/url'
22:14:38.851 [Forwarding get on session 717f86f4f08d960882c2c7fa299b4f5f to remote] DEBUG org.asynchttpclient.netty.request.NettyRequestSender - Using open Channel [id: 0x2eb66ab9, L:/127.0.0.1:58068 - R:localhost/127.0.0.1:33610] for POST '/session/717f86f4f08d960882c2c7fa299b4f5f/url'
22:14:39.719 [AsyncHttpClient-1-2] DEBUG org.asynchttpclient.netty.handler.HttpHandler - 

Request DefaultHttpRequest(decodeResult: success, version: HTTP/1.1)
POST /session/717f86f4f08d960882c2c7fa299b4f5f/url HTTP/1.1
User-Agent: selenium/4.8.1 (java windows)
Content-Length: 74
Content-Type: application/json; charset=utf-8
host: localhost:33610
accept: */*

Response DefaultHttpResponse(decodeResult: success, version: HTTP/1.1)
HTTP/1.1 200 OK
Content-Length: 14
Content-Type: application/json; charset=utf-8
cache-control: no-cache

22:14:39.719 [AsyncHttpClient-1-2] DEBUG org.asynchttpclient.netty.channel.ChannelManager - Adding key: http://localhost:33610 for channel [id: 0x2eb66ab9, L:/127.0.0.1:58068 - R:localhost/127.0.0.1:33610]
22:14:39.731 [Forwarding setTimeout on session 717f86f4f08d960882c2c7fa299b4f5f to remote] DEBUG org.asynchttpclient.netty.request.NettyRequestSender - Using pooled Channel '[id: 0x2eb66ab9, L:/127.0.0.1:58068 - R:localhost/127.0.0.1:33610]' for 'POST' to 'http://localhost:33610/session/717f86f4f08d960882c2c7fa299b4f5f/timeouts'
22:14:39.732 [Forwarding setTimeout on session 717f86f4f08d960882c2c7fa299b4f5f to remote] DEBUG org.asynchttpclient.netty.request.NettyRequestSender - Using open Channel [id: 0x2eb66ab9, L:/127.0.0.1:58068 - R:localhost/127.0.0.1:33610] for POST '/session/717f86f4f08d960882c2c7fa299b4f5f/timeouts'
22:14:39.741 [AsyncHttpClient-1-2] DEBUG org.asynchttpclient.netty.handler.HttpHandler - 

Request DefaultHttpRequest(decodeResult: success, version: HTTP/1.1)
POST /session/717f86f4f08d960882c2c7fa299b4f5f/timeouts HTTP/1.1
User-Agent: selenium/4.8.1 (java windows)
Content-Length: 22
Content-Type: application/json; charset=utf-8
host: localhost:33610
accept: */*

Response DefaultHttpResponse(decodeResult: success, version: HTTP/1.1)
HTTP/1.1 200 OK
Content-Length: 14
Content-Type: application/json; charset=utf-8
cache-control: no-cache

22:14:39.741 [AsyncHttpClient-1-2] DEBUG org.asynchttpclient.netty.channel.ChannelManager - Adding key: http://localhost:33610 for channel [id: 0x2eb66ab9, L:/127.0.0.1:58068 - R:localhost/127.0.0.1:33610]
22:14:39.795 [Forwarding findElement on session 717f86f4f08d960882c2c7fa299b4f5f to remote] DEBUG org.asynchttpclient.netty.request.NettyRequestSender - Using pooled Channel '[id: 0x2eb66ab9, L:/127.0.0.1:58068 - R:localhost/127.0.0.1:33610]' for 'POST' to 'http://localhost:33610/session/717f86f4f08d960882c2c7fa299b4f5f/element'
22:14:39.795 [Forwarding findElement on session 717f86f4f08d960882c2c7fa299b4f5f to remote] DEBUG org.asynchttpclient.netty.request.NettyRequestSender - Using open Channel [id: 0x2eb66ab9, L:/127.0.0.1:58068 - R:localhost/127.0.0.1:33610] for POST '/session/717f86f4f08d960882c2c7fa299b4f5f/element'
22:14:39.807 [AsyncHttpClient-1-1] DEBUG org.asynchttpclient.netty.channel.DefaultChannelPool - Entry count for : http://localhost:58070 : 1
22:14:39.829 [AsyncHttpClient-1-2] DEBUG org.asynchttpclient.netty.handler.HttpHandler - 

Request DefaultHttpRequest(decodeResult: success, version: HTTP/1.1)
POST /session/717f86f4f08d960882c2c7fa299b4f5f/element HTTP/1.1
User-Agent: selenium/4.8.1 (java windows)
Content-Length: 69
Content-Type: application/json; charset=utf-8
host: localhost:33610
accept: */*

Response DefaultHttpResponse(decodeResult: success, version: HTTP/1.1)
HTTP/1.1 200 OK
Content-Length: 88
Content-Type: application/json; charset=utf-8
cache-control: no-cache

22:14:39.830 [AsyncHttpClient-1-2] DEBUG org.asynchttpclient.netty.channel.ChannelManager - Adding key: http://localhost:33610 for channel [id: 0x2eb66ab9, L:/127.0.0.1:58068 - R:localhost/127.0.0.1:33610]
22:14:39.894 [Forwarding isElementDisplayed on session 717f86f4f08d960882c2c7fa299b4f5f to remote] DEBUG org.asynchttpclient.netty.request.NettyRequestSender - Using pooled Channel '[id: 0x2eb66ab9, L:/127.0.0.1:58068 - R:localhost/127.0.0.1:33610]' for 'POST' to 'http://localhost:33610/session/717f86f4f08d960882c2c7fa299b4f5f/execute/sync'
22:14:39.894 [Forwarding isElementDisplayed on session 717f86f4f08d960882c2c7fa299b4f5f to remote] DEBUG org.asynchttpclient.netty.request.NettyRequestSender - Using open Channel [id: 0x2eb66ab9, L:/127.0.0.1:58068 - R:localhost/127.0.0.1:33610] for POST '/session/717f86f4f08d960882c2c7fa299b4f5f/execute/sync'
22:14:39.945 [AsyncHttpClient-1-2] DEBUG org.asynchttpclient.netty.handler.HttpHandler - 

Request DefaultHttpRequest(decodeResult: success, version: HTTP/1.1)
POST /session/717f86f4f08d960882c2c7fa299b4f5f/execute/sync HTTP/1.1
User-Agent: selenium/4.8.1 (java windows)
Content-Length: 48807
Content-Type: application/json; charset=utf-8
host: localhost:33610
accept: */*

Response DefaultHttpResponse(decodeResult: success, version: HTTP/1.1)
HTTP/1.1 200 OK
Content-Length: 14
Content-Type: application/json; charset=utf-8
cache-control: no-cache

22:14:39.946 [AsyncHttpClient-1-2] DEBUG org.asynchttpclient.netty.channel.ChannelManager - Adding key: http://localhost:33610 for channel [id: 0x2eb66ab9, L:/127.0.0.1:58068 - R:localhost/127.0.0.1:33610]
22:14:39.962 [Forwarding isElementDisplayed on session 717f86f4f08d960882c2c7fa299b4f5f to remote] DEBUG org.asynchttpclient.netty.request.NettyRequestSender - Using pooled Channel '[id: 0x2eb66ab9, L:/127.0.0.1:58068 - R:localhost/127.0.0.1:33610]' for 'POST' to 'http://localhost:33610/session/717f86f4f08d960882c2c7fa299b4f5f/execute/sync'
22:14:39.963 [Forwarding isElementDisplayed on session 717f86f4f08d960882c2c7fa299b4f5f to remote] DEBUG org.asynchttpclient.netty.request.NettyRequestSender - Using open Channel [id: 0x2eb66ab9, L:/127.0.0.1:58068 - R:localhost/127.0.0.1:33610] for POST '/session/717f86f4f08d960882c2c7fa299b4f5f/execute/sync'
22:14:39.991 [AsyncHttpClient-1-2] DEBUG org.asynchttpclient.netty.handler.HttpHandler - 

Request DefaultHttpRequest(decodeResult: success, version: HTTP/1.1)
POST /session/717f86f4f08d960882c2c7fa299b4f5f/execute/sync HTTP/1.1
User-Agent: selenium/4.8.1 (java windows)
Content-Length: 48807
Content-Type: application/json; charset=utf-8
host: localhost:33610
accept: */*

Response DefaultHttpResponse(decodeResult: success, version: HTTP/1.1)
HTTP/1.1 200 OK
Content-Length: 14
Content-Type: application/json; charset=utf-8
cache-control: no-cache

22:14:39.992 [AsyncHttpClient-1-2] DEBUG org.asynchttpclient.netty.channel.ChannelManager - Adding key: http://localhost:33610 for channel [id: 0x2eb66ab9, L:/127.0.0.1:58068 - R:localhost/127.0.0.1:33610]
22:14:40.033 [main] DEBUG net.thucydides.core.steps.StepInterceptor - STEP DONE: onLoginPage
  &amp#27;[32mGiven &amp#27;[0m&amp#27;[32muser on login page&amp#27;[0m                                              &amp#27;[90m# starter.stepdefinitions.LoginSteps.userOnLoginPage()&amp#27;[0m
22:14:40.086 [main] DEBUG net.thucydides.core.steps.StepInterceptor - STARTING STEP: LoginSteps.userInputValidEmail - inputEmail
22:14:40.110 [Forwarding findElement on session 717f86f4f08d960882c2c7fa299b4f5f to remote] DEBUG org.asynchttpclient.netty.request.NettyRequestSender - Using pooled Channel '[id: 0x2eb66ab9, L:/127.0.0.1:58068 - R:localhost/127.0.0.1:33610]' for 'POST' to 'http://localhost:33610/session/717f86f4f08d960882c2c7fa299b4f5f/element'
22:14:40.110 [Forwarding findElement on session 717f86f4f08d960882c2c7fa299b4f5f to remote] DEBUG org.asynchttpclient.netty.request.NettyRequestSender - Using open Channel [id: 0x2eb66ab9, L:/127.0.0.1:58068 - R:localhost/127.0.0.1:33610] for POST '/session/717f86f4f08d960882c2c7fa299b4f5f/element'
22:14:40.129 [AsyncHttpClient-1-2] DEBUG org.asynchttpclient.netty.handler.HttpHandler - 

Request DefaultHttpRequest(decodeResult: success, version: HTTP/1.1)
POST /session/717f86f4f08d960882c2c7fa299b4f5f/element HTTP/1.1
User-Agent: selenium/4.8.1 (java windows)
Content-Length: 55
Content-Type: application/json; charset=utf-8
host: localhost:33610
accept: */*

Response DefaultHttpResponse(decodeResult: success, version: HTTP/1.1)
HTTP/1.1 200 OK
Content-Length: 88
Content-Type: application/json; charset=utf-8
cache-control: no-cache

22:14:40.129 [AsyncHttpClient-1-2] DEBUG org.asynchttpclient.netty.channel.ChannelManager - Adding key: http://localhost:33610 for channel [id: 0x2eb66ab9, L:/127.0.0.1:58068 - R:localhost/127.0.0.1:33610]
22:14:40.136 [Forwarding clearElement on session 717f86f4f08d960882c2c7fa299b4f5f to remote] DEBUG org.asynchttpclient.netty.request.NettyRequestSender - Using pooled Channel '[id: 0x2eb66ab9, L:/127.0.0.1:58068 - R:localhost/127.0.0.1:33610]' for 'POST' to 'http://localhost:33610/session/717f86f4f08d960882c2c7fa299b4f5f/element/0f9566a1-c17b-4d1a-a151-726e50059ca1/clear'
22:14:40.139 [Forwarding clearElement on session 717f86f4f08d960882c2c7fa299b4f5f to remote] DEBUG org.asynchttpclient.netty.request.NettyRequestSender - Using open Channel [id: 0x2eb66ab9, L:/127.0.0.1:58068 - R:localhost/127.0.0.1:33610] for POST '/session/717f86f4f08d960882c2c7fa299b4f5f/element/0f9566a1-c17b-4d1a-a151-726e50059ca1/clear'
22:14:40.203 [AsyncHttpClient-1-2] DEBUG org.asynchttpclient.netty.handler.HttpHandler - 

Request DefaultHttpRequest(decodeResult: success, version: HTTP/1.1)
POST /session/717f86f4f08d960882c2c7fa299b4f5f/element/0f9566a1-c17b-4d1a-a151-726e50059ca1/clear HTTP/1.1
User-Agent: selenium/4.8.1 (java windows)
Content-Length: 50
Content-Type: application/json; charset=utf-8
host: localhost:33610
accept: */*

Response DefaultHttpResponse(decodeResult: success, version: HTTP/1.1)
HTTP/1.1 200 OK
Content-Length: 14
Content-Type: application/json; charset=utf-8
cache-control: no-cache

22:14:40.204 [AsyncHttpClient-1-2] DEBUG org.asynchttpclient.netty.channel.ChannelManager - Adding key: http://localhost:33610 for channel [id: 0x2eb66ab9, L:/127.0.0.1:58068 - R:localhost/127.0.0.1:33610]
22:14:40.214 [Forwarding sendKeysToElement on session 717f86f4f08d960882c2c7fa299b4f5f to remote] DEBUG org.asynchttpclient.netty.request.NettyRequestSender - Using pooled Channel '[id: 0x2eb66ab9, L:/127.0.0.1:58068 - R:localhost/127.0.0.1:33610]' for 'POST' to 'http://localhost:33610/session/717f86f4f08d960882c2c7fa299b4f5f/element/0f9566a1-c17b-4d1a-a151-726e50059ca1/value'
22:14:40.214 [Forwarding sendKeysToElement on session 717f86f4f08d960882c2c7fa299b4f5f to remote] DEBUG org.asynchttpclient.netty.request.NettyRequestSender - Using open Channel [id: 0x2eb66ab9, L:/127.0.0.1:58068 - R:localhost/127.0.0.1:33610] for POST '/session/717f86f4f08d960882c2c7fa299b4f5f/element/0f9566a1-c17b-4d1a-a151-726e50059ca1/value'
22:14:40.440 [AsyncHttpClient-1-2] DEBUG org.asynchttpclient.netty.handler.HttpHandler - 

Request DefaultHttpRequest(decodeResult: success, version: HTTP/1.1)
POST /session/717f86f4f08d960882c2c7fa299b4f5f/element/0f9566a1-c17b-4d1a-a151-726e50059ca1/value HTTP/1.1
User-Agent: selenium/4.8.1 (java windows)
Content-Length: 131
Content-Type: application/json; charset=utf-8
host: localhost:33610
accept: */*

Response DefaultHttpResponse(decodeResult: success, version: HTTP/1.1)
HTTP/1.1 200 OK
Content-Length: 14
Content-Type: application/json; charset=utf-8
cache-control: no-cache

22:14:40.441 [AsyncHttpClient-1-2] DEBUG org.asynchttpclient.netty.channel.ChannelManager - Adding key: http://localhost:33610 for channel [id: 0x2eb66ab9, L:/127.0.0.1:58068 - R:localhost/127.0.0.1:33610]
22:14:40.456 [main] DEBUG net.thucydides.core.steps.StepInterceptor - STEP DONE: inputEmail
  &amp#27;[32mWhen &amp#27;[0m&amp#27;[32muser input valid email&amp#27;[0m                                           &amp#27;[90m# starter.stepdefinitions.LoginSteps.userInputValidEmail()&amp#27;[0m
22:14:40.473 [main] DEBUG net.thucydides.core.steps.StepInterceptor - STARTING STEP: LoginSteps.userInputValidPassword - inputPassword
22:14:40.482 [Forwarding findElement on session 717f86f4f08d960882c2c7fa299b4f5f to remote] DEBUG org.asynchttpclient.netty.request.NettyRequestSender - Using pooled Channel '[id: 0x2eb66ab9, L:/127.0.0.1:58068 - R:localhost/127.0.0.1:33610]' for 'POST' to 'http://localhost:33610/session/717f86f4f08d960882c2c7fa299b4f5f/element'
22:14:40.482 [Forwarding findElement on session 717f86f4f08d960882c2c7fa299b4f5f to remote] DEBUG org.asynchttpclient.netty.request.NettyRequestSender - Using open Channel [id: 0x2eb66ab9, L:/127.0.0.1:58068 - R:localhost/127.0.0.1:33610] for POST '/session/717f86f4f08d960882c2c7fa299b4f5f/element'
22:14:40.500 [AsyncHttpClient-1-2] DEBUG org.asynchttpclient.netty.handler.HttpHandler - 

Request DefaultHttpRequest(decodeResult: success, version: HTTP/1.1)
POST /session/717f86f4f08d960882c2c7fa299b4f5f/element HTTP/1.1
User-Agent: selenium/4.8.1 (java windows)
Content-Length: 55
Content-Type: application/json; charset=utf-8
host: localhost:33610
accept: */*

Response DefaultHttpResponse(decodeResult: success, version: HTTP/1.1)
HTTP/1.1 200 OK
Content-Length: 88
Content-Type: application/json; charset=utf-8
cache-control: no-cache

22:14:40.501 [AsyncHttpClient-1-2] DEBUG org.asynchttpclient.netty.channel.ChannelManager - Adding key: http://localhost:33610 for channel [id: 0x2eb66ab9, L:/127.0.0.1:58068 - R:localhost/127.0.0.1:33610]
22:14:40.508 [Forwarding clearElement on session 717f86f4f08d960882c2c7fa299b4f5f to remote] DEBUG org.asynchttpclient.netty.request.NettyRequestSender - Using pooled Channel '[id: 0x2eb66ab9, L:/127.0.0.1:58068 - R:localhost/127.0.0.1:33610]' for 'POST' to 'http://localhost:33610/session/717f86f4f08d960882c2c7fa299b4f5f/element/cfeca8ad-1713-40d4-ae49-e181ba120026/clear'
22:14:40.508 [Forwarding clearElement on session 717f86f4f08d960882c2c7fa299b4f5f to remote] DEBUG org.asynchttpclient.netty.request.NettyRequestSender - Using open Channel [id: 0x2eb66ab9, L:/127.0.0.1:58068 - R:localhost/127.0.0.1:33610] for POST '/session/717f86f4f08d960882c2c7fa299b4f5f/element/cfeca8ad-1713-40d4-ae49-e181ba120026/clear'
22:14:40.764 [AsyncHttpClient-1-2] DEBUG org.asynchttpclient.netty.handler.HttpHandler - 

Request DefaultHttpRequest(decodeResult: success, version: HTTP/1.1)
POST /session/717f86f4f08d960882c2c7fa299b4f5f/element/cfeca8ad-1713-40d4-ae49-e181ba120026/clear HTTP/1.1
User-Agent: selenium/4.8.1 (java windows)
Content-Length: 50
Content-Type: application/json; charset=utf-8
host: localhost:33610
accept: */*

Response DefaultHttpResponse(decodeResult: success, version: HTTP/1.1)
HTTP/1.1 200 OK
Content-Length: 14
Content-Type: application/json; charset=utf-8
cache-control: no-cache

22:14:40.765 [AsyncHttpClient-1-2] DEBUG org.asynchttpclient.netty.channel.ChannelManager - Adding key: http://localhost:33610 for channel [id: 0x2eb66ab9, L:/127.0.0.1:58068 - R:localhost/127.0.0.1:33610]
22:14:40.769 [Forwarding sendKeysToElement on session 717f86f4f08d960882c2c7fa299b4f5f to remote] DEBUG org.asynchttpclient.netty.request.NettyRequestSender - Using pooled Channel '[id: 0x2eb66ab9, L:/127.0.0.1:58068 - R:localhost/127.0.0.1:33610]' for 'POST' to 'http://localhost:33610/session/717f86f4f08d960882c2c7fa299b4f5f/element/cfeca8ad-1713-40d4-ae49-e181ba120026/value'
22:14:40.769 [Forwarding sendKeysToElement on session 717f86f4f08d960882c2c7fa299b4f5f to remote] DEBUG org.asynchttpclient.netty.request.NettyRequestSender - Using open Channel [id: 0x2eb66ab9, L:/127.0.0.1:58068 - R:localhost/127.0.0.1:33610] for POST '/session/717f86f4f08d960882c2c7fa299b4f5f/element/cfeca8ad-1713-40d4-ae49-e181ba120026/value'
22:14:40.906 [AsyncHttpClient-1-1] DEBUG org.asynchttpclient.netty.channel.DefaultChannelPool - Entry count for : http://localhost:58070 : 1
22:14:40.928 [AsyncHttpClient-1-2] DEBUG org.asynchttpclient.netty.handler.HttpHandler - 

Request DefaultHttpRequest(decodeResult: success, version: HTTP/1.1)
POST /session/717f86f4f08d960882c2c7fa299b4f5f/element/cfeca8ad-1713-40d4-ae49-e181ba120026/value HTTP/1.1
User-Agent: selenium/4.8.1 (java windows)
Content-Length: 111
Content-Type: application/json; charset=utf-8
host: localhost:33610
accept: */*

Response DefaultHttpResponse(decodeResult: success, version: HTTP/1.1)
HTTP/1.1 200 OK
Content-Length: 14
Content-Type: application/json; charset=utf-8
cache-control: no-cache

22:14:40.928 [AsyncHttpClient-1-2] DEBUG org.asynchttpclient.netty.channel.ChannelManager - Adding key: http://localhost:33610 for channel [id: 0x2eb66ab9, L:/127.0.0.1:58068 - R:localhost/127.0.0.1:33610]
22:14:40.935 [main] DEBUG net.thucydides.core.steps.StepInterceptor - STEP DONE: inputPassword
  &amp#27;[32mAnd &amp#27;[0m&amp#27;[32muser input valid password&amp#27;[0m                                         &amp#27;[90m# starter.stepdefinitions.LoginSteps.userInputValidPassword()&amp#27;[0m
22:14:40.960 [main] DEBUG net.thucydides.core.steps.StepInterceptor - STARTING STEP: LoginSteps.userClickLoginButton - ClickLoginBtn
22:14:40.979 [Forwarding findElement on session 717f86f4f08d960882c2c7fa299b4f5f to remote] DEBUG org.asynchttpclient.netty.request.NettyRequestSender - Using pooled Channel '[id: 0x2eb66ab9, L:/127.0.0.1:58068 - R:localhost/127.0.0.1:33610]' for 'POST' to 'http://localhost:33610/session/717f86f4f08d960882c2c7fa299b4f5f/element'
22:14:40.980 [Forwarding findElement on session 717f86f4f08d960882c2c7fa299b4f5f to remote] DEBUG org.asynchttpclient.netty.request.NettyRequestSender - Using open Channel [id: 0x2eb66ab9, L:/127.0.0.1:58068 - R:localhost/127.0.0.1:33610] for POST '/session/717f86f4f08d960882c2c7fa299b4f5f/element'
22:14:40.995 [AsyncHttpClient-1-2] DEBUG org.asynchttpclient.netty.handler.HttpHandler - 

Request DefaultHttpRequest(decodeResult: success, version: HTTP/1.1)
POST /session/717f86f4f08d960882c2c7fa299b4f5f/element HTTP/1.1
User-Agent: selenium/4.8.1 (java windows)
Content-Length: 69
Content-Type: application/json; charset=utf-8
host: localhost:33610
accept: */*

Response DefaultHttpResponse(decodeResult: success, version: HTTP/1.1)
HTTP/1.1 200 OK
Content-Length: 88
Content-Type: application/json; charset=utf-8
cache-control: no-cache

22:14:40.995 [AsyncHttpClient-1-2] DEBUG org.asynchttpclient.netty.channel.ChannelManager - Adding key: http://localhost:33610 for channel [id: 0x2eb66ab9, L:/127.0.0.1:58068 - R:localhost/127.0.0.1:33610]
22:14:40.998 [Forwarding getElementTagName on session 717f86f4f08d960882c2c7fa299b4f5f to remote] DEBUG org.asynchttpclient.netty.request.NettyRequestSender - Using pooled Channel '[id: 0x2eb66ab9, L:/127.0.0.1:58068 - R:localhost/127.0.0.1:33610]' for 'GET' to 'http://localhost:33610/session/717f86f4f08d960882c2c7fa299b4f5f/element/b1be31f8-40f4-4b22-b013-4be8ec746ee2/name'
22:14:40.999 [Forwarding getElementTagName on session 717f86f4f08d960882c2c7fa299b4f5f to remote] DEBUG org.asynchttpclient.netty.request.NettyRequestSender - Using open Channel [id: 0x2eb66ab9, L:/127.0.0.1:58068 - R:localhost/127.0.0.1:33610] for GET '/session/717f86f4f08d960882c2c7fa299b4f5f/element/b1be31f8-40f4-4b22-b013-4be8ec746ee2/name'
22:14:41.005 [AsyncHttpClient-1-2] DEBUG org.asynchttpclient.netty.handler.HttpHandler - 

Request DefaultFullHttpRequest(decodeResult: success, version: HTTP/1.1, content: EmptyByteBufBE)
GET /session/717f86f4f08d960882c2c7fa299b4f5f/element/b1be31f8-40f4-4b22-b013-4be8ec746ee2/name HTTP/1.1
User-Agent: selenium/4.8.1 (java windows)
Cache-Control: no-cache
Content-Type: application/json; charset=utf-8
host: localhost:33610
accept: */*

Response DefaultHttpResponse(decodeResult: success, version: HTTP/1.1)
HTTP/1.1 200 OK
Content-Length: 16
Content-Type: application/json; charset=utf-8
cache-control: no-cache

22:14:41.006 [AsyncHttpClient-1-2] DEBUG org.asynchttpclient.netty.channel.ChannelManager - Adding key: http://localhost:33610 for channel [id: 0x2eb66ab9, L:/127.0.0.1:58068 - R:localhost/127.0.0.1:33610]
22:14:41.010 [Forwarding getElementTagName on session 717f86f4f08d960882c2c7fa299b4f5f to remote] DEBUG org.asynchttpclient.netty.request.NettyRequestSender - Using pooled Channel '[id: 0x2eb66ab9, L:/127.0.0.1:58068 - R:localhost/127.0.0.1:33610]' for 'GET' to 'http://localhost:33610/session/717f86f4f08d960882c2c7fa299b4f5f/element/b1be31f8-40f4-4b22-b013-4be8ec746ee2/name'
22:14:41.010 [Forwarding getElementTagName on session 717f86f4f08d960882c2c7fa299b4f5f to remote] DEBUG org.asynchttpclient.netty.request.NettyRequestSender - Using open Channel [id: 0x2eb66ab9, L:/127.0.0.1:58068 - R:localhost/127.0.0.1:33610] for GET '/session/717f86f4f08d960882c2c7fa299b4f5f/element/b1be31f8-40f4-4b22-b013-4be8ec746ee2/name'
22:14:41.015 [AsyncHttpClient-1-2] DEBUG org.asynchttpclient.netty.handler.HttpHandler - 

Request DefaultFullHttpRequest(decodeResult: success, version: HTTP/1.1, content: EmptyByteBufBE)
GET /session/717f86f4f08d960882c2c7fa299b4f5f/element/b1be31f8-40f4-4b22-b013-4be8ec746ee2/name HTTP/1.1
User-Agent: selenium/4.8.1 (java windows)
Cache-Control: no-cache
Content-Type: application/json; charset=utf-8
host: localhost:33610
accept: */*

Response DefaultHttpResponse(decodeResult: success, version: HTTP/1.1)
HTTP/1.1 200 OK
Content-Length: 16
Content-Type: application/json; charset=utf-8
cache-control: no-cache

22:14:41.016 [AsyncHttpClient-1-2] DEBUG org.asynchttpclient.netty.channel.ChannelManager - Adding key: http://localhost:33610 for channel [id: 0x2eb66ab9, L:/127.0.0.1:58068 - R:localhost/127.0.0.1:33610]
22:14:41.021 [Forwarding findElement on session 717f86f4f08d960882c2c7fa299b4f5f to remote] DEBUG org.asynchttpclient.netty.request.NettyRequestSender - Using pooled Channel '[id: 0x2eb66ab9, L:/127.0.0.1:58068 - R:localhost/127.0.0.1:33610]' for 'POST' to 'http://localhost:33610/session/717f86f4f08d960882c2c7fa299b4f5f/element'
22:14:41.021 [Forwarding findElement on session 717f86f4f08d960882c2c7fa299b4f5f to remote] DEBUG org.asynchttpclient.netty.request.NettyRequestSender - Using open Channel [id: 0x2eb66ab9, L:/127.0.0.1:58068 - R:localhost/127.0.0.1:33610] for POST '/session/717f86f4f08d960882c2c7fa299b4f5f/element'
22:14:41.036 [AsyncHttpClient-1-2] DEBUG org.asynchttpclient.netty.handler.HttpHandler - 

Request DefaultHttpRequest(decodeResult: success, version: HTTP/1.1)
POST /session/717f86f4f08d960882c2c7fa299b4f5f/element HTTP/1.1
User-Agent: selenium/4.8.1 (java windows)
Content-Length: 69
Content-Type: application/json; charset=utf-8
host: localhost:33610
accept: */*

Response DefaultHttpResponse(decodeResult: success, version: HTTP/1.1)
HTTP/1.1 200 OK
Content-Length: 88
Content-Type: application/json; charset=utf-8
cache-control: no-cache

22:14:41.037 [AsyncHttpClient-1-2] DEBUG org.asynchttpclient.netty.channel.ChannelManager - Adding key: http://localhost:33610 for channel [id: 0x2eb66ab9, L:/127.0.0.1:58068 - R:localhost/127.0.0.1:33610]
22:14:41.039 [Forwarding clickElement on session 717f86f4f08d960882c2c7fa299b4f5f to remote] DEBUG org.asynchttpclient.netty.request.NettyRequestSender - Using pooled Channel '[id: 0x2eb66ab9, L:/127.0.0.1:58068 - R:localhost/127.0.0.1:33610]' for 'POST' to 'http://localhost:33610/session/717f86f4f08d960882c2c7fa299b4f5f/element/b1be31f8-40f4-4b22-b013-4be8ec746ee2/click'
22:14:41.039 [Forwarding clickElement on session 717f86f4f08d960882c2c7fa299b4f5f to remote] DEBUG org.asynchttpclient.netty.request.NettyRequestSender - Using open Channel [id: 0x2eb66ab9, L:/127.0.0.1:58068 - R:localhost/127.0.0.1:33610] for POST '/session/717f86f4f08d960882c2c7fa299b4f5f/element/b1be31f8-40f4-4b22-b013-4be8ec746ee2/click'
22:14:41.143 [AsyncHttpClient-1-2] DEBUG org.asynchttpclient.netty.handler.HttpHandler - 

Request DefaultHttpRequest(decodeResult: success, version: HTTP/1.1)
POST /session/717f86f4f08d960882c2c7fa299b4f5f/element/b1be31f8-40f4-4b22-b013-4be8ec746ee2/click HTTP/1.1
User-Agent: selenium/4.8.1 (java windows)
Content-Length: 50
Content-Type: application/json; charset=utf-8
host: localhost:33610
accept: */*

Response DefaultHttpResponse(decodeResult: success, version: HTTP/1.1)
HTTP/1.1 200 OK
Content-Length: 14
Content-Type: application/json; charset=utf-8
cache-control: no-cache

22:14:41.144 [AsyncHttpClient-1-2] DEBUG org.asynchttpclient.netty.channel.ChannelManager - Adding key: http://localhost:33610 for channel [id: 0x2eb66ab9, L:/127.0.0.1:58068 - R:localhost/127.0.0.1:33610]
22:14:41.160 [main] DEBUG net.thucydides.core.steps.StepInterceptor - STEP DONE: ClickLoginBtn
  &amp#27;[32mAnd &amp#27;[0m&amp#27;[32muser click login button&amp#27;[0m                                           &amp#27;[90m# starter.stepdefinitions.LoginSteps.userClickLoginButton()&amp#27;[0m
22:14:41.284 [main] DEBUG net.thucydides.core.steps.StepInterceptor - STARTING STEP: LoginSteps.userOnProductsPage - onProductPage
22:14:41.295 [Forwarding findElement on session 717f86f4f08d960882c2c7fa299b4f5f to remote] DEBUG org.asynchttpclient.netty.request.NettyRequestSender - Using pooled Channel '[id: 0x2eb66ab9, L:/127.0.0.1:58068 - R:localhost/127.0.0.1:33610]' for 'POST' to 'http://localhost:33610/session/717f86f4f08d960882c2c7fa299b4f5f/element'
22:14:41.295 [Forwarding findElement on session 717f86f4f08d960882c2c7fa299b4f5f to remote] DEBUG org.asynchttpclient.netty.request.NettyRequestSender - Using open Channel [id: 0x2eb66ab9, L:/127.0.0.1:58068 - R:localhost/127.0.0.1:33610] for POST '/session/717f86f4f08d960882c2c7fa299b4f5f/element'
22:14:42.003 [AsyncHttpClient-1-1] DEBUG org.asynchttpclient.netty.channel.DefaultChannelPool - Entry count for : http://localhost:58070 : 1
22:14:42.279 [AsyncHttpClient-1-2] DEBUG org.asynchttpclient.netty.handler.HttpHandler - 

Request DefaultHttpRequest(decodeResult: success, version: HTTP/1.1)
POST /session/717f86f4f08d960882c2c7fa299b4f5f/element HTTP/1.1
User-Agent: selenium/4.8.1 (java windows)
Content-Length: 54
Content-Type: application/json; charset=utf-8
host: localhost:33610
accept: */*

Response DefaultHttpResponse(decodeResult: success, version: HTTP/1.1)
HTTP/1.1 200 OK
Content-Length: 88
Content-Type: application/json; charset=utf-8
cache-control: no-cache

22:14:42.280 [AsyncHttpClient-1-2] DEBUG org.asynchttpclient.netty.channel.ChannelManager - Adding key: http://localhost:33610 for channel [id: 0x2eb66ab9, L:/127.0.0.1:58068 - R:localhost/127.0.0.1:33610]
22:14:42.288 [Forwarding isElementDisplayed on session 717f86f4f08d960882c2c7fa299b4f5f to remote] DEBUG org.asynchttpclient.netty.request.NettyRequestSender - Using pooled Channel '[id: 0x2eb66ab9, L:/127.0.0.1:58068 - R:localhost/127.0.0.1:33610]' for 'POST' to 'http://localhost:33610/session/717f86f4f08d960882c2c7fa299b4f5f/execute/sync'
22:14:42.288 [Forwarding isElementDisplayed on session 717f86f4f08d960882c2c7fa299b4f5f to remote] DEBUG org.asynchttpclient.netty.request.NettyRequestSender - Using open Channel [id: 0x2eb66ab9, L:/127.0.0.1:58068 - R:localhost/127.0.0.1:33610] for POST '/session/717f86f4f08d960882c2c7fa299b4f5f/execute/sync'
22:14:42.306 [AsyncHttpClient-1-2] DEBUG org.asynchttpclient.netty.handler.HttpHandler - 

Request DefaultHttpRequest(decodeResult: success, version: HTTP/1.1)
POST /session/717f86f4f08d960882c2c7fa299b4f5f/execute/sync HTTP/1.1
User-Agent: selenium/4.8.1 (java windows)
Content-Length: 48807
Content-Type: application/json; charset=utf-8
host: localhost:33610
accept: */*

Response DefaultHttpResponse(decodeResult: success, version: HTTP/1.1)
HTTP/1.1 200 OK
Content-Length: 14
Content-Type: application/json; charset=utf-8
cache-control: no-cache

22:14:42.307 [AsyncHttpClient-1-2] DEBUG org.asynchttpclient.netty.channel.ChannelManager - Adding key: http://localhost:33610 for channel [id: 0x2eb66ab9, L:/127.0.0.1:58068 - R:localhost/127.0.0.1:33610]
22:14:42.317 [Forwarding isElementDisplayed on session 717f86f4f08d960882c2c7fa299b4f5f to remote] DEBUG org.asynchttpclient.netty.request.NettyRequestSender - Using pooled Channel '[id: 0x2eb66ab9, L:/127.0.0.1:58068 - R:localhost/127.0.0.1:33610]' for 'POST' to 'http://localhost:33610/session/717f86f4f08d960882c2c7fa299b4f5f/execute/sync'
22:14:42.318 [Forwarding isElementDisplayed on session 717f86f4f08d960882c2c7fa299b4f5f to remote] DEBUG org.asynchttpclient.netty.request.NettyRequestSender - Using open Channel [id: 0x2eb66ab9, L:/127.0.0.1:58068 - R:localhost/127.0.0.1:33610] for POST '/session/717f86f4f08d960882c2c7fa299b4f5f/execute/sync'
22:14:42.334 [AsyncHttpClient-1-2] DEBUG org.asynchttpclient.netty.handler.HttpHandler - 

Request DefaultHttpRequest(decodeResult: success, version: HTTP/1.1)
POST /session/717f86f4f08d960882c2c7fa299b4f5f/execute/sync HTTP/1.1
User-Agent: selenium/4.8.1 (java windows)
Content-Length: 48807
Content-Type: application/json; charset=utf-8
host: localhost:33610
accept: */*

Response DefaultHttpResponse(decodeResult: success, version: HTTP/1.1)
HTTP/1.1 200 OK
Content-Length: 14
Content-Type: application/json; charset=utf-8
cache-control: no-cache

22:14:42.334 [AsyncHttpClient-1-2] DEBUG org.asynchttpclient.netty.channel.ChannelManager - Adding key: http://localhost:33610 for channel [id: 0x2eb66ab9, L:/127.0.0.1:58068 - R:localhost/127.0.0.1:33610]
22:14:42.338 [main] DEBUG net.thucydides.core.steps.StepInterceptor - STEP DONE: onProductPage
  &amp#27;[32mThen &amp#27;[0m&amp#27;[32muser on products page&amp#27;[0m                                            &amp#27;[90m# starter.stepdefinitions.LoginSteps.userOnProductsPage()&amp#27;[0m
22:14:42.349 [main] INFO  - 
  _____   ___   ___   _____     ___     _     ___   ___   ___   ___  
 |_   _| | __| / __| |_   _|   | _ \   /_\   / __| / __| | __| |   \ 
   | |   | _|  \__ \   | |     |  _/  / _ \  \__ \ \__ \ | _|  | |) |
   |_|   |___| |___/   |_|     |_|   /_/ \_\ |___/ |___/ |___| |___/ 

as user i want to input valid to then i can see success login
----------------------------------------------------------------------
22:14:42.600 [AsyncHttpClient-1-4] DEBUG org.asynchttpclient.netty.handler.WebSocketHandler - Channel Closed: [id: 0x211d236b, L:/127.0.0.1:58078 ! R:localhost/127.0.0.1:58070] with attribute NettyResponseFuture{currentRetry=0,
	isDone=1,
	isCancelled=0,
	asyncHandler=org.asynchttpclient.ws.WebSocketUpgradeHandler@15a70da6,
	nettyRequest=org.asynchttpclient.netty.request.NettyRequest@4a68894f,
	future=java.util.concurrent.CompletableFuture@607c61b1[Completed normally],
	uri=ws://localhost:58070/devtools/browser/e1806ca3-c540-41a3-b926-922eb99b3f3a,
	keepAlive=true,
	redirectCount=0,
	timeoutsHolder=null,
	inAuth=0,
	touch=1682435678622}
22:14:42.601 [AsyncHttpClient-1-4] DEBUG org.asynchttpclient.netty.channel.ChannelManager - Closing Channel [id: 0x211d236b, L:/127.0.0.1:58078 ! R:localhost/127.0.0.1:58070] 
22:14:42.667 [Driver Command Executor] DEBUG org.asynchttpclient.netty.request.NettyRequestSender - Using pooled Channel '[id: 0x2eb66ab9, L:/127.0.0.1:58068 - R:localhost/127.0.0.1:33610]' for 'DELETE' to 'http://localhost:33610/session/717f86f4f08d960882c2c7fa299b4f5f'
22:14:42.668 [Driver Command Executor] DEBUG org.asynchttpclient.netty.request.NettyRequestSender - Using open Channel [id: 0x2eb66ab9, L:/127.0.0.1:58068 - R:localhost/127.0.0.1:33610] for DELETE '/session/717f86f4f08d960882c2c7fa299b4f5f'
22:14:43.181 [AsyncHttpClient-1-1] DEBUG org.asynchttpclient.netty.channel.DefaultChannelPool - Entry count for : http://localhost:58070 : 1
22:14:44.370 [AsyncHttpClient-1-1] DEBUG org.asynchttpclient.netty.channel.DefaultChannelPool - Entry count for : http://localhost:58070 : 1
22:14:44.991 [AsyncHttpClient-1-3] DEBUG org.asynchttpclient.netty.handler.HttpHandler - Unexpected I/O exception on channel [id: 0x2173ce65, L:/127.0.0.1:58077 - R:localhost/127.0.0.1:58070]
java.io.IOException: An existing connection was forcibly closed by the remote host
	at sun.nio.ch.SocketDispatcher.read0(Native Method)
	at sun.nio.ch.SocketDispatcher.read(SocketDispatcher.java:43)
	at sun.nio.ch.IOUtil.readIntoNativeBuffer(IOUtil.java:223)
	at sun.nio.ch.IOUtil.read(IOUtil.java:192)
	at sun.nio.ch.SocketChannelImpl.read(SocketChannelImpl.java:380)
	at io.netty.buffer.PooledByteBuf.setBytes(PooledByteBuf.java:259)
	at io.netty.buffer.AbstractByteBuf.writeBytes(AbstractByteBuf.java:1132)
	at io.netty.channel.socket.nio.NioSocketChannel.doReadBytes(NioSocketChannel.java:357)
	at io.netty.channel.nio.AbstractNioByteChannel$NioByteUnsafe.read(AbstractNioByteChannel.java:151)
	at io.netty.channel.nio.NioEventLoop.processSelectedKey(NioEventLoop.java:788)
	at io.netty.channel.nio.NioEventLoop.processSelectedKeysOptimized(NioEventLoop.java:724)
	at io.netty.channel.nio.NioEventLoop.processSelectedKeys(NioEventLoop.java:650)
	at io.netty.channel.nio.NioEventLoop.run(NioEventLoop.java:562)
	at io.netty.util.concurrent.SingleThreadEventExecutor$4.run(SingleThreadEventExecutor.java:997)
	at io.netty.util.internal.ThreadExecutorMap$2.run(ThreadExecutorMap.java:74)
	at io.netty.util.concurrent.FastThreadLocalRunnable.run(FastThreadLocalRunnable.java:30)
	at java.lang.Thread.run(Thread.java:748)
22:14:44.992 [AsyncHttpClient-1-3] DEBUG org.asynchttpclient.netty.channel.ChannelManager - Closing Channel [id: 0x2173ce65, L:/127.0.0.1:58077 - R:localhost/127.0.0.1:58070] 
22:14:44.994 [AsyncHttpClient-1-3] DEBUG org.asynchttpclient.netty.handler.HttpHandler - Channel Closed: [id: 0x2173ce65, L:/127.0.0.1:58077 ! R:localhost/127.0.0.1:58070] with attribute DISCARD
22:14:45.018 [AsyncHttpClient-1-2] DEBUG org.asynchttpclient.netty.handler.HttpHandler - 

Request DefaultFullHttpRequest(decodeResult: success, version: HTTP/1.1, content: EmptyByteBufBE)
DELETE /session/717f86f4f08d960882c2c7fa299b4f5f HTTP/1.1
User-Agent: selenium/4.8.1 (java windows)
Content-Type: application/json; charset=utf-8
host: localhost:33610
accept: */*

Response DefaultHttpResponse(decodeResult: success, version: HTTP/1.1)
HTTP/1.1 200 OK
Content-Length: 14
Content-Type: application/json; charset=utf-8
cache-control: no-cache

22:14:45.018 [AsyncHttpClient-1-2] DEBUG org.asynchttpclient.netty.channel.ChannelManager - Adding key: http://localhost:33610 for channel [id: 0x2eb66ab9, L:/127.0.0.1:58068 - R:localhost/127.0.0.1:33610]
22:14:45.392 [AsyncHttpClient-1-1] DEBUG org.asynchttpclient.netty.channel.DefaultChannelPool - Entry count for : http://localhost:33610 : 1
22:14:45.392 [AsyncHttpClient-1-1] DEBUG org.asynchttpclient.netty.channel.DefaultChannelPool - Entry count for : http://localhost:58070 : 1
22:14:45.392 [AsyncHttpClient-1-1] DEBUG org.asynchttpclient.netty.channel.DefaultChannelPool - Adding Candidate expired Channel [id: 0x2173ce65, L:/127.0.0.1:58077 ! R:localhost/127.0.0.1:58070] isIdleTimeoutExpired=false isRemotelyClosed=true isTtlExpired=false
22:14:45.392 [AsyncHttpClient-1-1] DEBUG org.asynchttpclient.netty.channel.DefaultChannelPool - Closing Idle Channel [id: 0x2173ce65, L:/127.0.0.1:58077 ! R:localhost/127.0.0.1:58070]
22:14:45.392 [AsyncHttpClient-1-1] DEBUG org.asynchttpclient.netty.channel.DefaultChannelPool - Closed 1 connections out of 2 in 0 ms
22:14:45.676 [AsyncHttpClient-1-2] DEBUG org.asynchttpclient.netty.handler.HttpHandler - Channel Closed: [id: 0x2eb66ab9, L:/127.0.0.1:58068 ! R:localhost/127.0.0.1:33610] with attribute DISCARD
]]></system-out>
    <system-err><![CDATA[Starting ChromeDriver 112.0.5615.49 (bd2a7bcb881c11e8cfe3078709382934e3916914-refs/branch-heads/5615@{#936}) on port 33610
Only local connections are allowed.
Please see https://chromedriver.chromium.org/security-considerations for suggestions on keeping ChromeDriver safe.
ChromeDriver was started successfully.
Apr 25, 2023 10:14:38 PM org.openqa.selenium.devtools.CdpVersionFinder findNearestMatch
WARNING: Unable to find an exact match for CDP version 112, so returning the closest version found: 110
]]></system-err>
  </testcase>
</testsuite>