<?xml version="1.0" encoding="UTF-8" standalone="no"?><testsuite errors="0" failures="0" name="As a user i have be able to success register so that i can see login page" skipped="0" tests="5" time="35.77" timestamp="2023-05-08 02:49:09"><testcase name="as user i want to register with correct values"/><testcase name="as user i want to register with using existing email"/><testcase name="as user i want to register with empty complete name value"/><testcase name="as user i want to register with empty email value"/><testcase name="as user i want to register with empty password value"/></testsuite>